[2022-06-17 10:05:43,285] {taskinstance.py:1159} INFO - Dependencies all met for <TaskInstance: dags_new_version.is_api_available manual__2022-06-17T10:05:26.760057+00:00 [queued]>
[2022-06-17 10:05:43,563] {taskinstance.py:1159} INFO - Dependencies all met for <TaskInstance: dags_new_version.is_api_available manual__2022-06-17T10:05:26.760057+00:00 [queued]>
[2022-06-17 10:05:43,574] {taskinstance.py:1356} INFO - 
--------------------------------------------------------------------------------
[2022-06-17 10:05:43,578] {taskinstance.py:1357} INFO - Starting attempt 1 of 2
[2022-06-17 10:05:43,580] {taskinstance.py:1358} INFO - 
--------------------------------------------------------------------------------
[2022-06-17 10:05:44,165] {taskinstance.py:1377} INFO - Executing <Task(HttpSensor): is_api_available> on 2022-06-17 10:05:26.760057+00:00
[2022-06-17 10:05:44,195] {standard_task_runner.py:52} INFO - Started process 6232 to run task
[2022-06-17 10:05:44,244] {standard_task_runner.py:79} INFO - Running: ['***', 'tasks', 'run', 'dags_new_version', 'is_api_available', 'manual__2022-06-17T10:05:26.760057+00:00', '--job-id', '149', '--raw', '--subdir', 'DAGS_FOLDER/user.py', '--cfg-path', '/tmp/tmpkc5zekhs', '--error-file', '/tmp/tmpiu4hk7d_']
[2022-06-17 10:05:44,250] {standard_task_runner.py:80} INFO - Job 149: Subtask is_api_available
[2022-06-17 10:05:45,448] {task_command.py:370} INFO - Running <TaskInstance: dags_new_version.is_api_available manual__2022-06-17T10:05:26.760057+00:00 [running]> on host adccabfb4a32
[2022-06-17 10:05:47,982] {taskinstance.py:1571} INFO - Exporting the following env vars:
AIRFLOW_CTX_DAG_OWNER=***
AIRFLOW_CTX_DAG_ID=dags_new_version
AIRFLOW_CTX_TASK_ID=is_api_available
AIRFLOW_CTX_EXECUTION_DATE=2022-06-17T10:05:26.760057+00:00
AIRFLOW_CTX_TRY_NUMBER=1
AIRFLOW_CTX_DAG_RUN_ID=manual__2022-06-17T10:05:26.760057+00:00
[2022-06-17 10:05:48,005] {http.py:97} INFO - Poking: api/
[2022-06-17 10:05:48,198] {base.py:68} INFO - Using connection ID 'user_api' for task execution.
[2022-06-17 10:05:48,225] {http.py:129} INFO - Sending 'GET' to url: https://randomuser.me/api/
[2022-06-17 10:05:50,070] {base.py:301} INFO - Success criteria met. Exiting.
[2022-06-17 10:05:50,566] {taskinstance.py:1400} INFO - Marking task as SUCCESS. dag_id=dags_new_version, task_id=is_api_available, execution_date=20220617T100526, start_date=20220617T100543, end_date=20220617T100550
[2022-06-17 10:05:51,134] {local_task_job.py:156} INFO - Task exited with return code 0
[2022-06-17 10:05:54,733] {local_task_job.py:273} INFO - 1 downstream tasks scheduled from follow-on schedule check
