[2022-06-17 09:39:36,081] {taskinstance.py:1159} INFO - Dependencies all met for <TaskInstance: dags_new_version.create_table manual__2022-06-17T09:39:31.361835+00:00 [queued]>
[2022-06-17 09:39:36,152] {taskinstance.py:1159} INFO - Dependencies all met for <TaskInstance: dags_new_version.create_table manual__2022-06-17T09:39:31.361835+00:00 [queued]>
[2022-06-17 09:39:36,154] {taskinstance.py:1356} INFO - 
--------------------------------------------------------------------------------
[2022-06-17 09:39:36,164] {taskinstance.py:1357} INFO - Starting attempt 1 of 2
[2022-06-17 09:39:36,171] {taskinstance.py:1358} INFO - 
--------------------------------------------------------------------------------
[2022-06-17 09:39:36,242] {taskinstance.py:1377} INFO - Executing <Task(PostgresOperator): create_table> on 2022-06-17 09:39:31.361835+00:00
[2022-06-17 09:39:36,272] {standard_task_runner.py:52} INFO - Started process 5193 to run task
[2022-06-17 09:39:36,334] {standard_task_runner.py:79} INFO - Running: ['***', 'tasks', 'run', 'dags_new_version', 'create_table', 'manual__2022-06-17T09:39:31.361835+00:00', '--job-id', '129', '--raw', '--subdir', 'DAGS_FOLDER/user.py', '--cfg-path', '/tmp/tmpce2fb05b', '--error-file', '/tmp/tmp3r95_o0b']
[2022-06-17 09:39:36,367] {standard_task_runner.py:80} INFO - Job 129: Subtask create_table
[2022-06-17 09:39:37,294] {task_command.py:370} INFO - Running <TaskInstance: dags_new_version.create_table manual__2022-06-17T09:39:31.361835+00:00 [running]> on host adccabfb4a32
[2022-06-17 09:39:40,724] {taskinstance.py:1571} INFO - Exporting the following env vars:
AIRFLOW_CTX_DAG_OWNER=***
AIRFLOW_CTX_DAG_ID=dags_new_version
AIRFLOW_CTX_TASK_ID=create_table
AIRFLOW_CTX_EXECUTION_DATE=2022-06-17T09:39:31.361835+00:00
AIRFLOW_CTX_TRY_NUMBER=1
AIRFLOW_CTX_DAG_RUN_ID=manual__2022-06-17T09:39:31.361835+00:00
[2022-06-17 09:39:41,518] {base.py:68} INFO - Using connection ID 'postgre_sql' for task execution.
[2022-06-17 09:39:41,729] {dbapi.py:213} INFO - Running statement: 
        DROP TABLE IF EXISTS z1_user;
        CREATE TABLE z1_user(
            user_id SERIAL PRIMARY KEY,
            firstname VARCHAR(255),
            lastname VARCHAR(255),
            country VARCHAR(255),
            username VARCHAR(255),
            password VARCHAR(255),
            email VARCHAR(255)
        )
        , parameters: None
[2022-06-17 09:39:41,974] {taskinstance.py:1400} INFO - Marking task as SUCCESS. dag_id=dags_new_version, task_id=create_table, execution_date=20220617T093931, start_date=20220617T093936, end_date=20220617T093941
[2022-06-17 09:39:42,167] {local_task_job.py:156} INFO - Task exited with return code 0
[2022-06-17 09:39:42,375] {local_task_job.py:273} INFO - 1 downstream tasks scheduled from follow-on schedule check
