[2022-06-20 01:38:28,860] {processor.py:153} INFO - Started process (PID=18341) to work on /home/airflow/.local/lib/python3.7/site-packages/airflow/example_dags/example_latest_only.py
[2022-06-20 01:38:29,076] {processor.py:641} INFO - Processing file /home/airflow/.local/lib/python3.7/site-packages/airflow/example_dags/example_latest_only.py for tasks to queue
[2022-06-20 01:38:29,128] {logging_mixin.py:115} INFO - [2022-06-20 01:38:29,127] {dagbag.py:507} INFO - Filling up the DagBag from /home/airflow/.local/lib/python3.7/site-packages/airflow/example_dags/example_latest_only.py
[2022-06-20 01:38:29,938] {processor.py:651} INFO - DAG(s) dict_keys(['latest_only']) retrieved from /home/airflow/.local/lib/python3.7/site-packages/airflow/example_dags/example_latest_only.py
[2022-06-20 01:38:31,978] {logging_mixin.py:115} INFO - [2022-06-20 01:38:31,978] {dag.py:2379} INFO - Sync 1 DAGs
[2022-06-20 01:38:38,705] {logging_mixin.py:115} INFO - [2022-06-20 01:38:38,705] {dag.py:2931} INFO - Setting next_dagrun for latest_only to 2022-06-19T21:38:38.704351+00:00, run_after=2022-06-20T01:38:38.704351+00:00
[2022-06-20 01:39:00,471] {processor.py:161} INFO - Processing /home/airflow/.local/lib/python3.7/site-packages/airflow/example_dags/example_latest_only.py took 31.811 seconds
[2022-06-20 06:29:50,163] {processor.py:153} INFO - Started process (PID=72) to work on /home/airflow/.local/lib/python3.7/site-packages/airflow/example_dags/example_latest_only.py
[2022-06-20 06:29:50,168] {processor.py:641} INFO - Processing file /home/airflow/.local/lib/python3.7/site-packages/airflow/example_dags/example_latest_only.py for tasks to queue
[2022-06-20 06:29:50,173] {logging_mixin.py:115} INFO - [2022-06-20 06:29:50,173] {dagbag.py:507} INFO - Filling up the DagBag from /home/airflow/.local/lib/python3.7/site-packages/airflow/example_dags/example_latest_only.py
[2022-06-20 06:29:50,261] {processor.py:651} INFO - DAG(s) dict_keys(['latest_only']) retrieved from /home/airflow/.local/lib/python3.7/site-packages/airflow/example_dags/example_latest_only.py
[2022-06-20 06:29:50,590] {logging_mixin.py:115} INFO - [2022-06-20 06:29:50,557] {dag.py:2379} INFO - Sync 1 DAGs
[2022-06-20 06:29:50,998] {logging_mixin.py:115} INFO - [2022-06-20 06:29:50,993] {dag.py:2931} INFO - Setting next_dagrun for latest_only to 2022-06-20T02:29:50.993387+00:00, run_after=2022-06-20T06:29:50.993387+00:00
[2022-06-20 06:29:51,106] {processor.py:161} INFO - Processing /home/airflow/.local/lib/python3.7/site-packages/airflow/example_dags/example_latest_only.py took 0.973 seconds
[2022-06-20 06:32:11,191] {processor.py:153} INFO - Started process (PID=54) to work on /home/airflow/.local/lib/python3.7/site-packages/airflow/example_dags/example_latest_only.py
[2022-06-20 06:32:11,205] {processor.py:641} INFO - Processing file /home/airflow/.local/lib/python3.7/site-packages/airflow/example_dags/example_latest_only.py for tasks to queue
[2022-06-20 06:32:11,215] {logging_mixin.py:115} INFO - [2022-06-20 06:32:11,214] {dagbag.py:507} INFO - Filling up the DagBag from /home/airflow/.local/lib/python3.7/site-packages/airflow/example_dags/example_latest_only.py
[2022-06-20 06:32:11,269] {processor.py:651} INFO - DAG(s) dict_keys(['latest_only']) retrieved from /home/airflow/.local/lib/python3.7/site-packages/airflow/example_dags/example_latest_only.py
[2022-06-20 06:32:11,528] {logging_mixin.py:115} INFO - [2022-06-20 06:32:11,528] {dag.py:2379} INFO - Sync 1 DAGs
[2022-06-20 06:32:11,705] {logging_mixin.py:115} INFO - [2022-06-20 06:32:11,705] {dag.py:2931} INFO - Setting next_dagrun for latest_only to 2022-06-20T02:32:11.704701+00:00, run_after=2022-06-20T06:32:11.704701+00:00
[2022-06-20 06:32:11,788] {processor.py:161} INFO - Processing /home/airflow/.local/lib/python3.7/site-packages/airflow/example_dags/example_latest_only.py took 0.630 seconds
