[2022-06-20 01:39:59,492] {processor.py:153} INFO - Started process (PID=18381) to work on /home/airflow/.local/lib/python3.7/site-packages/airflow/example_dags/example_xcomargs.py
[2022-06-20 01:39:59,540] {processor.py:641} INFO - Processing file /home/airflow/.local/lib/python3.7/site-packages/airflow/example_dags/example_xcomargs.py for tasks to queue
[2022-06-20 01:39:59,576] {logging_mixin.py:115} INFO - [2022-06-20 01:39:59,576] {dagbag.py:507} INFO - Filling up the DagBag from /home/airflow/.local/lib/python3.7/site-packages/airflow/example_dags/example_xcomargs.py
[2022-06-20 01:40:01,901] {processor.py:651} INFO - DAG(s) dict_keys(['example_xcom_args', 'example_xcom_args_with_operators']) retrieved from /home/airflow/.local/lib/python3.7/site-packages/airflow/example_dags/example_xcomargs.py
[2022-06-20 01:40:22,643] {logging_mixin.py:115} INFO - [2022-06-20 01:40:22,445] {dag.py:2379} INFO - Sync 2 DAGs
[2022-06-20 01:40:26,171] {logging_mixin.py:115} INFO - [2022-06-20 01:40:26,171] {dag.py:2931} INFO - Setting next_dagrun for example_xcom_args to None, run_after=None
[2022-06-20 01:40:26,174] {logging_mixin.py:115} INFO - [2022-06-20 01:40:26,174] {dag.py:2931} INFO - Setting next_dagrun for example_xcom_args_with_operators to None, run_after=None
[2022-06-20 06:29:53,674] {processor.py:153} INFO - Started process (PID=75) to work on /home/airflow/.local/lib/python3.7/site-packages/airflow/example_dags/example_xcomargs.py
[2022-06-20 06:29:53,691] {processor.py:641} INFO - Processing file /home/airflow/.local/lib/python3.7/site-packages/airflow/example_dags/example_xcomargs.py for tasks to queue
[2022-06-20 06:29:53,703] {logging_mixin.py:115} INFO - [2022-06-20 06:29:53,703] {dagbag.py:507} INFO - Filling up the DagBag from /home/airflow/.local/lib/python3.7/site-packages/airflow/example_dags/example_xcomargs.py
[2022-06-20 06:29:54,531] {processor.py:651} INFO - DAG(s) dict_keys(['example_xcom_args', 'example_xcom_args_with_operators']) retrieved from /home/airflow/.local/lib/python3.7/site-packages/airflow/example_dags/example_xcomargs.py
[2022-06-20 06:29:55,488] {logging_mixin.py:115} INFO - [2022-06-20 06:29:55,488] {dag.py:2379} INFO - Sync 2 DAGs
[2022-06-20 06:29:55,798] {logging_mixin.py:115} INFO - [2022-06-20 06:29:55,798] {dag.py:2931} INFO - Setting next_dagrun for example_xcom_args to None, run_after=None
[2022-06-20 06:29:55,817] {logging_mixin.py:115} INFO - [2022-06-20 06:29:55,809] {dag.py:2931} INFO - Setting next_dagrun for example_xcom_args_with_operators to None, run_after=None
[2022-06-20 06:29:56,033] {processor.py:161} INFO - Processing /home/airflow/.local/lib/python3.7/site-packages/airflow/example_dags/example_xcomargs.py took 2.465 seconds
[2022-06-20 06:32:13,363] {processor.py:153} INFO - Started process (PID=57) to work on /home/airflow/.local/lib/python3.7/site-packages/airflow/example_dags/example_xcomargs.py
[2022-06-20 06:32:13,368] {processor.py:641} INFO - Processing file /home/airflow/.local/lib/python3.7/site-packages/airflow/example_dags/example_xcomargs.py for tasks to queue
[2022-06-20 06:32:13,374] {logging_mixin.py:115} INFO - [2022-06-20 06:32:13,374] {dagbag.py:507} INFO - Filling up the DagBag from /home/airflow/.local/lib/python3.7/site-packages/airflow/example_dags/example_xcomargs.py
[2022-06-20 06:32:13,615] {processor.py:651} INFO - DAG(s) dict_keys(['example_xcom_args', 'example_xcom_args_with_operators']) retrieved from /home/airflow/.local/lib/python3.7/site-packages/airflow/example_dags/example_xcomargs.py
[2022-06-20 06:32:14,560] {logging_mixin.py:115} INFO - [2022-06-20 06:32:14,560] {dag.py:2379} INFO - Sync 2 DAGs
[2022-06-20 06:32:14,850] {logging_mixin.py:115} INFO - [2022-06-20 06:32:14,849] {dag.py:2931} INFO - Setting next_dagrun for example_xcom_args to None, run_after=None
[2022-06-20 06:32:14,858] {logging_mixin.py:115} INFO - [2022-06-20 06:32:14,858] {dag.py:2931} INFO - Setting next_dagrun for example_xcom_args_with_operators to None, run_after=None
[2022-06-20 06:32:14,987] {processor.py:161} INFO - Processing /home/airflow/.local/lib/python3.7/site-packages/airflow/example_dags/example_xcomargs.py took 1.662 seconds
