[2022-06-20 01:39:29,192] {processor.py:153} INFO - Started process (PID=18363) to work on /home/airflow/.local/lib/python3.7/site-packages/airflow/example_dags/example_time_delta_sensor_async.py
[2022-06-20 01:39:29,858] {processor.py:641} INFO - Processing file /home/airflow/.local/lib/python3.7/site-packages/airflow/example_dags/example_time_delta_sensor_async.py for tasks to queue
[2022-06-20 01:39:30,417] {logging_mixin.py:115} INFO - [2022-06-20 01:39:30,416] {dagbag.py:507} INFO - Filling up the DagBag from /home/airflow/.local/lib/python3.7/site-packages/airflow/example_dags/example_time_delta_sensor_async.py
[2022-06-20 01:39:33,719] {processor.py:651} INFO - DAG(s) dict_keys(['example_time_delta_sensor_async']) retrieved from /home/airflow/.local/lib/python3.7/site-packages/airflow/example_dags/example_time_delta_sensor_async.py
[2022-06-20 01:39:52,812] {logging_mixin.py:115} INFO - [2022-06-20 01:39:52,812] {dag.py:2379} INFO - Sync 1 DAGs
[2022-06-20 01:39:55,390] {logging_mixin.py:115} INFO - [2022-06-20 01:39:55,390] {dag.py:2931} INFO - Setting next_dagrun for example_time_delta_sensor_async to None, run_after=None
[2022-06-20 01:39:56,869] {processor.py:161} INFO - Processing /home/airflow/.local/lib/python3.7/site-packages/airflow/example_dags/example_time_delta_sensor_async.py took 28.638 seconds
[2022-06-20 06:29:51,390] {processor.py:153} INFO - Started process (PID=73) to work on /home/airflow/.local/lib/python3.7/site-packages/airflow/example_dags/example_time_delta_sensor_async.py
[2022-06-20 06:29:51,393] {processor.py:641} INFO - Processing file /home/airflow/.local/lib/python3.7/site-packages/airflow/example_dags/example_time_delta_sensor_async.py for tasks to queue
[2022-06-20 06:29:51,397] {logging_mixin.py:115} INFO - [2022-06-20 06:29:51,395] {dagbag.py:507} INFO - Filling up the DagBag from /home/airflow/.local/lib/python3.7/site-packages/airflow/example_dags/example_time_delta_sensor_async.py
[2022-06-20 06:29:51,461] {processor.py:651} INFO - DAG(s) dict_keys(['example_time_delta_sensor_async']) retrieved from /home/airflow/.local/lib/python3.7/site-packages/airflow/example_dags/example_time_delta_sensor_async.py
[2022-06-20 06:29:52,254] {logging_mixin.py:115} INFO - [2022-06-20 06:29:52,254] {dag.py:2379} INFO - Sync 1 DAGs
[2022-06-20 06:29:52,890] {logging_mixin.py:115} INFO - [2022-06-20 06:29:52,890] {dag.py:2931} INFO - Setting next_dagrun for example_time_delta_sensor_async to None, run_after=None
[2022-06-20 06:29:53,027] {processor.py:161} INFO - Processing /home/airflow/.local/lib/python3.7/site-packages/airflow/example_dags/example_time_delta_sensor_async.py took 1.748 seconds
[2022-06-20 06:32:11,928] {processor.py:153} INFO - Started process (PID=55) to work on /home/airflow/.local/lib/python3.7/site-packages/airflow/example_dags/example_time_delta_sensor_async.py
[2022-06-20 06:32:11,952] {processor.py:641} INFO - Processing file /home/airflow/.local/lib/python3.7/site-packages/airflow/example_dags/example_time_delta_sensor_async.py for tasks to queue
[2022-06-20 06:32:11,959] {logging_mixin.py:115} INFO - [2022-06-20 06:32:11,958] {dagbag.py:507} INFO - Filling up the DagBag from /home/airflow/.local/lib/python3.7/site-packages/airflow/example_dags/example_time_delta_sensor_async.py
[2022-06-20 06:32:12,019] {processor.py:651} INFO - DAG(s) dict_keys(['example_time_delta_sensor_async']) retrieved from /home/airflow/.local/lib/python3.7/site-packages/airflow/example_dags/example_time_delta_sensor_async.py
[2022-06-20 06:32:12,534] {logging_mixin.py:115} INFO - [2022-06-20 06:32:12,534] {dag.py:2379} INFO - Sync 1 DAGs
[2022-06-20 06:32:12,837] {logging_mixin.py:115} INFO - [2022-06-20 06:32:12,837] {dag.py:2931} INFO - Setting next_dagrun for example_time_delta_sensor_async to None, run_after=None
[2022-06-20 06:32:13,140] {processor.py:161} INFO - Processing /home/airflow/.local/lib/python3.7/site-packages/airflow/example_dags/example_time_delta_sensor_async.py took 1.236 seconds
