[2022-06-20 01:38:26,941] {processor.py:153} INFO - Started process (PID=18338) to work on /home/airflow/.local/lib/python3.7/site-packages/airflow/example_dags/example_kubernetes_executor.py
[2022-06-20 01:38:27,121] {processor.py:641} INFO - Processing file /home/airflow/.local/lib/python3.7/site-packages/airflow/example_dags/example_kubernetes_executor.py for tasks to queue
[2022-06-20 01:38:27,277] {logging_mixin.py:115} INFO - [2022-06-20 01:38:27,186] {dagbag.py:507} INFO - Filling up the DagBag from /home/airflow/.local/lib/python3.7/site-packages/airflow/example_dags/example_kubernetes_executor.py
[2022-06-20 01:38:31,437] {processor.py:651} INFO - DAG(s) dict_keys(['example_kubernetes_executor']) retrieved from /home/airflow/.local/lib/python3.7/site-packages/airflow/example_dags/example_kubernetes_executor.py
[2022-06-20 01:38:38,911] {logging_mixin.py:115} INFO - [2022-06-20 01:38:38,910] {dag.py:2379} INFO - Sync 1 DAGs
[2022-06-20 01:39:08,987] {logging_mixin.py:115} INFO - [2022-06-20 01:39:06,810] {dag.py:2931} INFO - Setting next_dagrun for example_kubernetes_executor to None, run_after=None
[2022-06-20 06:29:48,458] {processor.py:153} INFO - Started process (PID=71) to work on /home/airflow/.local/lib/python3.7/site-packages/airflow/example_dags/example_kubernetes_executor.py
[2022-06-20 06:29:48,476] {processor.py:641} INFO - Processing file /home/airflow/.local/lib/python3.7/site-packages/airflow/example_dags/example_kubernetes_executor.py for tasks to queue
[2022-06-20 06:29:48,497] {logging_mixin.py:115} INFO - [2022-06-20 06:29:48,495] {dagbag.py:507} INFO - Filling up the DagBag from /home/airflow/.local/lib/python3.7/site-packages/airflow/example_dags/example_kubernetes_executor.py
[2022-06-20 06:29:49,044] {processor.py:651} INFO - DAG(s) dict_keys(['example_kubernetes_executor']) retrieved from /home/airflow/.local/lib/python3.7/site-packages/airflow/example_dags/example_kubernetes_executor.py
[2022-06-20 06:29:49,535] {logging_mixin.py:115} INFO - [2022-06-20 06:29:49,507] {dag.py:2379} INFO - Sync 1 DAGs
[2022-06-20 06:29:49,803] {logging_mixin.py:115} INFO - [2022-06-20 06:29:49,803] {dag.py:2931} INFO - Setting next_dagrun for example_kubernetes_executor to None, run_after=None
[2022-06-20 06:29:49,980] {processor.py:161} INFO - Processing /home/airflow/.local/lib/python3.7/site-packages/airflow/example_dags/example_kubernetes_executor.py took 1.562 seconds
[2022-06-20 06:30:20,280] {processor.py:153} INFO - Started process (PID=116) to work on /home/airflow/.local/lib/python3.7/site-packages/airflow/example_dags/example_kubernetes_executor.py
[2022-06-20 06:30:20,283] {processor.py:641} INFO - Processing file /home/airflow/.local/lib/python3.7/site-packages/airflow/example_dags/example_kubernetes_executor.py for tasks to queue
[2022-06-20 06:30:20,285] {logging_mixin.py:115} INFO - [2022-06-20 06:30:20,285] {dagbag.py:507} INFO - Filling up the DagBag from /home/airflow/.local/lib/python3.7/site-packages/airflow/example_dags/example_kubernetes_executor.py
[2022-06-20 06:30:20,366] {processor.py:651} INFO - DAG(s) dict_keys(['example_kubernetes_executor']) retrieved from /home/airflow/.local/lib/python3.7/site-packages/airflow/example_dags/example_kubernetes_executor.py
[2022-06-20 06:30:20,437] {logging_mixin.py:115} INFO - [2022-06-20 06:30:20,437] {dag.py:2379} INFO - Sync 1 DAGs
[2022-06-20 06:30:20,482] {logging_mixin.py:115} INFO - [2022-06-20 06:30:20,482] {dag.py:2931} INFO - Setting next_dagrun for example_kubernetes_executor to None, run_after=None
[2022-06-20 06:30:20,506] {processor.py:161} INFO - Processing /home/airflow/.local/lib/python3.7/site-packages/airflow/example_dags/example_kubernetes_executor.py took 0.232 seconds
[2022-06-20 06:32:10,426] {processor.py:153} INFO - Started process (PID=53) to work on /home/airflow/.local/lib/python3.7/site-packages/airflow/example_dags/example_kubernetes_executor.py
[2022-06-20 06:32:10,437] {processor.py:641} INFO - Processing file /home/airflow/.local/lib/python3.7/site-packages/airflow/example_dags/example_kubernetes_executor.py for tasks to queue
[2022-06-20 06:32:10,447] {logging_mixin.py:115} INFO - [2022-06-20 06:32:10,445] {dagbag.py:507} INFO - Filling up the DagBag from /home/airflow/.local/lib/python3.7/site-packages/airflow/example_dags/example_kubernetes_executor.py
[2022-06-20 06:32:10,633] {processor.py:651} INFO - DAG(s) dict_keys(['example_kubernetes_executor']) retrieved from /home/airflow/.local/lib/python3.7/site-packages/airflow/example_dags/example_kubernetes_executor.py
[2022-06-20 06:32:10,779] {logging_mixin.py:115} INFO - [2022-06-20 06:32:10,778] {dag.py:2379} INFO - Sync 1 DAGs
[2022-06-20 06:32:10,953] {logging_mixin.py:115} INFO - [2022-06-20 06:32:10,953] {dag.py:2931} INFO - Setting next_dagrun for example_kubernetes_executor to None, run_after=None
[2022-06-20 06:32:11,040] {processor.py:161} INFO - Processing /home/airflow/.local/lib/python3.7/site-packages/airflow/example_dags/example_kubernetes_executor.py took 0.640 seconds
