[2022-06-12 04:18:20,660] {taskinstance.py:1159} INFO - Dependencies all met for <TaskInstance: my_dag.training_model_C scheduled__2022-06-11T00:00:00+00:00 [queued]>
[2022-06-12 04:18:20,723] {taskinstance.py:1159} INFO - Dependencies all met for <TaskInstance: my_dag.training_model_C scheduled__2022-06-11T00:00:00+00:00 [queued]>
[2022-06-12 04:18:20,740] {taskinstance.py:1356} INFO - 
--------------------------------------------------------------------------------
[2022-06-12 04:18:20,751] {taskinstance.py:1357} INFO - Starting attempt 1 of 1
[2022-06-12 04:18:20,766] {taskinstance.py:1358} INFO - 
--------------------------------------------------------------------------------
[2022-06-12 04:18:21,023] {taskinstance.py:1377} INFO - Executing <Task(PythonOperator): training_model_C> on 2022-06-11 00:00:00+00:00
[2022-06-12 04:18:21,032] {standard_task_runner.py:52} INFO - Started process 3268 to run task
[2022-06-12 04:18:21,053] {standard_task_runner.py:79} INFO - Running: ['***', 'tasks', 'run', 'my_dag', 'training_model_C', 'scheduled__2022-06-11T00:00:00+00:00', '--job-id', '9', '--raw', '--subdir', 'DAGS_FOLDER/my_dags.py', '--cfg-path', '/tmp/tmpadd9g0n8', '--error-file', '/tmp/tmpcoyv7jtj']
[2022-06-12 04:18:21,055] {standard_task_runner.py:80} INFO - Job 9: Subtask training_model_C
[2022-06-12 04:18:21,221] {task_command.py:370} INFO - Running <TaskInstance: my_dag.training_model_C scheduled__2022-06-11T00:00:00+00:00 [running]> on host f95f507e9417
[2022-06-12 04:18:21,952] {taskinstance.py:1571} INFO - Exporting the following env vars:
AIRFLOW_CTX_DAG_OWNER=***
AIRFLOW_CTX_DAG_ID=my_dag
AIRFLOW_CTX_TASK_ID=training_model_C
AIRFLOW_CTX_EXECUTION_DATE=2022-06-11T00:00:00+00:00
AIRFLOW_CTX_TRY_NUMBER=1
AIRFLOW_CTX_DAG_RUN_ID=scheduled__2022-06-11T00:00:00+00:00
[2022-06-12 04:18:21,986] {python.py:173} INFO - Done. Returned value was: 5
[2022-06-12 04:18:22,079] {taskinstance.py:1400} INFO - Marking task as SUCCESS. dag_id=my_dag, task_id=training_model_C, execution_date=20220611T000000, start_date=20220612T041820, end_date=20220612T041822
[2022-06-12 04:18:22,225] {local_task_job.py:156} INFO - Task exited with return code 0
[2022-06-12 04:18:22,383] {local_task_job.py:273} INFO - 1 downstream tasks scheduled from follow-on schedule check
