[2022-06-20 06:42:18,662] {taskinstance.py:1159} INFO - Dependencies all met for <TaskInstance: dags_new_version.processing_user manual__2022-06-20T06:41:58.978010+00:00 [queued]>
[2022-06-20 06:42:18,739] {taskinstance.py:1159} INFO - Dependencies all met for <TaskInstance: dags_new_version.processing_user manual__2022-06-20T06:41:58.978010+00:00 [queued]>
[2022-06-20 06:42:18,741] {taskinstance.py:1356} INFO - 
--------------------------------------------------------------------------------
[2022-06-20 06:42:18,743] {taskinstance.py:1357} INFO - Starting attempt 1 of 2
[2022-06-20 06:42:18,747] {taskinstance.py:1358} INFO - 
--------------------------------------------------------------------------------
[2022-06-20 06:42:18,873] {taskinstance.py:1377} INFO - Executing <Task(PythonOperator): processing_user> on 2022-06-20 06:41:58.978010+00:00
[2022-06-20 06:42:18,894] {standard_task_runner.py:52} INFO - Started process 443 to run task
[2022-06-20 06:42:18,921] {standard_task_runner.py:79} INFO - Running: ['***', 'tasks', 'run', 'dags_new_version', 'processing_user', 'manual__2022-06-20T06:41:58.978010+00:00', '--job-id', '195', '--raw', '--subdir', 'DAGS_FOLDER/user.py', '--cfg-path', '/tmp/tmp7y3b01f4', '--error-file', '/tmp/tmpe5i602bb']
[2022-06-20 06:42:18,939] {standard_task_runner.py:80} INFO - Job 195: Subtask processing_user
[2022-06-20 06:42:19,501] {task_command.py:370} INFO - Running <TaskInstance: dags_new_version.processing_user manual__2022-06-20T06:41:58.978010+00:00 [running]> on host ca3ce831c04f
[2022-06-20 06:42:19,873] {taskinstance.py:1571} INFO - Exporting the following env vars:
AIRFLOW_CTX_DAG_OWNER=***
AIRFLOW_CTX_DAG_ID=dags_new_version
AIRFLOW_CTX_TASK_ID=processing_user
AIRFLOW_CTX_EXECUTION_DATE=2022-06-20T06:41:58.978010+00:00
AIRFLOW_CTX_TRY_NUMBER=1
AIRFLOW_CTX_DAG_RUN_ID=manual__2022-06-20T06:41:58.978010+00:00
[2022-06-20 06:42:19,937] {python.py:173} INFO - Done. Returned value was: None
[2022-06-20 06:42:19,961] {taskinstance.py:1400} INFO - Marking task as SUCCESS. dag_id=dags_new_version, task_id=processing_user, execution_date=20220620T064158, start_date=20220620T064218, end_date=20220620T064219
[2022-06-20 06:42:20,028] {local_task_job.py:156} INFO - Task exited with return code 0
[2022-06-20 06:42:20,085] {local_task_job.py:273} INFO - 0 downstream tasks scheduled from follow-on schedule check
