[2022-06-12 09:59:56,786] {taskinstance.py:1159} INFO - Dependencies all met for <TaskInstance: my_dag.training_model_C manual__2022-06-12T09:59:50.466895+00:00 [queued]>
[2022-06-12 09:59:57,039] {taskinstance.py:1159} INFO - Dependencies all met for <TaskInstance: my_dag.training_model_C manual__2022-06-12T09:59:50.466895+00:00 [queued]>
[2022-06-12 09:59:57,055] {taskinstance.py:1356} INFO - 
--------------------------------------------------------------------------------
[2022-06-12 09:59:57,087] {taskinstance.py:1357} INFO - Starting attempt 1 of 1
[2022-06-12 09:59:57,088] {taskinstance.py:1358} INFO - 
--------------------------------------------------------------------------------
[2022-06-12 09:59:57,583] {taskinstance.py:1377} INFO - Executing <Task(PythonOperator): training_model_C> on 2022-06-12 09:59:50.466895+00:00
[2022-06-12 09:59:57,683] {standard_task_runner.py:52} INFO - Started process 10370 to run task
[2022-06-12 09:59:57,921] {standard_task_runner.py:79} INFO - Running: ['***', 'tasks', 'run', 'my_dag', 'training_model_C', 'manual__2022-06-12T09:59:50.466895+00:00', '--job-id', '17', '--raw', '--subdir', 'DAGS_FOLDER/my_dags.py', '--cfg-path', '/tmp/tmp1l2qtv9f', '--error-file', '/tmp/tmpz3p4arot']
[2022-06-12 09:59:57,957] {standard_task_runner.py:80} INFO - Job 17: Subtask training_model_C
[2022-06-12 09:59:58,743] {task_command.py:370} INFO - Running <TaskInstance: my_dag.training_model_C manual__2022-06-12T09:59:50.466895+00:00 [running]> on host f95f507e9417
[2022-06-12 09:59:59,668] {taskinstance.py:1571} INFO - Exporting the following env vars:
AIRFLOW_CTX_DAG_OWNER=***
AIRFLOW_CTX_DAG_ID=my_dag
AIRFLOW_CTX_TASK_ID=training_model_C
AIRFLOW_CTX_EXECUTION_DATE=2022-06-12T09:59:50.466895+00:00
AIRFLOW_CTX_TRY_NUMBER=1
AIRFLOW_CTX_DAG_RUN_ID=manual__2022-06-12T09:59:50.466895+00:00
[2022-06-12 09:59:59,665] {python.py:173} INFO - Done. Returned value was: 5
[2022-06-12 09:59:59,957] {taskinstance.py:1400} INFO - Marking task as SUCCESS. dag_id=my_dag, task_id=training_model_C, execution_date=20220612T095950, start_date=20220612T095956, end_date=20220612T095959
[2022-06-12 10:00:00,077] {local_task_job.py:156} INFO - Task exited with return code 0
[2022-06-12 10:00:00,348] {local_task_job.py:273} INFO - 0 downstream tasks scheduled from follow-on schedule check
