[2022-06-17 08:50:40,741] {taskinstance.py:1159} INFO - Dependencies all met for <TaskInstance: dags_new_version.is_api_available manual__2022-06-17T08:50:26.748619+00:00 [queued]>
[2022-06-17 08:50:40,771] {taskinstance.py:1159} INFO - Dependencies all met for <TaskInstance: dags_new_version.is_api_available manual__2022-06-17T08:50:26.748619+00:00 [queued]>
[2022-06-17 08:50:40,772] {taskinstance.py:1356} INFO - 
--------------------------------------------------------------------------------
[2022-06-17 08:50:40,774] {taskinstance.py:1357} INFO - Starting attempt 1 of 2
[2022-06-17 08:50:40,779] {taskinstance.py:1358} INFO - 
--------------------------------------------------------------------------------
[2022-06-17 08:50:40,823] {taskinstance.py:1377} INFO - Executing <Task(HttpSensor): is_api_available> on 2022-06-17 08:50:26.748619+00:00
[2022-06-17 08:50:40,849] {standard_task_runner.py:79} INFO - Running: ['***', 'tasks', 'run', 'dags_new_version', 'is_api_available', 'manual__2022-06-17T08:50:26.748619+00:00', '--job-id', '119', '--raw', '--subdir', 'DAGS_FOLDER/user.py', '--cfg-path', '/tmp/tmped0wiu1r', '--error-file', '/tmp/tmp5jr6nyw9']
[2022-06-17 08:50:40,844] {standard_task_runner.py:52} INFO - Started process 3320 to run task
[2022-06-17 08:50:40,855] {standard_task_runner.py:80} INFO - Job 119: Subtask is_api_available
[2022-06-17 08:50:41,030] {task_command.py:370} INFO - Running <TaskInstance: dags_new_version.is_api_available manual__2022-06-17T08:50:26.748619+00:00 [running]> on host adccabfb4a32
[2022-06-17 08:50:41,589] {taskinstance.py:1571} INFO - Exporting the following env vars:
AIRFLOW_CTX_DAG_OWNER=***
AIRFLOW_CTX_DAG_ID=dags_new_version
AIRFLOW_CTX_TASK_ID=is_api_available
AIRFLOW_CTX_EXECUTION_DATE=2022-06-17T08:50:26.748619+00:00
AIRFLOW_CTX_TRY_NUMBER=1
AIRFLOW_CTX_DAG_RUN_ID=manual__2022-06-17T08:50:26.748619+00:00
[2022-06-17 08:50:41,594] {http.py:97} INFO - Poking: api/
[2022-06-17 08:50:41,755] {base.py:68} INFO - Using connection ID 'user_api' for task execution.
[2022-06-17 08:50:41,800] {http.py:129} INFO - Sending 'GET' to url: https://randomuser.me/api/api/
[2022-06-17 08:50:42,938] {http.py:142} ERROR - HTTP error: Not Found
[2022-06-17 08:50:42,991] {http.py:143} ERROR - Not Found
[2022-06-17 08:51:43,067] {http.py:97} INFO - Poking: api/
[2022-06-17 08:51:43,167] {base.py:68} INFO - Using connection ID 'user_api' for task execution.
[2022-06-17 08:51:43,175] {http.py:129} INFO - Sending 'GET' to url: https://randomuser.me/api/api/
[2022-06-17 08:51:43,845] {http.py:142} ERROR - HTTP error: Not Found
[2022-06-17 08:51:43,853] {http.py:143} ERROR - Not Found
[2022-06-17 08:52:43,863] {http.py:97} INFO - Poking: api/
[2022-06-17 08:52:43,879] {base.py:68} INFO - Using connection ID 'user_api' for task execution.
[2022-06-17 08:52:43,881] {http.py:129} INFO - Sending 'GET' to url: https://randomuser.me/api/api/
[2022-06-17 08:52:44,322] {http.py:142} ERROR - HTTP error: Not Found
[2022-06-17 08:52:44,323] {http.py:143} ERROR - Not Found
[2022-06-17 08:53:44,357] {http.py:97} INFO - Poking: api/
[2022-06-17 08:53:44,614] {base.py:68} INFO - Using connection ID 'user_api' for task execution.
[2022-06-17 08:53:44,620] {http.py:129} INFO - Sending 'GET' to url: https://randomuser.me/api/
[2022-06-17 08:53:45,310] {base.py:301} INFO - Success criteria met. Exiting.
[2022-06-17 08:53:45,369] {taskinstance.py:1400} INFO - Marking task as SUCCESS. dag_id=dags_new_version, task_id=is_api_available, execution_date=20220617T085026, start_date=20220617T085040, end_date=20220617T085345
[2022-06-17 08:53:45,628] {local_task_job.py:156} INFO - Task exited with return code 0
[2022-06-17 08:53:45,776] {local_task_job.py:273} INFO - 0 downstream tasks scheduled from follow-on schedule check
