[2022-06-17 08:53:54,769] {taskinstance.py:1159} INFO - Dependencies all met for <TaskInstance: dags_new_version.is_api_available manual__2022-06-17T08:50:26.748619+00:00 [queued]>
[2022-06-17 08:53:54,793] {taskinstance.py:1159} INFO - Dependencies all met for <TaskInstance: dags_new_version.is_api_available manual__2022-06-17T08:50:26.748619+00:00 [queued]>
[2022-06-17 08:53:54,794] {taskinstance.py:1356} INFO - 
--------------------------------------------------------------------------------
[2022-06-17 08:53:54,795] {taskinstance.py:1357} INFO - Starting attempt 2 of 3
[2022-06-17 08:53:54,798] {taskinstance.py:1358} INFO - 
--------------------------------------------------------------------------------
[2022-06-17 08:53:54,848] {taskinstance.py:1377} INFO - Executing <Task(HttpSensor): is_api_available> on 2022-06-17 08:50:26.748619+00:00
[2022-06-17 08:53:54,861] {standard_task_runner.py:52} INFO - Started process 3436 to run task
[2022-06-17 08:53:54,877] {standard_task_runner.py:79} INFO - Running: ['***', 'tasks', 'run', 'dags_new_version', 'is_api_available', 'manual__2022-06-17T08:50:26.748619+00:00', '--job-id', '120', '--raw', '--subdir', 'DAGS_FOLDER/user.py', '--cfg-path', '/tmp/tmpq1ywlfhi', '--error-file', '/tmp/tmpoqd9bmgy']
[2022-06-17 08:53:54,880] {standard_task_runner.py:80} INFO - Job 120: Subtask is_api_available
[2022-06-17 08:53:55,119] {task_command.py:370} INFO - Running <TaskInstance: dags_new_version.is_api_available manual__2022-06-17T08:50:26.748619+00:00 [running]> on host adccabfb4a32
[2022-06-17 08:53:55,267] {taskinstance.py:1571} INFO - Exporting the following env vars:
AIRFLOW_CTX_DAG_OWNER=***
AIRFLOW_CTX_DAG_ID=dags_new_version
AIRFLOW_CTX_TASK_ID=is_api_available
AIRFLOW_CTX_EXECUTION_DATE=2022-06-17T08:50:26.748619+00:00
AIRFLOW_CTX_TRY_NUMBER=2
AIRFLOW_CTX_DAG_RUN_ID=manual__2022-06-17T08:50:26.748619+00:00
[2022-06-17 08:53:55,269] {http.py:97} INFO - Poking: api/
[2022-06-17 08:53:55,291] {base.py:68} INFO - Using connection ID 'user_api' for task execution.
[2022-06-17 08:53:55,294] {http.py:129} INFO - Sending 'GET' to url: https://randomuser.me/api/
[2022-06-17 08:53:56,045] {base.py:301} INFO - Success criteria met. Exiting.
[2022-06-17 08:53:56,139] {taskinstance.py:1400} INFO - Marking task as SUCCESS. dag_id=dags_new_version, task_id=is_api_available, execution_date=20220617T085026, start_date=20220617T085354, end_date=20220617T085356
[2022-06-17 08:53:56,225] {local_task_job.py:156} INFO - Task exited with return code 0
[2022-06-17 08:53:56,308] {local_task_job.py:273} INFO - 0 downstream tasks scheduled from follow-on schedule check
