[2022-06-20 06:37:42,730] {taskinstance.py:1159} INFO - Dependencies all met for <TaskInstance: dags_new_version.extracting_user manual__2022-06-20T06:37:35.018175+00:00 [queued]>
[2022-06-20 06:37:42,776] {taskinstance.py:1159} INFO - Dependencies all met for <TaskInstance: dags_new_version.extracting_user manual__2022-06-20T06:37:35.018175+00:00 [queued]>
[2022-06-20 06:37:42,791] {taskinstance.py:1356} INFO - 
--------------------------------------------------------------------------------
[2022-06-20 06:37:42,812] {taskinstance.py:1357} INFO - Starting attempt 1 of 2
[2022-06-20 06:37:42,838] {taskinstance.py:1358} INFO - 
--------------------------------------------------------------------------------
[2022-06-20 06:37:43,055] {taskinstance.py:1377} INFO - Executing <Task(SimpleHttpOperator): extracting_user> on 2022-06-20 06:37:35.018175+00:00
[2022-06-20 06:37:43,095] {standard_task_runner.py:52} INFO - Started process 245 to run task
[2022-06-20 06:37:43,117] {standard_task_runner.py:79} INFO - Running: ['***', 'tasks', 'run', 'dags_new_version', 'extracting_user', 'manual__2022-06-20T06:37:35.018175+00:00', '--job-id', '178', '--raw', '--subdir', 'DAGS_FOLDER/user.py', '--cfg-path', '/tmp/tmpkgh2r4dj', '--error-file', '/tmp/tmp4cp6c7tp']
[2022-06-20 06:37:43,129] {standard_task_runner.py:80} INFO - Job 178: Subtask extracting_user
[2022-06-20 06:37:43,496] {task_command.py:370} INFO - Running <TaskInstance: dags_new_version.extracting_user manual__2022-06-20T06:37:35.018175+00:00 [running]> on host ca3ce831c04f
[2022-06-20 06:37:43,843] {taskinstance.py:1571} INFO - Exporting the following env vars:
AIRFLOW_CTX_DAG_OWNER=***
AIRFLOW_CTX_DAG_ID=dags_new_version
AIRFLOW_CTX_TASK_ID=extracting_user
AIRFLOW_CTX_EXECUTION_DATE=2022-06-20T06:37:35.018175+00:00
AIRFLOW_CTX_TRY_NUMBER=1
AIRFLOW_CTX_DAG_RUN_ID=manual__2022-06-20T06:37:35.018175+00:00
[2022-06-20 06:37:43,845] {http.py:102} INFO - Calling HTTP method
[2022-06-20 06:37:43,887] {base.py:68} INFO - Using connection ID 'user_api' for task execution.
[2022-06-20 06:37:43,899] {http.py:129} INFO - Sending 'GET' to url: https://randomuser.me/api/
[2022-06-20 06:37:44,641] {http.py:106} INFO - {"results":[{"gender":"male","name":{"title":"Mr","first":"Sander","last":"Johansen"},"location":{"street":{"number":1204,"name":"Kildebakken"},"city":"Noerre Alslev","state":"Syddanmark","country":"Denmark","postcode":11426,"coordinates":{"latitude":"-27.3308","longitude":"-30.5295"},"timezone":{"offset":"+5:45","description":"Kathmandu"}},"email":"sander.johansen@example.com","login":{"uuid":"c4b168e0-c05e-4a54-8cec-7e973ff021b0","username":"tinyrabbit530","password":"santafe","salt":"Wbw3PwsX","md5":"00c89f7adaa736ecc16f821112767d20","sha1":"d4e71b74a9a9e3121b52bd51f48bcbbbbbf0cf5e","sha256":"a7a90d8c4eed4caac4ff69df65a5988a34c9369bd2703fa6d379cfb001ddc015"},"dob":{"date":"1995-01-17T16:56:11.545Z","age":27},"registered":{"date":"2012-08-26T07:03:23.623Z","age":10},"phone":"29901070","cell":"82565340","id":{"name":"CPR","value":"170195-5484"},"picture":{"large":"https://randomuser.me/api/portraits/men/46.jpg","medium":"https://randomuser.me/api/portraits/med/men/46.jpg","thumbnail":"https://randomuser.me/api/portraits/thumb/men/46.jpg"},"nat":"DK"}],"info":{"seed":"0130e29932e2c409","results":1,"page":1,"version":"1.3"}}
[2022-06-20 06:37:44,757] {taskinstance.py:1400} INFO - Marking task as SUCCESS. dag_id=dags_new_version, task_id=extracting_user, execution_date=20220620T063735, start_date=20220620T063742, end_date=20220620T063744
[2022-06-20 06:37:44,914] {local_task_job.py:156} INFO - Task exited with return code 0
[2022-06-20 06:37:45,084] {local_task_job.py:273} INFO - 0 downstream tasks scheduled from follow-on schedule check
