[2022-06-12 07:22:47,626] {taskinstance.py:1159} INFO - Dependencies all met for <TaskInstance: my_dag.choose_best_model manual__2022-06-12T07:22:38.940831+00:00 [queued]>
[2022-06-12 07:22:47,647] {taskinstance.py:1159} INFO - Dependencies all met for <TaskInstance: my_dag.choose_best_model manual__2022-06-12T07:22:38.940831+00:00 [queued]>
[2022-06-12 07:22:47,648] {taskinstance.py:1356} INFO - 
--------------------------------------------------------------------------------
[2022-06-12 07:22:47,650] {taskinstance.py:1357} INFO - Starting attempt 1 of 1
[2022-06-12 07:22:47,652] {taskinstance.py:1358} INFO - 
--------------------------------------------------------------------------------
[2022-06-12 07:22:47,682] {taskinstance.py:1377} INFO - Executing <Task(BranchPythonOperator): choose_best_model> on 2022-06-12 07:22:38.940831+00:00
[2022-06-12 07:22:47,693] {standard_task_runner.py:52} INFO - Started process 9163 to run task
[2022-06-12 07:22:47,708] {standard_task_runner.py:79} INFO - Running: ['***', 'tasks', 'run', 'my_dag', 'choose_best_model', 'manual__2022-06-12T07:22:38.940831+00:00', '--job-id', '14', '--raw', '--subdir', 'DAGS_FOLDER/my_dags.py', '--cfg-path', '/tmp/tmpxjib84ui', '--error-file', '/tmp/tmpql1w0f98']
[2022-06-12 07:22:47,710] {standard_task_runner.py:80} INFO - Job 14: Subtask choose_best_model
[2022-06-12 07:22:47,794] {task_command.py:370} INFO - Running <TaskInstance: my_dag.choose_best_model manual__2022-06-12T07:22:38.940831+00:00 [running]> on host f95f507e9417
[2022-06-12 07:22:47,902] {taskinstance.py:1571} INFO - Exporting the following env vars:
AIRFLOW_CTX_DAG_OWNER=***
AIRFLOW_CTX_DAG_ID=my_dag
AIRFLOW_CTX_TASK_ID=choose_best_model
AIRFLOW_CTX_EXECUTION_DATE=2022-06-12T07:22:38.940831+00:00
AIRFLOW_CTX_TRY_NUMBER=1
AIRFLOW_CTX_DAG_RUN_ID=manual__2022-06-12T07:22:38.940831+00:00
[2022-06-12 07:22:47,962] {python.py:173} INFO - Done. Returned value was: inaccurate
[2022-06-12 07:22:47,966] {skipmixin.py:140} INFO - Following branch inaccurate
[2022-06-12 07:22:47,967] {skipmixin.py:175} INFO - Skipping tasks ['accurate']
[2022-06-12 07:22:48,134] {taskinstance.py:1400} INFO - Marking task as SUCCESS. dag_id=my_dag, task_id=choose_best_model, execution_date=20220612T072238, start_date=20220612T072247, end_date=20220612T072248
[2022-06-12 07:22:48,384] {local_task_job.py:156} INFO - Task exited with return code 0
[2022-06-12 07:22:48,490] {local_task_job.py:273} INFO - 1 downstream tasks scheduled from follow-on schedule check
