[2022-06-12 10:00:01,740] {taskinstance.py:1159} INFO - Dependencies all met for <TaskInstance: my_dag.choose_best_model manual__2022-06-12T09:59:50.466895+00:00 [queued]>
[2022-06-12 10:00:01,758] {taskinstance.py:1159} INFO - Dependencies all met for <TaskInstance: my_dag.choose_best_model manual__2022-06-12T09:59:50.466895+00:00 [queued]>
[2022-06-12 10:00:01,760] {taskinstance.py:1356} INFO - 
--------------------------------------------------------------------------------
[2022-06-12 10:00:01,762] {taskinstance.py:1357} INFO - Starting attempt 1 of 1
[2022-06-12 10:00:01,764] {taskinstance.py:1358} INFO - 
--------------------------------------------------------------------------------
[2022-06-12 10:00:01,809] {taskinstance.py:1377} INFO - Executing <Task(BranchPythonOperator): choose_best_model> on 2022-06-12 09:59:50.466895+00:00
[2022-06-12 10:00:01,824] {standard_task_runner.py:52} INFO - Started process 10373 to run task
[2022-06-12 10:00:01,838] {standard_task_runner.py:79} INFO - Running: ['***', 'tasks', 'run', 'my_dag', 'choose_best_model', 'manual__2022-06-12T09:59:50.466895+00:00', '--job-id', '19', '--raw', '--subdir', 'DAGS_FOLDER/my_dags.py', '--cfg-path', '/tmp/tmptqo5_rbw', '--error-file', '/tmp/tmp9gtvuv61']
[2022-06-12 10:00:01,842] {standard_task_runner.py:80} INFO - Job 19: Subtask choose_best_model
[2022-06-12 10:00:01,992] {task_command.py:370} INFO - Running <TaskInstance: my_dag.choose_best_model manual__2022-06-12T09:59:50.466895+00:00 [running]> on host f95f507e9417
[2022-06-12 10:00:02,384] {taskinstance.py:1571} INFO - Exporting the following env vars:
AIRFLOW_CTX_DAG_OWNER=***
AIRFLOW_CTX_DAG_ID=my_dag
AIRFLOW_CTX_TASK_ID=choose_best_model
AIRFLOW_CTX_EXECUTION_DATE=2022-06-12T09:59:50.466895+00:00
AIRFLOW_CTX_TRY_NUMBER=1
AIRFLOW_CTX_DAG_RUN_ID=manual__2022-06-12T09:59:50.466895+00:00
[2022-06-12 10:00:02,414] {python.py:173} INFO - Done. Returned value was: inaccurate
[2022-06-12 10:00:02,415] {skipmixin.py:140} INFO - Following branch inaccurate
[2022-06-12 10:00:02,416] {skipmixin.py:175} INFO - Skipping tasks ['accurate']
[2022-06-12 10:00:02,501] {taskinstance.py:1400} INFO - Marking task as SUCCESS. dag_id=my_dag, task_id=choose_best_model, execution_date=20220612T095950, start_date=20220612T100001, end_date=20220612T100002
[2022-06-12 10:00:02,569] {local_task_job.py:156} INFO - Task exited with return code 0
[2022-06-12 10:00:02,652] {local_task_job.py:273} INFO - 1 downstream tasks scheduled from follow-on schedule check
