[2022-06-20 06:51:42,752] {taskinstance.py:1159} INFO - Dependencies all met for <TaskInstance: dags_new_version.create_table manual__2022-06-20T06:51:40.693064+00:00 [queued]>
[2022-06-20 06:51:42,775] {taskinstance.py:1159} INFO - Dependencies all met for <TaskInstance: dags_new_version.create_table manual__2022-06-20T06:51:40.693064+00:00 [queued]>
[2022-06-20 06:51:42,777] {taskinstance.py:1356} INFO - 
--------------------------------------------------------------------------------
[2022-06-20 06:51:42,779] {taskinstance.py:1357} INFO - Starting attempt 1 of 2
[2022-06-20 06:51:42,782] {taskinstance.py:1358} INFO - 
--------------------------------------------------------------------------------
[2022-06-20 06:51:42,826] {taskinstance.py:1377} INFO - Executing <Task(PostgresOperator): create_table> on 2022-06-20 06:51:40.693064+00:00
[2022-06-20 06:51:42,847] {standard_task_runner.py:52} INFO - Started process 825 to run task
[2022-06-20 06:51:42,876] {standard_task_runner.py:79} INFO - Running: ['***', 'tasks', 'run', 'dags_new_version', 'create_table', 'manual__2022-06-20T06:51:40.693064+00:00', '--job-id', '197', '--raw', '--subdir', 'DAGS_FOLDER/user.py', '--cfg-path', '/tmp/tmpx33ji1m1', '--error-file', '/tmp/tmpq5s5_w1j']
[2022-06-20 06:51:42,887] {standard_task_runner.py:80} INFO - Job 197: Subtask create_table
[2022-06-20 06:51:43,044] {task_command.py:370} INFO - Running <TaskInstance: dags_new_version.create_table manual__2022-06-20T06:51:40.693064+00:00 [running]> on host ca3ce831c04f
[2022-06-20 06:51:43,512] {taskinstance.py:1571} INFO - Exporting the following env vars:
AIRFLOW_CTX_DAG_OWNER=***
AIRFLOW_CTX_DAG_ID=dags_new_version
AIRFLOW_CTX_TASK_ID=create_table
AIRFLOW_CTX_EXECUTION_DATE=2022-06-20T06:51:40.693064+00:00
AIRFLOW_CTX_TRY_NUMBER=1
AIRFLOW_CTX_DAG_RUN_ID=manual__2022-06-20T06:51:40.693064+00:00
[2022-06-20 06:51:43,552] {base.py:68} INFO - Using connection ID 'postgre_sql' for task execution.
[2022-06-20 06:51:43,578] {dbapi.py:213} INFO - Running statement: 
        DROP TABLE IF EXISTS z1_user;
        CREATE TABLE z1_user(
            user_id SERIAL PRIMARY KEY,
            firstname VARCHAR(255),
            lastname VARCHAR(255),
            country VARCHAR(255),
            username VARCHAR(255),
            password VARCHAR(255),
            email VARCHAR(255)
        )
        , parameters: None
[2022-06-20 06:51:43,656] {taskinstance.py:1400} INFO - Marking task as SUCCESS. dag_id=dags_new_version, task_id=create_table, execution_date=20220620T065140, start_date=20220620T065142, end_date=20220620T065143
[2022-06-20 06:51:43,800] {local_task_job.py:156} INFO - Task exited with return code 0
[2022-06-20 06:51:44,706] {local_task_job.py:273} INFO - 1 downstream tasks scheduled from follow-on schedule check
