[2022-06-12 04:18:17,084] {taskinstance.py:1159} INFO - Dependencies all met for <TaskInstance: my_dag.training_model_B scheduled__2022-06-11T00:00:00+00:00 [queued]>
[2022-06-12 04:18:17,399] {taskinstance.py:1159} INFO - Dependencies all met for <TaskInstance: my_dag.training_model_B scheduled__2022-06-11T00:00:00+00:00 [queued]>
[2022-06-12 04:18:17,401] {taskinstance.py:1356} INFO - 
--------------------------------------------------------------------------------
[2022-06-12 04:18:17,402] {taskinstance.py:1357} INFO - Starting attempt 1 of 1
[2022-06-12 04:18:17,404] {taskinstance.py:1358} INFO - 
--------------------------------------------------------------------------------
[2022-06-12 04:18:17,761] {taskinstance.py:1377} INFO - Executing <Task(PythonOperator): training_model_B> on 2022-06-11 00:00:00+00:00
[2022-06-12 04:18:17,782] {standard_task_runner.py:52} INFO - Started process 3265 to run task
[2022-06-12 04:18:17,805] {standard_task_runner.py:79} INFO - Running: ['***', 'tasks', 'run', 'my_dag', 'training_model_B', 'scheduled__2022-06-11T00:00:00+00:00', '--job-id', '8', '--raw', '--subdir', 'DAGS_FOLDER/my_dags.py', '--cfg-path', '/tmp/tmp5ndzti0o', '--error-file', '/tmp/tmp2usx0ckp']
[2022-06-12 04:18:17,809] {standard_task_runner.py:80} INFO - Job 8: Subtask training_model_B
[2022-06-12 04:18:18,020] {task_command.py:370} INFO - Running <TaskInstance: my_dag.training_model_B scheduled__2022-06-11T00:00:00+00:00 [running]> on host f95f507e9417
[2022-06-12 04:18:19,372] {taskinstance.py:1571} INFO - Exporting the following env vars:
AIRFLOW_CTX_DAG_OWNER=***
AIRFLOW_CTX_DAG_ID=my_dag
AIRFLOW_CTX_TASK_ID=training_model_B
AIRFLOW_CTX_EXECUTION_DATE=2022-06-11T00:00:00+00:00
AIRFLOW_CTX_TRY_NUMBER=1
AIRFLOW_CTX_DAG_RUN_ID=scheduled__2022-06-11T00:00:00+00:00
[2022-06-12 04:18:19,377] {python.py:173} INFO - Done. Returned value was: 10
[2022-06-12 04:18:19,530] {taskinstance.py:1400} INFO - Marking task as SUCCESS. dag_id=my_dag, task_id=training_model_B, execution_date=20220611T000000, start_date=20220612T041817, end_date=20220612T041819
[2022-06-12 04:18:19,619] {local_task_job.py:156} INFO - Task exited with return code 0
[2022-06-12 04:18:19,867] {local_task_job.py:273} INFO - 0 downstream tasks scheduled from follow-on schedule check
