[2022-06-12 07:22:44,874] {taskinstance.py:1159} INFO - Dependencies all met for <TaskInstance: my_dag.training_model_C manual__2022-06-12T07:22:38.940831+00:00 [queued]>
[2022-06-12 07:22:44,926] {taskinstance.py:1159} INFO - Dependencies all met for <TaskInstance: my_dag.training_model_C manual__2022-06-12T07:22:38.940831+00:00 [queued]>
[2022-06-12 07:22:44,928] {taskinstance.py:1356} INFO - 
--------------------------------------------------------------------------------
[2022-06-12 07:22:44,930] {taskinstance.py:1357} INFO - Starting attempt 1 of 1
[2022-06-12 07:22:44,931] {taskinstance.py:1358} INFO - 
--------------------------------------------------------------------------------
[2022-06-12 07:22:44,993] {taskinstance.py:1377} INFO - Executing <Task(PythonOperator): training_model_C> on 2022-06-12 07:22:38.940831+00:00
[2022-06-12 07:22:45,003] {standard_task_runner.py:52} INFO - Started process 9154 to run task
[2022-06-12 07:22:45,017] {standard_task_runner.py:79} INFO - Running: ['***', 'tasks', 'run', 'my_dag', 'training_model_C', 'manual__2022-06-12T07:22:38.940831+00:00', '--job-id', '13', '--raw', '--subdir', 'DAGS_FOLDER/my_dags.py', '--cfg-path', '/tmp/tmpfk6w0bw5', '--error-file', '/tmp/tmpvldzsmf3']
[2022-06-12 07:22:45,025] {standard_task_runner.py:80} INFO - Job 13: Subtask training_model_C
[2022-06-12 07:22:45,261] {task_command.py:370} INFO - Running <TaskInstance: my_dag.training_model_C manual__2022-06-12T07:22:38.940831+00:00 [running]> on host f95f507e9417
[2022-06-12 07:22:45,703] {taskinstance.py:1571} INFO - Exporting the following env vars:
AIRFLOW_CTX_DAG_OWNER=***
AIRFLOW_CTX_DAG_ID=my_dag
AIRFLOW_CTX_TASK_ID=training_model_C
AIRFLOW_CTX_EXECUTION_DATE=2022-06-12T07:22:38.940831+00:00
AIRFLOW_CTX_TRY_NUMBER=1
AIRFLOW_CTX_DAG_RUN_ID=manual__2022-06-12T07:22:38.940831+00:00
[2022-06-12 07:22:45,714] {python.py:173} INFO - Done. Returned value was: 5
[2022-06-12 07:22:45,982] {taskinstance.py:1400} INFO - Marking task as SUCCESS. dag_id=my_dag, task_id=training_model_C, execution_date=20220612T072238, start_date=20220612T072244, end_date=20220612T072245
[2022-06-12 07:22:46,213] {local_task_job.py:156} INFO - Task exited with return code 0
[2022-06-12 07:22:46,374] {local_task_job.py:273} INFO - 0 downstream tasks scheduled from follow-on schedule check
