[2022-06-20 06:42:10,179] {taskinstance.py:1159} INFO - Dependencies all met for <TaskInstance: dags_new_version.is_api_available manual__2022-06-20T06:41:58.978010+00:00 [queued]>
[2022-06-20 06:42:10,198] {taskinstance.py:1159} INFO - Dependencies all met for <TaskInstance: dags_new_version.is_api_available manual__2022-06-20T06:41:58.978010+00:00 [queued]>
[2022-06-20 06:42:10,200] {taskinstance.py:1356} INFO - 
--------------------------------------------------------------------------------
[2022-06-20 06:42:10,201] {taskinstance.py:1357} INFO - Starting attempt 1 of 2
[2022-06-20 06:42:10,206] {taskinstance.py:1358} INFO - 
--------------------------------------------------------------------------------
[2022-06-20 06:42:10,241] {taskinstance.py:1377} INFO - Executing <Task(HttpSensor): is_api_available> on 2022-06-20 06:41:58.978010+00:00
[2022-06-20 06:42:10,250] {standard_task_runner.py:52} INFO - Started process 431 to run task
[2022-06-20 06:42:10,264] {standard_task_runner.py:79} INFO - Running: ['***', 'tasks', 'run', 'dags_new_version', 'is_api_available', 'manual__2022-06-20T06:41:58.978010+00:00', '--job-id', '191', '--raw', '--subdir', 'DAGS_FOLDER/user.py', '--cfg-path', '/tmp/tmp4y3v7kd8', '--error-file', '/tmp/tmp6typy2b6']
[2022-06-20 06:42:10,267] {standard_task_runner.py:80} INFO - Job 191: Subtask is_api_available
[2022-06-20 06:42:10,366] {task_command.py:370} INFO - Running <TaskInstance: dags_new_version.is_api_available manual__2022-06-20T06:41:58.978010+00:00 [running]> on host ca3ce831c04f
[2022-06-20 06:42:10,665] {taskinstance.py:1571} INFO - Exporting the following env vars:
AIRFLOW_CTX_DAG_OWNER=***
AIRFLOW_CTX_DAG_ID=dags_new_version
AIRFLOW_CTX_TASK_ID=is_api_available
AIRFLOW_CTX_EXECUTION_DATE=2022-06-20T06:41:58.978010+00:00
AIRFLOW_CTX_TRY_NUMBER=1
AIRFLOW_CTX_DAG_RUN_ID=manual__2022-06-20T06:41:58.978010+00:00
[2022-06-20 06:42:10,670] {http.py:97} INFO - Poking: api/
[2022-06-20 06:42:10,692] {base.py:68} INFO - Using connection ID 'user_api' for task execution.
[2022-06-20 06:42:10,697] {http.py:129} INFO - Sending 'GET' to url: https://randomuser.me/api/
[2022-06-20 06:42:11,429] {base.py:301} INFO - Success criteria met. Exiting.
[2022-06-20 06:42:11,465] {taskinstance.py:1400} INFO - Marking task as SUCCESS. dag_id=dags_new_version, task_id=is_api_available, execution_date=20220620T064158, start_date=20220620T064210, end_date=20220620T064211
[2022-06-20 06:42:11,559] {local_task_job.py:156} INFO - Task exited with return code 0
[2022-06-20 06:42:11,744] {local_task_job.py:273} INFO - 0 downstream tasks scheduled from follow-on schedule check
