[2022-06-12 04:18:16,757] {taskinstance.py:1159} INFO - Dependencies all met for <TaskInstance: my_dag.training_model_A scheduled__2022-06-11T00:00:00+00:00 [queued]>
[2022-06-12 04:18:16,925] {taskinstance.py:1159} INFO - Dependencies all met for <TaskInstance: my_dag.training_model_A scheduled__2022-06-11T00:00:00+00:00 [queued]>
[2022-06-12 04:18:16,938] {taskinstance.py:1356} INFO - 
--------------------------------------------------------------------------------
[2022-06-12 04:18:16,955] {taskinstance.py:1357} INFO - Starting attempt 1 of 1
[2022-06-12 04:18:16,956] {taskinstance.py:1358} INFO - 
--------------------------------------------------------------------------------
[2022-06-12 04:18:17,031] {taskinstance.py:1377} INFO - Executing <Task(PythonOperator): training_model_A> on 2022-06-11 00:00:00+00:00
[2022-06-12 04:18:17,041] {standard_task_runner.py:52} INFO - Started process 3263 to run task
[2022-06-12 04:18:17,053] {standard_task_runner.py:79} INFO - Running: ['***', 'tasks', 'run', 'my_dag', 'training_model_A', 'scheduled__2022-06-11T00:00:00+00:00', '--job-id', '7', '--raw', '--subdir', 'DAGS_FOLDER/my_dags.py', '--cfg-path', '/tmp/tmp13b_hk68', '--error-file', '/tmp/tmpktfp3128']
[2022-06-12 04:18:17,078] {standard_task_runner.py:80} INFO - Job 7: Subtask training_model_A
[2022-06-12 04:18:17,697] {task_command.py:370} INFO - Running <TaskInstance: my_dag.training_model_A scheduled__2022-06-11T00:00:00+00:00 [running]> on host f95f507e9417
[2022-06-12 04:18:18,214] {taskinstance.py:1571} INFO - Exporting the following env vars:
AIRFLOW_CTX_DAG_OWNER=***
AIRFLOW_CTX_DAG_ID=my_dag
AIRFLOW_CTX_TASK_ID=training_model_A
AIRFLOW_CTX_EXECUTION_DATE=2022-06-11T00:00:00+00:00
AIRFLOW_CTX_TRY_NUMBER=1
AIRFLOW_CTX_DAG_RUN_ID=scheduled__2022-06-11T00:00:00+00:00
[2022-06-12 04:18:18,257] {python.py:173} INFO - Done. Returned value was: 5
[2022-06-12 04:18:18,672] {taskinstance.py:1400} INFO - Marking task as SUCCESS. dag_id=my_dag, task_id=training_model_A, execution_date=20220611T000000, start_date=20220612T041816, end_date=20220612T041818
[2022-06-12 04:18:19,579] {local_task_job.py:156} INFO - Task exited with return code 0
[2022-06-12 04:18:19,721] {local_task_job.py:273} INFO - 0 downstream tasks scheduled from follow-on schedule check
