[2022-06-17 10:05:28,565] {taskinstance.py:1159} INFO - Dependencies all met for <TaskInstance: dags_new_version.create_table manual__2022-06-17T10:05:26.760057+00:00 [queued]>
[2022-06-17 10:05:28,588] {taskinstance.py:1159} INFO - Dependencies all met for <TaskInstance: dags_new_version.create_table manual__2022-06-17T10:05:26.760057+00:00 [queued]>
[2022-06-17 10:05:28,590] {taskinstance.py:1356} INFO - 
--------------------------------------------------------------------------------
[2022-06-17 10:05:28,591] {taskinstance.py:1357} INFO - Starting attempt 1 of 2
[2022-06-17 10:05:28,592] {taskinstance.py:1358} INFO - 
--------------------------------------------------------------------------------
[2022-06-17 10:05:28,618] {taskinstance.py:1377} INFO - Executing <Task(PostgresOperator): create_table> on 2022-06-17 10:05:26.760057+00:00
[2022-06-17 10:05:28,632] {standard_task_runner.py:52} INFO - Started process 6221 to run task
[2022-06-17 10:05:28,641] {standard_task_runner.py:79} INFO - Running: ['***', 'tasks', 'run', 'dags_new_version', 'create_table', 'manual__2022-06-17T10:05:26.760057+00:00', '--job-id', '148', '--raw', '--subdir', 'DAGS_FOLDER/user.py', '--cfg-path', '/tmp/tmp46t7z_a6', '--error-file', '/tmp/tmpaluj71b1']
[2022-06-17 10:05:28,644] {standard_task_runner.py:80} INFO - Job 148: Subtask create_table
[2022-06-17 10:05:28,868] {task_command.py:370} INFO - Running <TaskInstance: dags_new_version.create_table manual__2022-06-17T10:05:26.760057+00:00 [running]> on host adccabfb4a32
[2022-06-17 10:05:30,657] {taskinstance.py:1571} INFO - Exporting the following env vars:
AIRFLOW_CTX_DAG_OWNER=***
AIRFLOW_CTX_DAG_ID=dags_new_version
AIRFLOW_CTX_TASK_ID=create_table
AIRFLOW_CTX_EXECUTION_DATE=2022-06-17T10:05:26.760057+00:00
AIRFLOW_CTX_TRY_NUMBER=1
AIRFLOW_CTX_DAG_RUN_ID=manual__2022-06-17T10:05:26.760057+00:00
[2022-06-17 10:05:31,087] {base.py:68} INFO - Using connection ID 'postgre_sql' for task execution.
[2022-06-17 10:05:31,644] {dbapi.py:213} INFO - Running statement: 
        DROP TABLE IF EXISTS z1_user;
        CREATE TABLE z1_user(
            user_id SERIAL PRIMARY KEY,
            firstname VARCHAR(255),
            lastname VARCHAR(255),
            country VARCHAR(255),
            username VARCHAR(255),
            password VARCHAR(255),
            email VARCHAR(255)
        )
        , parameters: None
[2022-06-17 10:05:32,398] {taskinstance.py:1400} INFO - Marking task as SUCCESS. dag_id=dags_new_version, task_id=create_table, execution_date=20220617T100526, start_date=20220617T100528, end_date=20220617T100532
[2022-06-17 10:05:33,163] {local_task_job.py:156} INFO - Task exited with return code 0
[2022-06-17 10:05:35,021] {local_task_job.py:273} INFO - 0 downstream tasks scheduled from follow-on schedule check
