[2022-06-13 02:39:03,177] {processor.py:153} INFO - Started process (PID=14178) to work on /opt/airflow/dags/user_processing.py
[2022-06-13 02:39:03,203] {processor.py:641} INFO - Processing file /opt/airflow/dags/user_processing.py for tasks to queue
[2022-06-13 02:39:03,212] {logging_mixin.py:115} INFO - [2022-06-13 02:39:03,207] {dagbag.py:507} INFO - Filling up the DagBag from /opt/airflow/dags/user_processing.py
[2022-06-13 02:39:03,520] {processor.py:653} WARNING - No viable dags retrieved from /opt/airflow/dags/user_processing.py
[2022-06-13 02:39:03,621] {processor.py:161} INFO - Processing /opt/airflow/dags/user_processing.py took 0.457 seconds
[2022-06-13 02:39:33,857] {processor.py:153} INFO - Started process (PID=14232) to work on /opt/airflow/dags/user_processing.py
[2022-06-13 02:39:33,859] {processor.py:641} INFO - Processing file /opt/airflow/dags/user_processing.py for tasks to queue
[2022-06-13 02:39:33,864] {logging_mixin.py:115} INFO - [2022-06-13 02:39:33,863] {dagbag.py:507} INFO - Filling up the DagBag from /opt/airflow/dags/user_processing.py
[2022-06-13 02:39:33,953] {processor.py:653} WARNING - No viable dags retrieved from /opt/airflow/dags/user_processing.py
[2022-06-13 02:39:34,045] {processor.py:161} INFO - Processing /opt/airflow/dags/user_processing.py took 0.238 seconds
[2022-06-13 02:40:05,120] {processor.py:153} INFO - Started process (PID=14277) to work on /opt/airflow/dags/user_processing.py
[2022-06-13 02:40:05,127] {processor.py:641} INFO - Processing file /opt/airflow/dags/user_processing.py for tasks to queue
[2022-06-13 02:40:05,130] {logging_mixin.py:115} INFO - [2022-06-13 02:40:05,129] {dagbag.py:507} INFO - Filling up the DagBag from /opt/airflow/dags/user_processing.py
[2022-06-13 02:40:05,192] {processor.py:653} WARNING - No viable dags retrieved from /opt/airflow/dags/user_processing.py
[2022-06-13 02:40:05,232] {processor.py:161} INFO - Processing /opt/airflow/dags/user_processing.py took 0.131 seconds
[2022-06-13 02:40:36,124] {processor.py:153} INFO - Started process (PID=14339) to work on /opt/airflow/dags/user_processing.py
[2022-06-13 02:40:36,132] {processor.py:641} INFO - Processing file /opt/airflow/dags/user_processing.py for tasks to queue
[2022-06-13 02:40:36,147] {logging_mixin.py:115} INFO - [2022-06-13 02:40:36,139] {dagbag.py:507} INFO - Filling up the DagBag from /opt/airflow/dags/user_processing.py
[2022-06-13 02:40:36,198] {processor.py:653} WARNING - No viable dags retrieved from /opt/airflow/dags/user_processing.py
[2022-06-13 02:40:36,255] {processor.py:161} INFO - Processing /opt/airflow/dags/user_processing.py took 0.141 seconds
[2022-06-13 02:42:13,093] {processor.py:153} INFO - Started process (PID=14417) to work on /opt/airflow/dags/user_processing.py
[2022-06-13 02:42:13,126] {processor.py:641} INFO - Processing file /opt/airflow/dags/user_processing.py for tasks to queue
[2022-06-13 02:42:13,189] {logging_mixin.py:115} INFO - [2022-06-13 02:42:13,188] {dagbag.py:507} INFO - Filling up the DagBag from /opt/airflow/dags/user_processing.py
[2022-06-13 02:42:13,860] {processor.py:653} WARNING - No viable dags retrieved from /opt/airflow/dags/user_processing.py
[2022-06-13 02:42:15,971] {processor.py:161} INFO - Processing /opt/airflow/dags/user_processing.py took 2.963 seconds
[2022-06-13 04:17:37,073] {processor.py:153} INFO - Started process (PID=48) to work on /opt/airflow/dags/user_processing.py
[2022-06-13 04:17:37,089] {processor.py:641} INFO - Processing file /opt/airflow/dags/user_processing.py for tasks to queue
[2022-06-13 04:17:37,101] {logging_mixin.py:115} INFO - [2022-06-13 04:17:37,101] {dagbag.py:507} INFO - Filling up the DagBag from /opt/airflow/dags/user_processing.py
[2022-06-13 04:17:37,309] {processor.py:653} WARNING - No viable dags retrieved from /opt/airflow/dags/user_processing.py
[2022-06-13 04:17:37,497] {processor.py:161} INFO - Processing /opt/airflow/dags/user_processing.py took 0.488 seconds
[2022-06-13 04:18:08,019] {processor.py:153} INFO - Started process (PID=99) to work on /opt/airflow/dags/user_processing.py
[2022-06-13 04:18:08,035] {processor.py:641} INFO - Processing file /opt/airflow/dags/user_processing.py for tasks to queue
[2022-06-13 04:18:08,061] {logging_mixin.py:115} INFO - [2022-06-13 04:18:08,060] {dagbag.py:507} INFO - Filling up the DagBag from /opt/airflow/dags/user_processing.py
[2022-06-13 04:18:08,699] {processor.py:653} WARNING - No viable dags retrieved from /opt/airflow/dags/user_processing.py
[2022-06-13 04:18:08,833] {processor.py:161} INFO - Processing /opt/airflow/dags/user_processing.py took 0.945 seconds
[2022-06-13 04:18:39,759] {processor.py:153} INFO - Started process (PID=147) to work on /opt/airflow/dags/user_processing.py
[2022-06-13 04:18:39,776] {processor.py:641} INFO - Processing file /opt/airflow/dags/user_processing.py for tasks to queue
[2022-06-13 04:18:39,779] {logging_mixin.py:115} INFO - [2022-06-13 04:18:39,778] {dagbag.py:507} INFO - Filling up the DagBag from /opt/airflow/dags/user_processing.py
[2022-06-13 04:18:39,837] {processor.py:653} WARNING - No viable dags retrieved from /opt/airflow/dags/user_processing.py
[2022-06-13 04:18:39,886] {processor.py:161} INFO - Processing /opt/airflow/dags/user_processing.py took 0.132 seconds
[2022-06-13 04:19:10,718] {processor.py:153} INFO - Started process (PID=200) to work on /opt/airflow/dags/user_processing.py
[2022-06-13 04:19:10,741] {processor.py:641} INFO - Processing file /opt/airflow/dags/user_processing.py for tasks to queue
[2022-06-13 04:19:10,744] {logging_mixin.py:115} INFO - [2022-06-13 04:19:10,744] {dagbag.py:507} INFO - Filling up the DagBag from /opt/airflow/dags/user_processing.py
[2022-06-13 04:19:10,850] {processor.py:653} WARNING - No viable dags retrieved from /opt/airflow/dags/user_processing.py
[2022-06-13 04:19:10,932] {processor.py:161} INFO - Processing /opt/airflow/dags/user_processing.py took 0.235 seconds
[2022-06-13 04:20:16,243] {processor.py:153} INFO - Started process (PID=255) to work on /opt/airflow/dags/user_processing.py
[2022-06-13 04:20:16,255] {processor.py:641} INFO - Processing file /opt/airflow/dags/user_processing.py for tasks to queue
[2022-06-13 04:20:16,273] {logging_mixin.py:115} INFO - [2022-06-13 04:20:16,273] {dagbag.py:507} INFO - Filling up the DagBag from /opt/airflow/dags/user_processing.py
[2022-06-13 04:20:16,606] {processor.py:653} WARNING - No viable dags retrieved from /opt/airflow/dags/user_processing.py
[2022-06-13 04:20:17,151] {processor.py:161} INFO - Processing /opt/airflow/dags/user_processing.py took 0.995 seconds
[2022-06-13 04:20:47,843] {processor.py:153} INFO - Started process (PID=309) to work on /opt/airflow/dags/user_processing.py
[2022-06-13 04:20:47,854] {processor.py:641} INFO - Processing file /opt/airflow/dags/user_processing.py for tasks to queue
[2022-06-13 04:20:47,862] {logging_mixin.py:115} INFO - [2022-06-13 04:20:47,858] {dagbag.py:507} INFO - Filling up the DagBag from /opt/airflow/dags/user_processing.py
[2022-06-13 04:20:47,980] {processor.py:653} WARNING - No viable dags retrieved from /opt/airflow/dags/user_processing.py
[2022-06-13 04:20:48,039] {processor.py:161} INFO - Processing /opt/airflow/dags/user_processing.py took 0.214 seconds
[2022-06-13 04:21:18,541] {processor.py:153} INFO - Started process (PID=359) to work on /opt/airflow/dags/user_processing.py
[2022-06-13 04:21:18,549] {processor.py:641} INFO - Processing file /opt/airflow/dags/user_processing.py for tasks to queue
[2022-06-13 04:21:18,552] {logging_mixin.py:115} INFO - [2022-06-13 04:21:18,552] {dagbag.py:507} INFO - Filling up the DagBag from /opt/airflow/dags/user_processing.py
[2022-06-13 04:21:18,617] {processor.py:653} WARNING - No viable dags retrieved from /opt/airflow/dags/user_processing.py
[2022-06-13 04:21:18,982] {processor.py:161} INFO - Processing /opt/airflow/dags/user_processing.py took 0.457 seconds
[2022-06-13 04:21:54,107] {processor.py:153} INFO - Started process (PID=401) to work on /opt/airflow/dags/user_processing.py
[2022-06-13 04:21:54,122] {processor.py:641} INFO - Processing file /opt/airflow/dags/user_processing.py for tasks to queue
[2022-06-13 04:21:54,139] {logging_mixin.py:115} INFO - [2022-06-13 04:21:54,139] {dagbag.py:507} INFO - Filling up the DagBag from /opt/airflow/dags/user_processing.py
[2022-06-13 04:21:54,380] {processor.py:653} WARNING - No viable dags retrieved from /opt/airflow/dags/user_processing.py
[2022-06-13 04:21:54,857] {processor.py:161} INFO - Processing /opt/airflow/dags/user_processing.py took 0.817 seconds
[2022-06-13 04:22:25,401] {processor.py:153} INFO - Started process (PID=454) to work on /opt/airflow/dags/user_processing.py
[2022-06-13 04:22:25,420] {processor.py:641} INFO - Processing file /opt/airflow/dags/user_processing.py for tasks to queue
[2022-06-13 04:22:25,423] {logging_mixin.py:115} INFO - [2022-06-13 04:22:25,422] {dagbag.py:507} INFO - Filling up the DagBag from /opt/airflow/dags/user_processing.py
[2022-06-13 04:22:25,562] {processor.py:653} WARNING - No viable dags retrieved from /opt/airflow/dags/user_processing.py
[2022-06-13 04:22:25,737] {processor.py:161} INFO - Processing /opt/airflow/dags/user_processing.py took 0.379 seconds
[2022-06-13 04:22:58,342] {processor.py:153} INFO - Started process (PID=508) to work on /opt/airflow/dags/user_processing.py
[2022-06-13 04:22:58,356] {processor.py:641} INFO - Processing file /opt/airflow/dags/user_processing.py for tasks to queue
[2022-06-13 04:22:58,359] {logging_mixin.py:115} INFO - [2022-06-13 04:22:58,358] {dagbag.py:507} INFO - Filling up the DagBag from /opt/airflow/dags/user_processing.py
[2022-06-13 04:22:58,440] {processor.py:653} WARNING - No viable dags retrieved from /opt/airflow/dags/user_processing.py
[2022-06-13 04:22:58,503] {processor.py:161} INFO - Processing /opt/airflow/dags/user_processing.py took 0.197 seconds
[2022-06-13 04:23:29,135] {processor.py:153} INFO - Started process (PID=556) to work on /opt/airflow/dags/user_processing.py
[2022-06-13 04:23:29,139] {processor.py:641} INFO - Processing file /opt/airflow/dags/user_processing.py for tasks to queue
[2022-06-13 04:23:29,142] {logging_mixin.py:115} INFO - [2022-06-13 04:23:29,142] {dagbag.py:507} INFO - Filling up the DagBag from /opt/airflow/dags/user_processing.py
[2022-06-13 04:23:29,446] {processor.py:653} WARNING - No viable dags retrieved from /opt/airflow/dags/user_processing.py
[2022-06-13 04:23:29,705] {processor.py:161} INFO - Processing /opt/airflow/dags/user_processing.py took 0.617 seconds
[2022-06-13 04:24:00,293] {processor.py:153} INFO - Started process (PID=603) to work on /opt/airflow/dags/user_processing.py
[2022-06-13 04:24:00,298] {processor.py:641} INFO - Processing file /opt/airflow/dags/user_processing.py for tasks to queue
[2022-06-13 04:24:00,301] {logging_mixin.py:115} INFO - [2022-06-13 04:24:00,301] {dagbag.py:507} INFO - Filling up the DagBag from /opt/airflow/dags/user_processing.py
[2022-06-13 04:24:00,482] {processor.py:653} WARNING - No viable dags retrieved from /opt/airflow/dags/user_processing.py
[2022-06-13 04:24:00,656] {processor.py:161} INFO - Processing /opt/airflow/dags/user_processing.py took 0.396 seconds
[2022-06-13 04:24:30,968] {processor.py:153} INFO - Started process (PID=656) to work on /opt/airflow/dags/user_processing.py
[2022-06-13 04:24:30,972] {processor.py:641} INFO - Processing file /opt/airflow/dags/user_processing.py for tasks to queue
[2022-06-13 04:24:30,976] {logging_mixin.py:115} INFO - [2022-06-13 04:24:30,976] {dagbag.py:507} INFO - Filling up the DagBag from /opt/airflow/dags/user_processing.py
[2022-06-13 04:24:31,085] {processor.py:653} WARNING - No viable dags retrieved from /opt/airflow/dags/user_processing.py
[2022-06-13 04:24:31,150] {processor.py:161} INFO - Processing /opt/airflow/dags/user_processing.py took 0.200 seconds
[2022-06-13 04:25:01,465] {processor.py:153} INFO - Started process (PID=706) to work on /opt/airflow/dags/user_processing.py
[2022-06-13 04:25:01,477] {processor.py:641} INFO - Processing file /opt/airflow/dags/user_processing.py for tasks to queue
[2022-06-13 04:25:01,495] {logging_mixin.py:115} INFO - [2022-06-13 04:25:01,495] {dagbag.py:507} INFO - Filling up the DagBag from /opt/airflow/dags/user_processing.py
[2022-06-13 04:25:01,643] {processor.py:653} WARNING - No viable dags retrieved from /opt/airflow/dags/user_processing.py
[2022-06-13 04:25:01,718] {processor.py:161} INFO - Processing /opt/airflow/dags/user_processing.py took 0.284 seconds
[2022-06-13 04:25:32,527] {processor.py:153} INFO - Started process (PID=753) to work on /opt/airflow/dags/user_processing.py
[2022-06-13 04:25:32,538] {processor.py:641} INFO - Processing file /opt/airflow/dags/user_processing.py for tasks to queue
[2022-06-13 04:25:32,544] {logging_mixin.py:115} INFO - [2022-06-13 04:25:32,544] {dagbag.py:507} INFO - Filling up the DagBag from /opt/airflow/dags/user_processing.py
[2022-06-13 04:25:32,661] {processor.py:653} WARNING - No viable dags retrieved from /opt/airflow/dags/user_processing.py
[2022-06-13 04:25:32,772] {processor.py:161} INFO - Processing /opt/airflow/dags/user_processing.py took 0.284 seconds
[2022-06-13 04:26:03,143] {processor.py:153} INFO - Started process (PID=806) to work on /opt/airflow/dags/user_processing.py
[2022-06-13 04:26:03,154] {processor.py:641} INFO - Processing file /opt/airflow/dags/user_processing.py for tasks to queue
[2022-06-13 04:26:03,177] {logging_mixin.py:115} INFO - [2022-06-13 04:26:03,176] {dagbag.py:507} INFO - Filling up the DagBag from /opt/airflow/dags/user_processing.py
[2022-06-13 04:26:03,349] {processor.py:653} WARNING - No viable dags retrieved from /opt/airflow/dags/user_processing.py
[2022-06-13 04:26:03,614] {processor.py:161} INFO - Processing /opt/airflow/dags/user_processing.py took 0.480 seconds
[2022-06-13 04:26:33,939] {processor.py:153} INFO - Started process (PID=859) to work on /opt/airflow/dags/user_processing.py
[2022-06-13 04:26:33,943] {processor.py:641} INFO - Processing file /opt/airflow/dags/user_processing.py for tasks to queue
[2022-06-13 04:26:33,945] {logging_mixin.py:115} INFO - [2022-06-13 04:26:33,945] {dagbag.py:507} INFO - Filling up the DagBag from /opt/airflow/dags/user_processing.py
[2022-06-13 04:26:33,978] {processor.py:653} WARNING - No viable dags retrieved from /opt/airflow/dags/user_processing.py
[2022-06-13 04:26:34,020] {processor.py:161} INFO - Processing /opt/airflow/dags/user_processing.py took 0.086 seconds
[2022-06-13 04:27:14,746] {processor.py:153} INFO - Started process (PID=919) to work on /opt/airflow/dags/user_processing.py
[2022-06-13 04:27:14,748] {processor.py:641} INFO - Processing file /opt/airflow/dags/user_processing.py for tasks to queue
[2022-06-13 04:27:14,758] {logging_mixin.py:115} INFO - [2022-06-13 04:27:14,755] {dagbag.py:507} INFO - Filling up the DagBag from /opt/airflow/dags/user_processing.py
[2022-06-13 04:27:14,925] {processor.py:653} WARNING - No viable dags retrieved from /opt/airflow/dags/user_processing.py
[2022-06-13 04:27:15,060] {processor.py:161} INFO - Processing /opt/airflow/dags/user_processing.py took 0.349 seconds
[2022-06-13 04:29:59,427] {processor.py:153} INFO - Started process (PID=978) to work on /opt/airflow/dags/user_processing.py
[2022-06-13 04:29:59,440] {processor.py:641} INFO - Processing file /opt/airflow/dags/user_processing.py for tasks to queue
[2022-06-13 04:29:59,505] {logging_mixin.py:115} INFO - [2022-06-13 04:29:59,502] {dagbag.py:507} INFO - Filling up the DagBag from /opt/airflow/dags/user_processing.py
[2022-06-13 04:30:00,380] {processor.py:653} WARNING - No viable dags retrieved from /opt/airflow/dags/user_processing.py
[2022-06-13 04:30:00,986] {processor.py:161} INFO - Processing /opt/airflow/dags/user_processing.py took 1.710 seconds
[2022-06-13 04:30:32,039] {processor.py:153} INFO - Started process (PID=1034) to work on /opt/airflow/dags/user_processing.py
[2022-06-13 04:30:32,051] {processor.py:641} INFO - Processing file /opt/airflow/dags/user_processing.py for tasks to queue
[2022-06-13 04:30:32,060] {logging_mixin.py:115} INFO - [2022-06-13 04:30:32,059] {dagbag.py:507} INFO - Filling up the DagBag from /opt/airflow/dags/user_processing.py
[2022-06-13 04:30:32,157] {processor.py:653} WARNING - No viable dags retrieved from /opt/airflow/dags/user_processing.py
[2022-06-13 04:30:32,223] {processor.py:161} INFO - Processing /opt/airflow/dags/user_processing.py took 0.200 seconds
[2022-06-13 04:31:03,037] {processor.py:153} INFO - Started process (PID=1081) to work on /opt/airflow/dags/user_processing.py
[2022-06-13 04:31:03,052] {processor.py:641} INFO - Processing file /opt/airflow/dags/user_processing.py for tasks to queue
[2022-06-13 04:31:03,064] {logging_mixin.py:115} INFO - [2022-06-13 04:31:03,064] {dagbag.py:507} INFO - Filling up the DagBag from /opt/airflow/dags/user_processing.py
[2022-06-13 04:31:03,171] {processor.py:653} WARNING - No viable dags retrieved from /opt/airflow/dags/user_processing.py
[2022-06-13 04:31:03,243] {processor.py:161} INFO - Processing /opt/airflow/dags/user_processing.py took 0.219 seconds
[2022-06-13 04:31:33,349] {processor.py:153} INFO - Started process (PID=1136) to work on /opt/airflow/dags/user_processing.py
[2022-06-13 04:31:33,353] {processor.py:641} INFO - Processing file /opt/airflow/dags/user_processing.py for tasks to queue
[2022-06-13 04:31:33,357] {logging_mixin.py:115} INFO - [2022-06-13 04:31:33,356] {dagbag.py:507} INFO - Filling up the DagBag from /opt/airflow/dags/user_processing.py
[2022-06-13 04:31:33,404] {processor.py:653} WARNING - No viable dags retrieved from /opt/airflow/dags/user_processing.py
[2022-06-13 04:31:33,447] {processor.py:161} INFO - Processing /opt/airflow/dags/user_processing.py took 0.109 seconds
[2022-06-13 04:32:03,574] {processor.py:153} INFO - Started process (PID=1189) to work on /opt/airflow/dags/user_processing.py
[2022-06-13 04:32:03,576] {processor.py:641} INFO - Processing file /opt/airflow/dags/user_processing.py for tasks to queue
[2022-06-13 04:32:03,578] {logging_mixin.py:115} INFO - [2022-06-13 04:32:03,578] {dagbag.py:507} INFO - Filling up the DagBag from /opt/airflow/dags/user_processing.py
[2022-06-13 04:32:03,609] {processor.py:653} WARNING - No viable dags retrieved from /opt/airflow/dags/user_processing.py
[2022-06-13 04:32:03,645] {processor.py:161} INFO - Processing /opt/airflow/dags/user_processing.py took 0.080 seconds
[2022-06-13 04:32:34,013] {processor.py:153} INFO - Started process (PID=1243) to work on /opt/airflow/dags/user_processing.py
[2022-06-13 04:32:34,020] {processor.py:641} INFO - Processing file /opt/airflow/dags/user_processing.py for tasks to queue
[2022-06-13 04:32:34,024] {logging_mixin.py:115} INFO - [2022-06-13 04:32:34,024] {dagbag.py:507} INFO - Filling up the DagBag from /opt/airflow/dags/user_processing.py
[2022-06-13 04:32:34,110] {processor.py:653} WARNING - No viable dags retrieved from /opt/airflow/dags/user_processing.py
[2022-06-13 04:32:34,205] {processor.py:161} INFO - Processing /opt/airflow/dags/user_processing.py took 0.209 seconds
[2022-06-13 04:33:05,398] {processor.py:153} INFO - Started process (PID=1297) to work on /opt/airflow/dags/user_processing.py
[2022-06-13 04:33:05,509] {processor.py:641} INFO - Processing file /opt/airflow/dags/user_processing.py for tasks to queue
[2022-06-13 04:33:05,523] {logging_mixin.py:115} INFO - [2022-06-13 04:33:05,523] {dagbag.py:507} INFO - Filling up the DagBag from /opt/airflow/dags/user_processing.py
[2022-06-13 04:33:05,790] {processor.py:653} WARNING - No viable dags retrieved from /opt/airflow/dags/user_processing.py
[2022-06-13 04:33:05,914] {processor.py:161} INFO - Processing /opt/airflow/dags/user_processing.py took 0.602 seconds
[2022-06-13 04:33:35,986] {processor.py:153} INFO - Started process (PID=1351) to work on /opt/airflow/dags/user_processing.py
[2022-06-13 04:33:35,992] {processor.py:641} INFO - Processing file /opt/airflow/dags/user_processing.py for tasks to queue
[2022-06-13 04:33:35,996] {logging_mixin.py:115} INFO - [2022-06-13 04:33:35,995] {dagbag.py:507} INFO - Filling up the DagBag from /opt/airflow/dags/user_processing.py
[2022-06-13 04:33:36,030] {processor.py:653} WARNING - No viable dags retrieved from /opt/airflow/dags/user_processing.py
[2022-06-13 04:33:36,065] {processor.py:161} INFO - Processing /opt/airflow/dags/user_processing.py took 0.088 seconds
[2022-06-13 04:34:06,619] {processor.py:153} INFO - Started process (PID=1404) to work on /opt/airflow/dags/user_processing.py
[2022-06-13 04:34:06,625] {processor.py:641} INFO - Processing file /opt/airflow/dags/user_processing.py for tasks to queue
[2022-06-13 04:34:06,655] {logging_mixin.py:115} INFO - [2022-06-13 04:34:06,655] {dagbag.py:507} INFO - Filling up the DagBag from /opt/airflow/dags/user_processing.py
[2022-06-13 04:34:06,721] {processor.py:653} WARNING - No viable dags retrieved from /opt/airflow/dags/user_processing.py
[2022-06-13 04:34:06,874] {processor.py:161} INFO - Processing /opt/airflow/dags/user_processing.py took 0.264 seconds
[2022-06-13 04:34:37,173] {processor.py:153} INFO - Started process (PID=1468) to work on /opt/airflow/dags/user_processing.py
[2022-06-13 04:34:37,175] {processor.py:641} INFO - Processing file /opt/airflow/dags/user_processing.py for tasks to queue
[2022-06-13 04:34:37,178] {logging_mixin.py:115} INFO - [2022-06-13 04:34:37,178] {dagbag.py:507} INFO - Filling up the DagBag from /opt/airflow/dags/user_processing.py
[2022-06-13 04:34:37,202] {processor.py:653} WARNING - No viable dags retrieved from /opt/airflow/dags/user_processing.py
[2022-06-13 04:34:37,232] {processor.py:161} INFO - Processing /opt/airflow/dags/user_processing.py took 0.064 seconds
[2022-06-13 04:35:07,853] {processor.py:153} INFO - Started process (PID=1522) to work on /opt/airflow/dags/user_processing.py
[2022-06-13 04:35:07,855] {processor.py:641} INFO - Processing file /opt/airflow/dags/user_processing.py for tasks to queue
[2022-06-13 04:35:07,858] {logging_mixin.py:115} INFO - [2022-06-13 04:35:07,858] {dagbag.py:507} INFO - Filling up the DagBag from /opt/airflow/dags/user_processing.py
[2022-06-13 04:35:07,884] {processor.py:653} WARNING - No viable dags retrieved from /opt/airflow/dags/user_processing.py
[2022-06-13 04:35:07,920] {processor.py:161} INFO - Processing /opt/airflow/dags/user_processing.py took 0.075 seconds
[2022-06-13 04:35:38,422] {processor.py:153} INFO - Started process (PID=1576) to work on /opt/airflow/dags/user_processing.py
[2022-06-13 04:35:38,425] {processor.py:641} INFO - Processing file /opt/airflow/dags/user_processing.py for tasks to queue
[2022-06-13 04:35:38,430] {logging_mixin.py:115} INFO - [2022-06-13 04:35:38,429] {dagbag.py:507} INFO - Filling up the DagBag from /opt/airflow/dags/user_processing.py
[2022-06-13 04:35:38,463] {processor.py:653} WARNING - No viable dags retrieved from /opt/airflow/dags/user_processing.py
[2022-06-13 04:35:38,528] {processor.py:161} INFO - Processing /opt/airflow/dags/user_processing.py took 0.115 seconds
[2022-06-13 04:36:08,912] {processor.py:153} INFO - Started process (PID=1630) to work on /opt/airflow/dags/user_processing.py
[2022-06-13 04:36:08,914] {processor.py:641} INFO - Processing file /opt/airflow/dags/user_processing.py for tasks to queue
[2022-06-13 04:36:08,916] {logging_mixin.py:115} INFO - [2022-06-13 04:36:08,916] {dagbag.py:507} INFO - Filling up the DagBag from /opt/airflow/dags/user_processing.py
[2022-06-13 04:36:08,938] {processor.py:653} WARNING - No viable dags retrieved from /opt/airflow/dags/user_processing.py
[2022-06-13 04:36:08,978] {processor.py:161} INFO - Processing /opt/airflow/dags/user_processing.py took 0.071 seconds
[2022-06-13 04:36:39,576] {processor.py:153} INFO - Started process (PID=1684) to work on /opt/airflow/dags/user_processing.py
[2022-06-13 04:36:39,578] {processor.py:641} INFO - Processing file /opt/airflow/dags/user_processing.py for tasks to queue
[2022-06-13 04:36:39,580] {logging_mixin.py:115} INFO - [2022-06-13 04:36:39,580] {dagbag.py:507} INFO - Filling up the DagBag from /opt/airflow/dags/user_processing.py
[2022-06-13 04:36:39,605] {processor.py:653} WARNING - No viable dags retrieved from /opt/airflow/dags/user_processing.py
[2022-06-13 04:36:39,631] {processor.py:161} INFO - Processing /opt/airflow/dags/user_processing.py took 0.062 seconds
[2022-06-13 04:37:10,427] {processor.py:153} INFO - Started process (PID=1737) to work on /opt/airflow/dags/user_processing.py
[2022-06-13 04:37:10,433] {processor.py:641} INFO - Processing file /opt/airflow/dags/user_processing.py for tasks to queue
[2022-06-13 04:37:10,440] {logging_mixin.py:115} INFO - [2022-06-13 04:37:10,438] {dagbag.py:507} INFO - Filling up the DagBag from /opt/airflow/dags/user_processing.py
[2022-06-13 04:37:10,490] {processor.py:653} WARNING - No viable dags retrieved from /opt/airflow/dags/user_processing.py
[2022-06-13 04:37:10,523] {processor.py:161} INFO - Processing /opt/airflow/dags/user_processing.py took 0.109 seconds
[2022-06-13 04:37:41,195] {processor.py:153} INFO - Started process (PID=1801) to work on /opt/airflow/dags/user_processing.py
[2022-06-13 04:37:41,197] {processor.py:641} INFO - Processing file /opt/airflow/dags/user_processing.py for tasks to queue
[2022-06-13 04:37:41,200] {logging_mixin.py:115} INFO - [2022-06-13 04:37:41,200] {dagbag.py:507} INFO - Filling up the DagBag from /opt/airflow/dags/user_processing.py
[2022-06-13 04:37:41,223] {processor.py:653} WARNING - No viable dags retrieved from /opt/airflow/dags/user_processing.py
[2022-06-13 04:37:41,250] {processor.py:161} INFO - Processing /opt/airflow/dags/user_processing.py took 0.061 seconds
[2022-06-13 04:38:11,882] {processor.py:153} INFO - Started process (PID=1855) to work on /opt/airflow/dags/user_processing.py
[2022-06-13 04:38:11,884] {processor.py:641} INFO - Processing file /opt/airflow/dags/user_processing.py for tasks to queue
[2022-06-13 04:38:11,886] {logging_mixin.py:115} INFO - [2022-06-13 04:38:11,886] {dagbag.py:507} INFO - Filling up the DagBag from /opt/airflow/dags/user_processing.py
[2022-06-13 04:38:11,907] {processor.py:653} WARNING - No viable dags retrieved from /opt/airflow/dags/user_processing.py
[2022-06-13 04:38:11,932] {processor.py:161} INFO - Processing /opt/airflow/dags/user_processing.py took 0.054 seconds
[2022-06-13 04:38:42,272] {processor.py:153} INFO - Started process (PID=1908) to work on /opt/airflow/dags/user_processing.py
[2022-06-13 04:38:42,274] {processor.py:641} INFO - Processing file /opt/airflow/dags/user_processing.py for tasks to queue
[2022-06-13 04:38:42,276] {logging_mixin.py:115} INFO - [2022-06-13 04:38:42,276] {dagbag.py:507} INFO - Filling up the DagBag from /opt/airflow/dags/user_processing.py
[2022-06-13 04:38:42,298] {processor.py:653} WARNING - No viable dags retrieved from /opt/airflow/dags/user_processing.py
[2022-06-13 04:38:42,323] {processor.py:161} INFO - Processing /opt/airflow/dags/user_processing.py took 0.058 seconds
[2022-06-13 04:39:12,777] {processor.py:153} INFO - Started process (PID=1962) to work on /opt/airflow/dags/user_processing.py
[2022-06-13 04:39:12,779] {processor.py:641} INFO - Processing file /opt/airflow/dags/user_processing.py for tasks to queue
[2022-06-13 04:39:12,784] {logging_mixin.py:115} INFO - [2022-06-13 04:39:12,784] {dagbag.py:507} INFO - Filling up the DagBag from /opt/airflow/dags/user_processing.py
[2022-06-13 04:39:12,809] {processor.py:653} WARNING - No viable dags retrieved from /opt/airflow/dags/user_processing.py
[2022-06-13 04:39:12,834] {processor.py:161} INFO - Processing /opt/airflow/dags/user_processing.py took 0.065 seconds
[2022-06-13 04:39:43,192] {processor.py:153} INFO - Started process (PID=2025) to work on /opt/airflow/dags/user_processing.py
[2022-06-13 04:39:43,200] {processor.py:641} INFO - Processing file /opt/airflow/dags/user_processing.py for tasks to queue
[2022-06-13 04:39:43,213] {logging_mixin.py:115} INFO - [2022-06-13 04:39:43,211] {dagbag.py:507} INFO - Filling up the DagBag from /opt/airflow/dags/user_processing.py
[2022-06-13 04:39:43,279] {processor.py:653} WARNING - No viable dags retrieved from /opt/airflow/dags/user_processing.py
[2022-06-13 04:39:43,315] {processor.py:161} INFO - Processing /opt/airflow/dags/user_processing.py took 0.144 seconds
[2022-06-13 04:40:13,360] {processor.py:153} INFO - Started process (PID=2078) to work on /opt/airflow/dags/user_processing.py
[2022-06-13 04:40:13,363] {processor.py:641} INFO - Processing file /opt/airflow/dags/user_processing.py for tasks to queue
[2022-06-13 04:40:13,366] {logging_mixin.py:115} INFO - [2022-06-13 04:40:13,366] {dagbag.py:507} INFO - Filling up the DagBag from /opt/airflow/dags/user_processing.py
[2022-06-13 04:40:13,396] {processor.py:653} WARNING - No viable dags retrieved from /opt/airflow/dags/user_processing.py
[2022-06-13 04:40:13,433] {processor.py:161} INFO - Processing /opt/airflow/dags/user_processing.py took 0.087 seconds
[2022-06-13 04:40:43,605] {processor.py:153} INFO - Started process (PID=2131) to work on /opt/airflow/dags/user_processing.py
[2022-06-13 04:40:43,617] {processor.py:641} INFO - Processing file /opt/airflow/dags/user_processing.py for tasks to queue
[2022-06-13 04:40:43,621] {logging_mixin.py:115} INFO - [2022-06-13 04:40:43,621] {dagbag.py:507} INFO - Filling up the DagBag from /opt/airflow/dags/user_processing.py
[2022-06-13 04:40:43,724] {processor.py:653} WARNING - No viable dags retrieved from /opt/airflow/dags/user_processing.py
[2022-06-13 04:40:43,814] {processor.py:161} INFO - Processing /opt/airflow/dags/user_processing.py took 0.272 seconds
[2022-06-13 04:41:14,242] {processor.py:153} INFO - Started process (PID=2190) to work on /opt/airflow/dags/user_processing.py
[2022-06-13 04:41:14,244] {processor.py:641} INFO - Processing file /opt/airflow/dags/user_processing.py for tasks to queue
[2022-06-13 04:41:14,250] {logging_mixin.py:115} INFO - [2022-06-13 04:41:14,249] {dagbag.py:507} INFO - Filling up the DagBag from /opt/airflow/dags/user_processing.py
[2022-06-13 04:41:14,325] {processor.py:653} WARNING - No viable dags retrieved from /opt/airflow/dags/user_processing.py
[2022-06-13 04:41:14,392] {processor.py:161} INFO - Processing /opt/airflow/dags/user_processing.py took 0.200 seconds
[2022-06-13 04:41:45,197] {processor.py:153} INFO - Started process (PID=2248) to work on /opt/airflow/dags/user_processing.py
[2022-06-13 04:41:45,201] {processor.py:641} INFO - Processing file /opt/airflow/dags/user_processing.py for tasks to queue
[2022-06-13 04:41:45,207] {logging_mixin.py:115} INFO - [2022-06-13 04:41:45,206] {dagbag.py:507} INFO - Filling up the DagBag from /opt/airflow/dags/user_processing.py
[2022-06-13 04:41:45,274] {processor.py:653} WARNING - No viable dags retrieved from /opt/airflow/dags/user_processing.py
[2022-06-13 04:41:45,309] {processor.py:161} INFO - Processing /opt/airflow/dags/user_processing.py took 0.159 seconds
[2022-06-13 04:42:15,927] {processor.py:153} INFO - Started process (PID=2302) to work on /opt/airflow/dags/user_processing.py
[2022-06-13 04:42:15,930] {processor.py:641} INFO - Processing file /opt/airflow/dags/user_processing.py for tasks to queue
[2022-06-13 04:42:15,932] {logging_mixin.py:115} INFO - [2022-06-13 04:42:15,932] {dagbag.py:507} INFO - Filling up the DagBag from /opt/airflow/dags/user_processing.py
[2022-06-13 04:42:15,957] {processor.py:653} WARNING - No viable dags retrieved from /opt/airflow/dags/user_processing.py
[2022-06-13 04:42:16,003] {processor.py:161} INFO - Processing /opt/airflow/dags/user_processing.py took 0.081 seconds
[2022-06-13 04:42:46,959] {processor.py:153} INFO - Started process (PID=2356) to work on /opt/airflow/dags/user_processing.py
[2022-06-13 04:42:46,961] {processor.py:641} INFO - Processing file /opt/airflow/dags/user_processing.py for tasks to queue
[2022-06-13 04:42:46,963] {logging_mixin.py:115} INFO - [2022-06-13 04:42:46,963] {dagbag.py:507} INFO - Filling up the DagBag from /opt/airflow/dags/user_processing.py
[2022-06-13 04:42:47,006] {processor.py:653} WARNING - No viable dags retrieved from /opt/airflow/dags/user_processing.py
[2022-06-13 04:42:47,055] {processor.py:161} INFO - Processing /opt/airflow/dags/user_processing.py took 0.103 seconds
[2022-06-13 04:43:17,430] {processor.py:153} INFO - Started process (PID=2410) to work on /opt/airflow/dags/user_processing.py
[2022-06-13 04:43:17,432] {processor.py:641} INFO - Processing file /opt/airflow/dags/user_processing.py for tasks to queue
[2022-06-13 04:43:17,434] {logging_mixin.py:115} INFO - [2022-06-13 04:43:17,434] {dagbag.py:507} INFO - Filling up the DagBag from /opt/airflow/dags/user_processing.py
[2022-06-13 04:43:17,466] {processor.py:653} WARNING - No viable dags retrieved from /opt/airflow/dags/user_processing.py
[2022-06-13 04:43:17,501] {processor.py:161} INFO - Processing /opt/airflow/dags/user_processing.py took 0.077 seconds
[2022-06-13 04:43:48,200] {processor.py:153} INFO - Started process (PID=2465) to work on /opt/airflow/dags/user_processing.py
[2022-06-13 04:43:48,211] {processor.py:641} INFO - Processing file /opt/airflow/dags/user_processing.py for tasks to queue
[2022-06-13 04:43:48,221] {logging_mixin.py:115} INFO - [2022-06-13 04:43:48,220] {dagbag.py:507} INFO - Filling up the DagBag from /opt/airflow/dags/user_processing.py
[2022-06-13 04:43:48,312] {processor.py:653} WARNING - No viable dags retrieved from /opt/airflow/dags/user_processing.py
[2022-06-13 04:43:48,421] {processor.py:161} INFO - Processing /opt/airflow/dags/user_processing.py took 0.238 seconds
[2022-06-13 04:44:18,676] {processor.py:153} INFO - Started process (PID=2519) to work on /opt/airflow/dags/user_processing.py
[2022-06-13 04:44:18,679] {processor.py:641} INFO - Processing file /opt/airflow/dags/user_processing.py for tasks to queue
[2022-06-13 04:44:18,683] {logging_mixin.py:115} INFO - [2022-06-13 04:44:18,682] {dagbag.py:507} INFO - Filling up the DagBag from /opt/airflow/dags/user_processing.py
[2022-06-13 04:44:18,742] {processor.py:653} WARNING - No viable dags retrieved from /opt/airflow/dags/user_processing.py
[2022-06-13 04:44:18,799] {processor.py:161} INFO - Processing /opt/airflow/dags/user_processing.py took 0.136 seconds
[2022-06-13 04:44:49,765] {processor.py:153} INFO - Started process (PID=2580) to work on /opt/airflow/dags/user_processing.py
[2022-06-13 04:44:49,767] {processor.py:641} INFO - Processing file /opt/airflow/dags/user_processing.py for tasks to queue
[2022-06-13 04:44:49,769] {logging_mixin.py:115} INFO - [2022-06-13 04:44:49,769] {dagbag.py:507} INFO - Filling up the DagBag from /opt/airflow/dags/user_processing.py
[2022-06-13 04:44:49,796] {processor.py:653} WARNING - No viable dags retrieved from /opt/airflow/dags/user_processing.py
[2022-06-13 04:44:49,823] {processor.py:161} INFO - Processing /opt/airflow/dags/user_processing.py took 0.067 seconds
[2022-06-13 04:45:20,118] {processor.py:153} INFO - Started process (PID=2631) to work on /opt/airflow/dags/user_processing.py
[2022-06-13 04:45:20,123] {processor.py:641} INFO - Processing file /opt/airflow/dags/user_processing.py for tasks to queue
[2022-06-13 04:45:20,128] {logging_mixin.py:115} INFO - [2022-06-13 04:45:20,127] {dagbag.py:507} INFO - Filling up the DagBag from /opt/airflow/dags/user_processing.py
[2022-06-13 04:45:20,161] {processor.py:653} WARNING - No viable dags retrieved from /opt/airflow/dags/user_processing.py
[2022-06-13 04:45:20,203] {processor.py:161} INFO - Processing /opt/airflow/dags/user_processing.py took 0.099 seconds
[2022-06-13 04:45:50,544] {processor.py:153} INFO - Started process (PID=2685) to work on /opt/airflow/dags/user_processing.py
[2022-06-13 04:45:50,546] {processor.py:641} INFO - Processing file /opt/airflow/dags/user_processing.py for tasks to queue
[2022-06-13 04:45:50,549] {logging_mixin.py:115} INFO - [2022-06-13 04:45:50,548] {dagbag.py:507} INFO - Filling up the DagBag from /opt/airflow/dags/user_processing.py
[2022-06-13 04:45:50,578] {processor.py:653} WARNING - No viable dags retrieved from /opt/airflow/dags/user_processing.py
[2022-06-13 04:45:50,610] {processor.py:161} INFO - Processing /opt/airflow/dags/user_processing.py took 0.076 seconds
[2022-06-13 04:46:20,986] {processor.py:153} INFO - Started process (PID=2739) to work on /opt/airflow/dags/user_processing.py
[2022-06-13 04:46:20,989] {processor.py:641} INFO - Processing file /opt/airflow/dags/user_processing.py for tasks to queue
[2022-06-13 04:46:20,993] {logging_mixin.py:115} INFO - [2022-06-13 04:46:20,993] {dagbag.py:507} INFO - Filling up the DagBag from /opt/airflow/dags/user_processing.py
[2022-06-13 04:46:21,041] {processor.py:653} WARNING - No viable dags retrieved from /opt/airflow/dags/user_processing.py
[2022-06-13 04:46:21,106] {processor.py:161} INFO - Processing /opt/airflow/dags/user_processing.py took 0.130 seconds
[2022-06-13 04:46:51,693] {processor.py:153} INFO - Started process (PID=2801) to work on /opt/airflow/dags/user_processing.py
[2022-06-13 04:46:51,695] {processor.py:641} INFO - Processing file /opt/airflow/dags/user_processing.py for tasks to queue
[2022-06-13 04:46:51,699] {logging_mixin.py:115} INFO - [2022-06-13 04:46:51,699] {dagbag.py:507} INFO - Filling up the DagBag from /opt/airflow/dags/user_processing.py
[2022-06-13 04:46:51,763] {processor.py:653} WARNING - No viable dags retrieved from /opt/airflow/dags/user_processing.py
[2022-06-13 04:46:51,843] {processor.py:161} INFO - Processing /opt/airflow/dags/user_processing.py took 0.165 seconds
[2022-06-13 04:47:22,055] {processor.py:153} INFO - Started process (PID=2856) to work on /opt/airflow/dags/user_processing.py
[2022-06-13 04:47:22,057] {processor.py:641} INFO - Processing file /opt/airflow/dags/user_processing.py for tasks to queue
[2022-06-13 04:47:22,059] {logging_mixin.py:115} INFO - [2022-06-13 04:47:22,058] {dagbag.py:507} INFO - Filling up the DagBag from /opt/airflow/dags/user_processing.py
[2022-06-13 04:47:22,077] {processor.py:653} WARNING - No viable dags retrieved from /opt/airflow/dags/user_processing.py
[2022-06-13 04:47:22,102] {processor.py:161} INFO - Processing /opt/airflow/dags/user_processing.py took 0.052 seconds
[2022-06-13 04:47:52,631] {processor.py:153} INFO - Started process (PID=2910) to work on /opt/airflow/dags/user_processing.py
[2022-06-13 04:47:52,647] {processor.py:641} INFO - Processing file /opt/airflow/dags/user_processing.py for tasks to queue
[2022-06-13 04:47:52,649] {logging_mixin.py:115} INFO - [2022-06-13 04:47:52,649] {dagbag.py:507} INFO - Filling up the DagBag from /opt/airflow/dags/user_processing.py
[2022-06-13 04:47:52,687] {processor.py:653} WARNING - No viable dags retrieved from /opt/airflow/dags/user_processing.py
[2022-06-13 04:47:52,748] {processor.py:161} INFO - Processing /opt/airflow/dags/user_processing.py took 0.123 seconds
[2022-06-13 04:48:23,164] {processor.py:153} INFO - Started process (PID=2971) to work on /opt/airflow/dags/user_processing.py
[2022-06-13 04:48:23,167] {processor.py:641} INFO - Processing file /opt/airflow/dags/user_processing.py for tasks to queue
[2022-06-13 04:48:23,170] {logging_mixin.py:115} INFO - [2022-06-13 04:48:23,170] {dagbag.py:507} INFO - Filling up the DagBag from /opt/airflow/dags/user_processing.py
[2022-06-13 04:48:23,196] {processor.py:653} WARNING - No viable dags retrieved from /opt/airflow/dags/user_processing.py
[2022-06-13 04:48:23,227] {processor.py:161} INFO - Processing /opt/airflow/dags/user_processing.py took 0.073 seconds
[2022-06-13 04:48:53,272] {processor.py:153} INFO - Started process (PID=3025) to work on /opt/airflow/dags/user_processing.py
[2022-06-13 04:48:53,274] {processor.py:641} INFO - Processing file /opt/airflow/dags/user_processing.py for tasks to queue
[2022-06-13 04:48:53,276] {logging_mixin.py:115} INFO - [2022-06-13 04:48:53,276] {dagbag.py:507} INFO - Filling up the DagBag from /opt/airflow/dags/user_processing.py
[2022-06-13 04:48:53,299] {processor.py:653} WARNING - No viable dags retrieved from /opt/airflow/dags/user_processing.py
[2022-06-13 04:48:53,327] {processor.py:161} INFO - Processing /opt/airflow/dags/user_processing.py took 0.064 seconds
[2022-06-13 04:49:23,630] {processor.py:153} INFO - Started process (PID=3086) to work on /opt/airflow/dags/user_processing.py
[2022-06-13 04:49:23,632] {processor.py:641} INFO - Processing file /opt/airflow/dags/user_processing.py for tasks to queue
[2022-06-13 04:49:23,634] {logging_mixin.py:115} INFO - [2022-06-13 04:49:23,634] {dagbag.py:507} INFO - Filling up the DagBag from /opt/airflow/dags/user_processing.py
[2022-06-13 04:49:23,691] {processor.py:653} WARNING - No viable dags retrieved from /opt/airflow/dags/user_processing.py
[2022-06-13 04:49:23,755] {processor.py:161} INFO - Processing /opt/airflow/dags/user_processing.py took 0.140 seconds
[2022-06-13 04:49:53,896] {processor.py:153} INFO - Started process (PID=3143) to work on /opt/airflow/dags/user_processing.py
[2022-06-13 04:49:53,904] {processor.py:641} INFO - Processing file /opt/airflow/dags/user_processing.py for tasks to queue
[2022-06-13 04:49:53,906] {logging_mixin.py:115} INFO - [2022-06-13 04:49:53,906] {dagbag.py:507} INFO - Filling up the DagBag from /opt/airflow/dags/user_processing.py
[2022-06-13 04:49:53,944] {processor.py:653} WARNING - No viable dags retrieved from /opt/airflow/dags/user_processing.py
[2022-06-13 04:49:53,990] {processor.py:161} INFO - Processing /opt/airflow/dags/user_processing.py took 0.101 seconds
[2022-06-13 04:50:24,212] {processor.py:153} INFO - Started process (PID=3194) to work on /opt/airflow/dags/user_processing.py
[2022-06-13 04:50:24,225] {processor.py:641} INFO - Processing file /opt/airflow/dags/user_processing.py for tasks to queue
[2022-06-13 04:50:24,228] {logging_mixin.py:115} INFO - [2022-06-13 04:50:24,227] {dagbag.py:507} INFO - Filling up the DagBag from /opt/airflow/dags/user_processing.py
[2022-06-13 04:50:24,292] {processor.py:653} WARNING - No viable dags retrieved from /opt/airflow/dags/user_processing.py
[2022-06-13 04:50:24,369] {processor.py:161} INFO - Processing /opt/airflow/dags/user_processing.py took 0.181 seconds
[2022-06-13 04:50:54,859] {processor.py:153} INFO - Started process (PID=3248) to work on /opt/airflow/dags/user_processing.py
[2022-06-13 04:50:54,862] {processor.py:641} INFO - Processing file /opt/airflow/dags/user_processing.py for tasks to queue
[2022-06-13 04:50:54,869] {logging_mixin.py:115} INFO - [2022-06-13 04:50:54,869] {dagbag.py:507} INFO - Filling up the DagBag from /opt/airflow/dags/user_processing.py
[2022-06-13 04:50:54,895] {processor.py:653} WARNING - No viable dags retrieved from /opt/airflow/dags/user_processing.py
[2022-06-13 04:50:54,927] {processor.py:161} INFO - Processing /opt/airflow/dags/user_processing.py took 0.075 seconds
[2022-06-13 04:51:25,169] {processor.py:153} INFO - Started process (PID=3299) to work on /opt/airflow/dags/user_processing.py
[2022-06-13 04:51:25,170] {processor.py:641} INFO - Processing file /opt/airflow/dags/user_processing.py for tasks to queue
[2022-06-13 04:51:25,176] {logging_mixin.py:115} INFO - [2022-06-13 04:51:25,176] {dagbag.py:507} INFO - Filling up the DagBag from /opt/airflow/dags/user_processing.py
[2022-06-13 04:51:25,271] {processor.py:653} WARNING - No viable dags retrieved from /opt/airflow/dags/user_processing.py
[2022-06-13 04:51:25,364] {processor.py:161} INFO - Processing /opt/airflow/dags/user_processing.py took 0.219 seconds
[2022-06-13 04:51:55,556] {processor.py:153} INFO - Started process (PID=3362) to work on /opt/airflow/dags/user_processing.py
[2022-06-13 04:51:55,559] {processor.py:641} INFO - Processing file /opt/airflow/dags/user_processing.py for tasks to queue
[2022-06-13 04:51:55,563] {logging_mixin.py:115} INFO - [2022-06-13 04:51:55,562] {dagbag.py:507} INFO - Filling up the DagBag from /opt/airflow/dags/user_processing.py
[2022-06-13 04:51:55,610] {processor.py:653} WARNING - No viable dags retrieved from /opt/airflow/dags/user_processing.py
[2022-06-13 04:51:55,662] {processor.py:161} INFO - Processing /opt/airflow/dags/user_processing.py took 0.115 seconds
[2022-06-13 04:52:26,064] {processor.py:153} INFO - Started process (PID=3416) to work on /opt/airflow/dags/user_processing.py
[2022-06-13 04:52:26,066] {processor.py:641} INFO - Processing file /opt/airflow/dags/user_processing.py for tasks to queue
[2022-06-13 04:52:26,067] {logging_mixin.py:115} INFO - [2022-06-13 04:52:26,067] {dagbag.py:507} INFO - Filling up the DagBag from /opt/airflow/dags/user_processing.py
[2022-06-13 04:52:26,089] {processor.py:653} WARNING - No viable dags retrieved from /opt/airflow/dags/user_processing.py
[2022-06-13 04:52:26,113] {processor.py:161} INFO - Processing /opt/airflow/dags/user_processing.py took 0.054 seconds
[2022-06-13 04:52:56,992] {processor.py:153} INFO - Started process (PID=3480) to work on /opt/airflow/dags/user_processing.py
[2022-06-13 04:52:56,996] {processor.py:641} INFO - Processing file /opt/airflow/dags/user_processing.py for tasks to queue
[2022-06-13 04:52:56,998] {logging_mixin.py:115} INFO - [2022-06-13 04:52:56,997] {dagbag.py:507} INFO - Filling up the DagBag from /opt/airflow/dags/user_processing.py
[2022-06-13 04:52:57,027] {processor.py:653} WARNING - No viable dags retrieved from /opt/airflow/dags/user_processing.py
[2022-06-13 04:52:57,057] {processor.py:161} INFO - Processing /opt/airflow/dags/user_processing.py took 0.071 seconds
[2022-06-13 04:53:27,231] {processor.py:153} INFO - Started process (PID=3533) to work on /opt/airflow/dags/user_processing.py
[2022-06-13 04:53:27,233] {processor.py:641} INFO - Processing file /opt/airflow/dags/user_processing.py for tasks to queue
[2022-06-13 04:53:27,235] {logging_mixin.py:115} INFO - [2022-06-13 04:53:27,234] {dagbag.py:507} INFO - Filling up the DagBag from /opt/airflow/dags/user_processing.py
[2022-06-13 04:53:27,261] {processor.py:653} WARNING - No viable dags retrieved from /opt/airflow/dags/user_processing.py
[2022-06-13 04:53:27,288] {processor.py:161} INFO - Processing /opt/airflow/dags/user_processing.py took 0.062 seconds
[2022-06-13 04:53:57,455] {processor.py:153} INFO - Started process (PID=3586) to work on /opt/airflow/dags/user_processing.py
[2022-06-13 04:53:57,457] {processor.py:641} INFO - Processing file /opt/airflow/dags/user_processing.py for tasks to queue
[2022-06-13 04:53:57,459] {logging_mixin.py:115} INFO - [2022-06-13 04:53:57,459] {dagbag.py:507} INFO - Filling up the DagBag from /opt/airflow/dags/user_processing.py
[2022-06-13 04:53:57,480] {processor.py:653} WARNING - No viable dags retrieved from /opt/airflow/dags/user_processing.py
[2022-06-13 04:53:57,505] {processor.py:161} INFO - Processing /opt/airflow/dags/user_processing.py took 0.055 seconds
[2022-06-13 04:54:28,361] {processor.py:153} INFO - Started process (PID=3646) to work on /opt/airflow/dags/user_processing.py
[2022-06-13 04:54:28,366] {processor.py:641} INFO - Processing file /opt/airflow/dags/user_processing.py for tasks to queue
[2022-06-13 04:54:28,370] {logging_mixin.py:115} INFO - [2022-06-13 04:54:28,369] {dagbag.py:507} INFO - Filling up the DagBag from /opt/airflow/dags/user_processing.py
[2022-06-13 04:54:28,420] {processor.py:653} WARNING - No viable dags retrieved from /opt/airflow/dags/user_processing.py
[2022-06-13 04:54:28,463] {processor.py:161} INFO - Processing /opt/airflow/dags/user_processing.py took 0.114 seconds
[2022-06-13 04:54:58,960] {processor.py:153} INFO - Started process (PID=3701) to work on /opt/airflow/dags/user_processing.py
[2022-06-13 04:54:58,961] {processor.py:641} INFO - Processing file /opt/airflow/dags/user_processing.py for tasks to queue
[2022-06-13 04:54:58,964] {logging_mixin.py:115} INFO - [2022-06-13 04:54:58,963] {dagbag.py:507} INFO - Filling up the DagBag from /opt/airflow/dags/user_processing.py
[2022-06-13 04:54:58,990] {processor.py:653} WARNING - No viable dags retrieved from /opt/airflow/dags/user_processing.py
[2022-06-13 04:54:59,032] {processor.py:161} INFO - Processing /opt/airflow/dags/user_processing.py took 0.078 seconds
[2022-06-13 04:55:29,693] {processor.py:153} INFO - Started process (PID=3756) to work on /opt/airflow/dags/user_processing.py
[2022-06-13 04:55:29,695] {processor.py:641} INFO - Processing file /opt/airflow/dags/user_processing.py for tasks to queue
[2022-06-13 04:55:29,698] {logging_mixin.py:115} INFO - [2022-06-13 04:55:29,697] {dagbag.py:507} INFO - Filling up the DagBag from /opt/airflow/dags/user_processing.py
[2022-06-13 04:55:29,721] {processor.py:653} WARNING - No viable dags retrieved from /opt/airflow/dags/user_processing.py
[2022-06-13 04:55:29,747] {processor.py:161} INFO - Processing /opt/airflow/dags/user_processing.py took 0.059 seconds
[2022-06-13 04:56:00,353] {processor.py:153} INFO - Started process (PID=3818) to work on /opt/airflow/dags/user_processing.py
[2022-06-13 04:56:00,356] {processor.py:641} INFO - Processing file /opt/airflow/dags/user_processing.py for tasks to queue
[2022-06-13 04:56:00,358] {logging_mixin.py:115} INFO - [2022-06-13 04:56:00,358] {dagbag.py:507} INFO - Filling up the DagBag from /opt/airflow/dags/user_processing.py
[2022-06-13 04:56:00,397] {processor.py:653} WARNING - No viable dags retrieved from /opt/airflow/dags/user_processing.py
[2022-06-13 04:56:00,436] {processor.py:161} INFO - Processing /opt/airflow/dags/user_processing.py took 0.092 seconds
[2022-06-13 04:56:30,784] {processor.py:153} INFO - Started process (PID=3875) to work on /opt/airflow/dags/user_processing.py
[2022-06-13 04:56:30,787] {processor.py:641} INFO - Processing file /opt/airflow/dags/user_processing.py for tasks to queue
[2022-06-13 04:56:30,788] {logging_mixin.py:115} INFO - [2022-06-13 04:56:30,788] {dagbag.py:507} INFO - Filling up the DagBag from /opt/airflow/dags/user_processing.py
[2022-06-13 04:56:30,809] {processor.py:653} WARNING - No viable dags retrieved from /opt/airflow/dags/user_processing.py
[2022-06-13 04:56:30,834] {processor.py:161} INFO - Processing /opt/airflow/dags/user_processing.py took 0.058 seconds
[2022-06-13 04:57:01,349] {processor.py:153} INFO - Started process (PID=3929) to work on /opt/airflow/dags/user_processing.py
[2022-06-13 04:57:01,352] {processor.py:641} INFO - Processing file /opt/airflow/dags/user_processing.py for tasks to queue
[2022-06-13 04:57:01,357] {logging_mixin.py:115} INFO - [2022-06-13 04:57:01,356] {dagbag.py:507} INFO - Filling up the DagBag from /opt/airflow/dags/user_processing.py
[2022-06-13 04:57:01,391] {processor.py:653} WARNING - No viable dags retrieved from /opt/airflow/dags/user_processing.py
[2022-06-13 04:57:01,419] {processor.py:161} INFO - Processing /opt/airflow/dags/user_processing.py took 0.079 seconds
[2022-06-13 04:57:31,942] {processor.py:153} INFO - Started process (PID=3992) to work on /opt/airflow/dags/user_processing.py
[2022-06-13 04:57:31,943] {processor.py:641} INFO - Processing file /opt/airflow/dags/user_processing.py for tasks to queue
[2022-06-13 04:57:31,945] {logging_mixin.py:115} INFO - [2022-06-13 04:57:31,945] {dagbag.py:507} INFO - Filling up the DagBag from /opt/airflow/dags/user_processing.py
[2022-06-13 04:57:31,963] {processor.py:653} WARNING - No viable dags retrieved from /opt/airflow/dags/user_processing.py
[2022-06-13 04:57:31,990] {processor.py:161} INFO - Processing /opt/airflow/dags/user_processing.py took 0.054 seconds
[2022-06-13 04:58:02,434] {processor.py:153} INFO - Started process (PID=4046) to work on /opt/airflow/dags/user_processing.py
[2022-06-13 04:58:02,436] {processor.py:641} INFO - Processing file /opt/airflow/dags/user_processing.py for tasks to queue
[2022-06-13 04:58:02,438] {logging_mixin.py:115} INFO - [2022-06-13 04:58:02,438] {dagbag.py:507} INFO - Filling up the DagBag from /opt/airflow/dags/user_processing.py
[2022-06-13 04:58:02,464] {processor.py:653} WARNING - No viable dags retrieved from /opt/airflow/dags/user_processing.py
[2022-06-13 04:58:02,488] {processor.py:161} INFO - Processing /opt/airflow/dags/user_processing.py took 0.062 seconds
[2022-06-13 04:58:33,189] {processor.py:153} INFO - Started process (PID=4101) to work on /opt/airflow/dags/user_processing.py
[2022-06-13 04:58:33,191] {processor.py:641} INFO - Processing file /opt/airflow/dags/user_processing.py for tasks to queue
[2022-06-13 04:58:33,193] {logging_mixin.py:115} INFO - [2022-06-13 04:58:33,192] {dagbag.py:507} INFO - Filling up the DagBag from /opt/airflow/dags/user_processing.py
[2022-06-13 04:58:33,221] {processor.py:653} WARNING - No viable dags retrieved from /opt/airflow/dags/user_processing.py
[2022-06-13 04:58:33,314] {processor.py:161} INFO - Processing /opt/airflow/dags/user_processing.py took 0.133 seconds
[2022-06-13 04:59:04,162] {processor.py:153} INFO - Started process (PID=4163) to work on /opt/airflow/dags/user_processing.py
[2022-06-13 04:59:04,165] {processor.py:641} INFO - Processing file /opt/airflow/dags/user_processing.py for tasks to queue
[2022-06-13 04:59:04,170] {logging_mixin.py:115} INFO - [2022-06-13 04:59:04,169] {dagbag.py:507} INFO - Filling up the DagBag from /opt/airflow/dags/user_processing.py
[2022-06-13 04:59:04,254] {processor.py:653} WARNING - No viable dags retrieved from /opt/airflow/dags/user_processing.py
[2022-06-13 04:59:04,321] {processor.py:161} INFO - Processing /opt/airflow/dags/user_processing.py took 0.168 seconds
[2022-06-13 04:59:34,746] {processor.py:153} INFO - Started process (PID=4217) to work on /opt/airflow/dags/user_processing.py
[2022-06-13 04:59:34,748] {processor.py:641} INFO - Processing file /opt/airflow/dags/user_processing.py for tasks to queue
[2022-06-13 04:59:34,751] {logging_mixin.py:115} INFO - [2022-06-13 04:59:34,751] {dagbag.py:507} INFO - Filling up the DagBag from /opt/airflow/dags/user_processing.py
[2022-06-13 04:59:34,775] {processor.py:653} WARNING - No viable dags retrieved from /opt/airflow/dags/user_processing.py
[2022-06-13 04:59:34,811] {processor.py:161} INFO - Processing /opt/airflow/dags/user_processing.py took 0.074 seconds
[2022-06-13 05:00:05,137] {processor.py:153} INFO - Started process (PID=4271) to work on /opt/airflow/dags/user_processing.py
[2022-06-13 05:00:05,142] {processor.py:641} INFO - Processing file /opt/airflow/dags/user_processing.py for tasks to queue
[2022-06-13 05:00:05,153] {logging_mixin.py:115} INFO - [2022-06-13 05:00:05,153] {dagbag.py:507} INFO - Filling up the DagBag from /opt/airflow/dags/user_processing.py
[2022-06-13 05:00:05,228] {processor.py:653} WARNING - No viable dags retrieved from /opt/airflow/dags/user_processing.py
[2022-06-13 05:00:05,269] {processor.py:161} INFO - Processing /opt/airflow/dags/user_processing.py took 0.177 seconds
[2022-06-13 05:00:36,010] {processor.py:153} INFO - Started process (PID=4333) to work on /opt/airflow/dags/user_processing.py
[2022-06-13 05:00:36,012] {processor.py:641} INFO - Processing file /opt/airflow/dags/user_processing.py for tasks to queue
[2022-06-13 05:00:36,024] {logging_mixin.py:115} INFO - [2022-06-13 05:00:36,024] {dagbag.py:507} INFO - Filling up the DagBag from /opt/airflow/dags/user_processing.py
[2022-06-13 05:00:36,158] {processor.py:653} WARNING - No viable dags retrieved from /opt/airflow/dags/user_processing.py
[2022-06-13 05:00:36,269] {processor.py:161} INFO - Processing /opt/airflow/dags/user_processing.py took 0.290 seconds
[2022-06-13 05:01:06,678] {processor.py:153} INFO - Started process (PID=4386) to work on /opt/airflow/dags/user_processing.py
[2022-06-13 05:01:06,680] {processor.py:641} INFO - Processing file /opt/airflow/dags/user_processing.py for tasks to queue
[2022-06-13 05:01:06,683] {logging_mixin.py:115} INFO - [2022-06-13 05:01:06,683] {dagbag.py:507} INFO - Filling up the DagBag from /opt/airflow/dags/user_processing.py
[2022-06-13 05:01:06,710] {processor.py:653} WARNING - No viable dags retrieved from /opt/airflow/dags/user_processing.py
[2022-06-13 05:01:06,743] {processor.py:161} INFO - Processing /opt/airflow/dags/user_processing.py took 0.069 seconds
[2022-06-13 05:01:37,187] {processor.py:153} INFO - Started process (PID=4439) to work on /opt/airflow/dags/user_processing.py
[2022-06-13 05:01:37,189] {processor.py:641} INFO - Processing file /opt/airflow/dags/user_processing.py for tasks to queue
[2022-06-13 05:01:37,192] {logging_mixin.py:115} INFO - [2022-06-13 05:01:37,192] {dagbag.py:507} INFO - Filling up the DagBag from /opt/airflow/dags/user_processing.py
[2022-06-13 05:01:37,215] {processor.py:653} WARNING - No viable dags retrieved from /opt/airflow/dags/user_processing.py
[2022-06-13 05:01:37,239] {processor.py:161} INFO - Processing /opt/airflow/dags/user_processing.py took 0.063 seconds
[2022-06-13 05:02:07,379] {processor.py:153} INFO - Started process (PID=4502) to work on /opt/airflow/dags/user_processing.py
[2022-06-13 05:02:07,394] {processor.py:641} INFO - Processing file /opt/airflow/dags/user_processing.py for tasks to queue
[2022-06-13 05:02:07,398] {logging_mixin.py:115} INFO - [2022-06-13 05:02:07,397] {dagbag.py:507} INFO - Filling up the DagBag from /opt/airflow/dags/user_processing.py
[2022-06-13 05:02:07,444] {processor.py:653} WARNING - No viable dags retrieved from /opt/airflow/dags/user_processing.py
[2022-06-13 05:02:07,511] {processor.py:161} INFO - Processing /opt/airflow/dags/user_processing.py took 0.157 seconds
[2022-06-13 05:02:37,671] {processor.py:153} INFO - Started process (PID=4555) to work on /opt/airflow/dags/user_processing.py
[2022-06-13 05:02:37,672] {processor.py:641} INFO - Processing file /opt/airflow/dags/user_processing.py for tasks to queue
[2022-06-13 05:02:37,674] {logging_mixin.py:115} INFO - [2022-06-13 05:02:37,674] {dagbag.py:507} INFO - Filling up the DagBag from /opt/airflow/dags/user_processing.py
[2022-06-13 05:02:37,696] {processor.py:653} WARNING - No viable dags retrieved from /opt/airflow/dags/user_processing.py
[2022-06-13 05:02:37,722] {processor.py:161} INFO - Processing /opt/airflow/dags/user_processing.py took 0.056 seconds
[2022-06-13 05:03:08,592] {processor.py:153} INFO - Started process (PID=4609) to work on /opt/airflow/dags/user_processing.py
[2022-06-13 05:03:08,594] {processor.py:641} INFO - Processing file /opt/airflow/dags/user_processing.py for tasks to queue
[2022-06-13 05:03:08,596] {logging_mixin.py:115} INFO - [2022-06-13 05:03:08,596] {dagbag.py:507} INFO - Filling up the DagBag from /opt/airflow/dags/user_processing.py
[2022-06-13 05:03:08,618] {processor.py:653} WARNING - No viable dags retrieved from /opt/airflow/dags/user_processing.py
[2022-06-13 05:03:08,643] {processor.py:161} INFO - Processing /opt/airflow/dags/user_processing.py took 0.063 seconds
[2022-06-13 05:03:38,928] {processor.py:153} INFO - Started process (PID=4674) to work on /opt/airflow/dags/user_processing.py
[2022-06-13 05:03:38,929] {processor.py:641} INFO - Processing file /opt/airflow/dags/user_processing.py for tasks to queue
[2022-06-13 05:03:38,931] {logging_mixin.py:115} INFO - [2022-06-13 05:03:38,931] {dagbag.py:507} INFO - Filling up the DagBag from /opt/airflow/dags/user_processing.py
[2022-06-13 05:03:38,952] {processor.py:653} WARNING - No viable dags retrieved from /opt/airflow/dags/user_processing.py
[2022-06-13 05:03:38,977] {processor.py:161} INFO - Processing /opt/airflow/dags/user_processing.py took 0.053 seconds
[2022-06-13 05:04:09,876] {processor.py:153} INFO - Started process (PID=4728) to work on /opt/airflow/dags/user_processing.py
[2022-06-13 05:04:09,878] {processor.py:641} INFO - Processing file /opt/airflow/dags/user_processing.py for tasks to queue
[2022-06-13 05:04:09,880] {logging_mixin.py:115} INFO - [2022-06-13 05:04:09,880] {dagbag.py:507} INFO - Filling up the DagBag from /opt/airflow/dags/user_processing.py
[2022-06-13 05:04:09,903] {processor.py:653} WARNING - No viable dags retrieved from /opt/airflow/dags/user_processing.py
[2022-06-13 05:04:09,929] {processor.py:161} INFO - Processing /opt/airflow/dags/user_processing.py took 0.057 seconds
[2022-06-13 05:04:40,550] {processor.py:153} INFO - Started process (PID=4791) to work on /opt/airflow/dags/user_processing.py
[2022-06-13 05:04:40,555] {processor.py:641} INFO - Processing file /opt/airflow/dags/user_processing.py for tasks to queue
[2022-06-13 05:04:40,563] {logging_mixin.py:115} INFO - [2022-06-13 05:04:40,562] {dagbag.py:507} INFO - Filling up the DagBag from /opt/airflow/dags/user_processing.py
[2022-06-13 05:04:40,627] {processor.py:653} WARNING - No viable dags retrieved from /opt/airflow/dags/user_processing.py
[2022-06-13 05:04:40,686] {processor.py:161} INFO - Processing /opt/airflow/dags/user_processing.py took 0.157 seconds
[2022-06-13 05:05:10,790] {processor.py:153} INFO - Started process (PID=4843) to work on /opt/airflow/dags/user_processing.py
[2022-06-13 05:05:10,792] {processor.py:641} INFO - Processing file /opt/airflow/dags/user_processing.py for tasks to queue
[2022-06-13 05:05:10,793] {logging_mixin.py:115} INFO - [2022-06-13 05:05:10,793] {dagbag.py:507} INFO - Filling up the DagBag from /opt/airflow/dags/user_processing.py
[2022-06-13 05:05:10,816] {processor.py:653} WARNING - No viable dags retrieved from /opt/airflow/dags/user_processing.py
[2022-06-13 05:05:10,841] {processor.py:161} INFO - Processing /opt/airflow/dags/user_processing.py took 0.056 seconds
[2022-06-13 05:05:41,688] {processor.py:153} INFO - Started process (PID=4897) to work on /opt/airflow/dags/user_processing.py
[2022-06-13 05:05:41,690] {processor.py:641} INFO - Processing file /opt/airflow/dags/user_processing.py for tasks to queue
[2022-06-13 05:05:41,692] {logging_mixin.py:115} INFO - [2022-06-13 05:05:41,692] {dagbag.py:507} INFO - Filling up the DagBag from /opt/airflow/dags/user_processing.py
[2022-06-13 05:05:41,736] {processor.py:653} WARNING - No viable dags retrieved from /opt/airflow/dags/user_processing.py
[2022-06-13 05:05:41,776] {processor.py:161} INFO - Processing /opt/airflow/dags/user_processing.py took 0.096 seconds
[2022-06-13 05:06:11,857] {processor.py:153} INFO - Started process (PID=4959) to work on /opt/airflow/dags/user_processing.py
[2022-06-13 05:06:11,859] {processor.py:641} INFO - Processing file /opt/airflow/dags/user_processing.py for tasks to queue
[2022-06-13 05:06:11,862] {logging_mixin.py:115} INFO - [2022-06-13 05:06:11,861] {dagbag.py:507} INFO - Filling up the DagBag from /opt/airflow/dags/user_processing.py
[2022-06-13 05:06:11,891] {processor.py:653} WARNING - No viable dags retrieved from /opt/airflow/dags/user_processing.py
[2022-06-13 05:06:11,922] {processor.py:161} INFO - Processing /opt/airflow/dags/user_processing.py took 0.072 seconds
[2022-06-13 05:06:42,515] {processor.py:153} INFO - Started process (PID=5012) to work on /opt/airflow/dags/user_processing.py
[2022-06-13 05:06:42,516] {processor.py:641} INFO - Processing file /opt/airflow/dags/user_processing.py for tasks to queue
[2022-06-13 05:06:42,518] {logging_mixin.py:115} INFO - [2022-06-13 05:06:42,518] {dagbag.py:507} INFO - Filling up the DagBag from /opt/airflow/dags/user_processing.py
[2022-06-13 05:06:42,538] {processor.py:653} WARNING - No viable dags retrieved from /opt/airflow/dags/user_processing.py
[2022-06-13 05:06:42,563] {processor.py:161} INFO - Processing /opt/airflow/dags/user_processing.py took 0.053 seconds
[2022-06-13 05:07:13,168] {processor.py:153} INFO - Started process (PID=5065) to work on /opt/airflow/dags/user_processing.py
[2022-06-13 05:07:13,170] {processor.py:641} INFO - Processing file /opt/airflow/dags/user_processing.py for tasks to queue
[2022-06-13 05:07:13,175] {logging_mixin.py:115} INFO - [2022-06-13 05:07:13,174] {dagbag.py:507} INFO - Filling up the DagBag from /opt/airflow/dags/user_processing.py
[2022-06-13 05:07:13,221] {processor.py:653} WARNING - No viable dags retrieved from /opt/airflow/dags/user_processing.py
[2022-06-13 05:07:13,250] {processor.py:161} INFO - Processing /opt/airflow/dags/user_processing.py took 0.100 seconds
[2022-06-13 05:07:43,980] {processor.py:153} INFO - Started process (PID=5129) to work on /opt/airflow/dags/user_processing.py
[2022-06-13 05:07:43,982] {processor.py:641} INFO - Processing file /opt/airflow/dags/user_processing.py for tasks to queue
[2022-06-13 05:07:43,984] {logging_mixin.py:115} INFO - [2022-06-13 05:07:43,984] {dagbag.py:507} INFO - Filling up the DagBag from /opt/airflow/dags/user_processing.py
[2022-06-13 05:07:44,015] {processor.py:653} WARNING - No viable dags retrieved from /opt/airflow/dags/user_processing.py
[2022-06-13 05:07:44,039] {processor.py:161} INFO - Processing /opt/airflow/dags/user_processing.py took 0.064 seconds
[2022-06-13 05:08:14,434] {processor.py:153} INFO - Started process (PID=5185) to work on /opt/airflow/dags/user_processing.py
[2022-06-13 05:08:14,435] {processor.py:641} INFO - Processing file /opt/airflow/dags/user_processing.py for tasks to queue
[2022-06-13 05:08:14,437] {logging_mixin.py:115} INFO - [2022-06-13 05:08:14,437] {dagbag.py:507} INFO - Filling up the DagBag from /opt/airflow/dags/user_processing.py
[2022-06-13 05:08:14,459] {processor.py:653} WARNING - No viable dags retrieved from /opt/airflow/dags/user_processing.py
[2022-06-13 05:08:14,482] {processor.py:161} INFO - Processing /opt/airflow/dags/user_processing.py took 0.052 seconds
[2022-06-13 05:08:44,702] {processor.py:153} INFO - Started process (PID=5246) to work on /opt/airflow/dags/user_processing.py
[2022-06-13 05:08:44,705] {processor.py:641} INFO - Processing file /opt/airflow/dags/user_processing.py for tasks to queue
[2022-06-13 05:08:44,707] {logging_mixin.py:115} INFO - [2022-06-13 05:08:44,706] {dagbag.py:507} INFO - Filling up the DagBag from /opt/airflow/dags/user_processing.py
[2022-06-13 05:08:44,744] {processor.py:653} WARNING - No viable dags retrieved from /opt/airflow/dags/user_processing.py
[2022-06-13 05:08:44,786] {processor.py:161} INFO - Processing /opt/airflow/dags/user_processing.py took 0.092 seconds
[2022-06-13 05:09:14,930] {processor.py:153} INFO - Started process (PID=5301) to work on /opt/airflow/dags/user_processing.py
[2022-06-13 05:09:14,940] {processor.py:641} INFO - Processing file /opt/airflow/dags/user_processing.py for tasks to queue
[2022-06-13 05:09:14,944] {logging_mixin.py:115} INFO - [2022-06-13 05:09:14,944] {dagbag.py:507} INFO - Filling up the DagBag from /opt/airflow/dags/user_processing.py
[2022-06-13 05:09:14,977] {processor.py:653} WARNING - No viable dags retrieved from /opt/airflow/dags/user_processing.py
[2022-06-13 05:09:15,013] {processor.py:161} INFO - Processing /opt/airflow/dags/user_processing.py took 0.096 seconds
[2022-06-13 05:09:45,491] {processor.py:153} INFO - Started process (PID=5355) to work on /opt/airflow/dags/user_processing.py
[2022-06-13 05:09:45,493] {processor.py:641} INFO - Processing file /opt/airflow/dags/user_processing.py for tasks to queue
[2022-06-13 05:09:45,495] {logging_mixin.py:115} INFO - [2022-06-13 05:09:45,495] {dagbag.py:507} INFO - Filling up the DagBag from /opt/airflow/dags/user_processing.py
[2022-06-13 05:09:45,521] {processor.py:653} WARNING - No viable dags retrieved from /opt/airflow/dags/user_processing.py
[2022-06-13 05:09:45,550] {processor.py:161} INFO - Processing /opt/airflow/dags/user_processing.py took 0.063 seconds
[2022-06-13 05:10:15,641] {processor.py:153} INFO - Started process (PID=5419) to work on /opt/airflow/dags/user_processing.py
[2022-06-13 05:10:15,643] {processor.py:641} INFO - Processing file /opt/airflow/dags/user_processing.py for tasks to queue
[2022-06-13 05:10:15,645] {logging_mixin.py:115} INFO - [2022-06-13 05:10:15,645] {dagbag.py:507} INFO - Filling up the DagBag from /opt/airflow/dags/user_processing.py
[2022-06-13 05:10:15,696] {processor.py:653} WARNING - No viable dags retrieved from /opt/airflow/dags/user_processing.py
[2022-06-13 05:10:15,743] {processor.py:161} INFO - Processing /opt/airflow/dags/user_processing.py took 0.122 seconds
[2022-06-13 05:10:46,366] {processor.py:153} INFO - Started process (PID=5472) to work on /opt/airflow/dags/user_processing.py
[2022-06-13 05:10:46,368] {processor.py:641} INFO - Processing file /opt/airflow/dags/user_processing.py for tasks to queue
[2022-06-13 05:10:46,370] {logging_mixin.py:115} INFO - [2022-06-13 05:10:46,370] {dagbag.py:507} INFO - Filling up the DagBag from /opt/airflow/dags/user_processing.py
[2022-06-13 05:10:46,412] {processor.py:653} WARNING - No viable dags retrieved from /opt/airflow/dags/user_processing.py
[2022-06-13 05:10:46,445] {processor.py:161} INFO - Processing /opt/airflow/dags/user_processing.py took 0.083 seconds
[2022-06-13 05:11:17,120] {processor.py:153} INFO - Started process (PID=5525) to work on /opt/airflow/dags/user_processing.py
[2022-06-13 05:11:17,122] {processor.py:641} INFO - Processing file /opt/airflow/dags/user_processing.py for tasks to queue
[2022-06-13 05:11:17,132] {logging_mixin.py:115} INFO - [2022-06-13 05:11:17,130] {dagbag.py:507} INFO - Filling up the DagBag from /opt/airflow/dags/user_processing.py
[2022-06-13 05:11:17,187] {processor.py:653} WARNING - No viable dags retrieved from /opt/airflow/dags/user_processing.py
[2022-06-13 05:11:17,269] {processor.py:161} INFO - Processing /opt/airflow/dags/user_processing.py took 0.188 seconds
[2022-06-13 05:12:05,315] {processor.py:153} INFO - Started process (PID=5569) to work on /opt/airflow/dags/user_processing.py
[2022-06-13 05:12:05,654] {processor.py:641} INFO - Processing file /opt/airflow/dags/user_processing.py for tasks to queue
[2022-06-13 05:12:05,671] {logging_mixin.py:115} INFO - [2022-06-13 05:12:05,670] {dagbag.py:507} INFO - Filling up the DagBag from /opt/airflow/dags/user_processing.py
[2022-06-13 05:12:06,215] {processor.py:653} WARNING - No viable dags retrieved from /opt/airflow/dags/user_processing.py
[2022-06-13 05:12:06,354] {processor.py:161} INFO - Processing /opt/airflow/dags/user_processing.py took 1.088 seconds
[2022-06-13 05:12:36,467] {processor.py:153} INFO - Started process (PID=5623) to work on /opt/airflow/dags/user_processing.py
[2022-06-13 05:12:36,469] {processor.py:641} INFO - Processing file /opt/airflow/dags/user_processing.py for tasks to queue
[2022-06-13 05:12:36,471] {logging_mixin.py:115} INFO - [2022-06-13 05:12:36,471] {dagbag.py:507} INFO - Filling up the DagBag from /opt/airflow/dags/user_processing.py
[2022-06-13 05:12:36,496] {processor.py:653} WARNING - No viable dags retrieved from /opt/airflow/dags/user_processing.py
[2022-06-13 05:12:36,520] {processor.py:161} INFO - Processing /opt/airflow/dags/user_processing.py took 0.060 seconds
[2022-06-13 05:42:53,754] {processor.py:153} INFO - Started process (PID=5648) to work on /opt/airflow/dags/user_processing.py
[2022-06-13 05:42:53,758] {processor.py:641} INFO - Processing file /opt/airflow/dags/user_processing.py for tasks to queue
[2022-06-13 05:42:53,765] {logging_mixin.py:115} INFO - [2022-06-13 05:42:53,763] {dagbag.py:507} INFO - Filling up the DagBag from /opt/airflow/dags/user_processing.py
[2022-06-13 05:42:53,909] {processor.py:653} WARNING - No viable dags retrieved from /opt/airflow/dags/user_processing.py
[2022-06-13 05:42:54,034] {processor.py:161} INFO - Processing /opt/airflow/dags/user_processing.py took 0.339 seconds
[2022-06-13 05:43:24,780] {processor.py:153} INFO - Started process (PID=5694) to work on /opt/airflow/dags/user_processing.py
[2022-06-13 05:43:24,784] {processor.py:641} INFO - Processing file /opt/airflow/dags/user_processing.py for tasks to queue
[2022-06-13 05:43:24,790] {logging_mixin.py:115} INFO - [2022-06-13 05:43:24,790] {dagbag.py:507} INFO - Filling up the DagBag from /opt/airflow/dags/user_processing.py
[2022-06-13 05:43:24,905] {processor.py:653} WARNING - No viable dags retrieved from /opt/airflow/dags/user_processing.py
[2022-06-13 05:43:25,093] {processor.py:161} INFO - Processing /opt/airflow/dags/user_processing.py took 0.335 seconds
[2022-06-13 05:46:31,451] {processor.py:153} INFO - Started process (PID=5748) to work on /opt/airflow/dags/user_processing.py
[2022-06-13 05:46:31,554] {processor.py:641} INFO - Processing file /opt/airflow/dags/user_processing.py for tasks to queue
[2022-06-13 05:46:31,750] {logging_mixin.py:115} INFO - [2022-06-13 05:46:31,749] {dagbag.py:507} INFO - Filling up the DagBag from /opt/airflow/dags/user_processing.py
[2022-06-13 05:46:32,369] {processor.py:653} WARNING - No viable dags retrieved from /opt/airflow/dags/user_processing.py
[2022-06-13 05:46:32,783] {processor.py:161} INFO - Processing /opt/airflow/dags/user_processing.py took 1.387 seconds
[2022-06-13 07:45:08,857] {processor.py:153} INFO - Started process (PID=5809) to work on /opt/airflow/dags/user_processing.py
[2022-06-13 07:45:08,871] {processor.py:641} INFO - Processing file /opt/airflow/dags/user_processing.py for tasks to queue
[2022-06-13 07:45:08,876] {logging_mixin.py:115} INFO - [2022-06-13 07:45:08,876] {dagbag.py:507} INFO - Filling up the DagBag from /opt/airflow/dags/user_processing.py
[2022-06-13 07:45:09,047] {processor.py:653} WARNING - No viable dags retrieved from /opt/airflow/dags/user_processing.py
[2022-06-13 07:45:09,234] {processor.py:161} INFO - Processing /opt/airflow/dags/user_processing.py took 0.415 seconds
[2022-06-13 07:45:45,981] {processor.py:153} INFO - Started process (PID=5861) to work on /opt/airflow/dags/user_processing.py
[2022-06-13 07:45:45,996] {processor.py:641} INFO - Processing file /opt/airflow/dags/user_processing.py for tasks to queue
[2022-06-13 07:45:46,011] {logging_mixin.py:115} INFO - [2022-06-13 07:45:46,010] {dagbag.py:507} INFO - Filling up the DagBag from /opt/airflow/dags/user_processing.py
[2022-06-13 07:45:46,305] {processor.py:653} WARNING - No viable dags retrieved from /opt/airflow/dags/user_processing.py
[2022-06-13 07:45:46,611] {processor.py:161} INFO - Processing /opt/airflow/dags/user_processing.py took 0.747 seconds
[2022-06-13 07:46:17,559] {processor.py:153} INFO - Started process (PID=5918) to work on /opt/airflow/dags/user_processing.py
[2022-06-13 07:46:17,565] {processor.py:641} INFO - Processing file /opt/airflow/dags/user_processing.py for tasks to queue
[2022-06-13 07:46:17,571] {logging_mixin.py:115} INFO - [2022-06-13 07:46:17,570] {dagbag.py:507} INFO - Filling up the DagBag from /opt/airflow/dags/user_processing.py
[2022-06-13 07:46:17,657] {processor.py:653} WARNING - No viable dags retrieved from /opt/airflow/dags/user_processing.py
[2022-06-13 07:46:17,700] {processor.py:161} INFO - Processing /opt/airflow/dags/user_processing.py took 0.196 seconds
[2022-06-13 07:46:48,248] {processor.py:153} INFO - Started process (PID=5971) to work on /opt/airflow/dags/user_processing.py
[2022-06-13 07:46:48,250] {processor.py:641} INFO - Processing file /opt/airflow/dags/user_processing.py for tasks to queue
[2022-06-13 07:46:48,252] {logging_mixin.py:115} INFO - [2022-06-13 07:46:48,252] {dagbag.py:507} INFO - Filling up the DagBag from /opt/airflow/dags/user_processing.py
[2022-06-13 07:46:48,282] {processor.py:653} WARNING - No viable dags retrieved from /opt/airflow/dags/user_processing.py
[2022-06-13 07:46:48,312] {processor.py:161} INFO - Processing /opt/airflow/dags/user_processing.py took 0.071 seconds
[2022-06-13 07:47:18,494] {processor.py:153} INFO - Started process (PID=6025) to work on /opt/airflow/dags/user_processing.py
[2022-06-13 07:47:18,497] {processor.py:641} INFO - Processing file /opt/airflow/dags/user_processing.py for tasks to queue
[2022-06-13 07:47:18,499] {logging_mixin.py:115} INFO - [2022-06-13 07:47:18,499] {dagbag.py:507} INFO - Filling up the DagBag from /opt/airflow/dags/user_processing.py
[2022-06-13 07:47:18,557] {processor.py:653} WARNING - No viable dags retrieved from /opt/airflow/dags/user_processing.py
[2022-06-13 07:47:18,608] {processor.py:161} INFO - Processing /opt/airflow/dags/user_processing.py took 0.127 seconds
[2022-06-13 07:47:48,688] {processor.py:153} INFO - Started process (PID=6079) to work on /opt/airflow/dags/user_processing.py
[2022-06-13 07:47:48,691] {processor.py:641} INFO - Processing file /opt/airflow/dags/user_processing.py for tasks to queue
[2022-06-13 07:47:48,693] {logging_mixin.py:115} INFO - [2022-06-13 07:47:48,693] {dagbag.py:507} INFO - Filling up the DagBag from /opt/airflow/dags/user_processing.py
[2022-06-13 07:47:48,720] {processor.py:653} WARNING - No viable dags retrieved from /opt/airflow/dags/user_processing.py
[2022-06-13 07:47:48,759] {processor.py:161} INFO - Processing /opt/airflow/dags/user_processing.py took 0.080 seconds
[2022-06-13 07:48:19,501] {processor.py:153} INFO - Started process (PID=6140) to work on /opt/airflow/dags/user_processing.py
[2022-06-13 07:48:19,539] {processor.py:641} INFO - Processing file /opt/airflow/dags/user_processing.py for tasks to queue
[2022-06-13 07:48:19,548] {logging_mixin.py:115} INFO - [2022-06-13 07:48:19,548] {dagbag.py:507} INFO - Filling up the DagBag from /opt/airflow/dags/user_processing.py
[2022-06-13 07:48:22,030] {processor.py:653} WARNING - No viable dags retrieved from /opt/airflow/dags/user_processing.py
[2022-06-13 07:48:22,428] {processor.py:161} INFO - Processing /opt/airflow/dags/user_processing.py took 2.943 seconds
[2022-06-13 07:48:53,253] {processor.py:153} INFO - Started process (PID=6196) to work on /opt/airflow/dags/user_processing.py
[2022-06-13 07:48:53,255] {processor.py:641} INFO - Processing file /opt/airflow/dags/user_processing.py for tasks to queue
[2022-06-13 07:48:53,258] {logging_mixin.py:115} INFO - [2022-06-13 07:48:53,257] {dagbag.py:507} INFO - Filling up the DagBag from /opt/airflow/dags/user_processing.py
[2022-06-13 07:48:53,320] {processor.py:653} WARNING - No viable dags retrieved from /opt/airflow/dags/user_processing.py
[2022-06-13 07:48:53,373] {processor.py:161} INFO - Processing /opt/airflow/dags/user_processing.py took 0.153 seconds
[2022-06-13 07:49:23,448] {processor.py:153} INFO - Started process (PID=6252) to work on /opt/airflow/dags/user_processing.py
[2022-06-13 07:49:23,451] {processor.py:641} INFO - Processing file /opt/airflow/dags/user_processing.py for tasks to queue
[2022-06-13 07:49:23,455] {logging_mixin.py:115} INFO - [2022-06-13 07:49:23,454] {dagbag.py:507} INFO - Filling up the DagBag from /opt/airflow/dags/user_processing.py
[2022-06-13 07:49:23,485] {processor.py:653} WARNING - No viable dags retrieved from /opt/airflow/dags/user_processing.py
[2022-06-13 07:49:23,515] {processor.py:161} INFO - Processing /opt/airflow/dags/user_processing.py took 0.080 seconds
[2022-06-13 07:49:54,467] {processor.py:153} INFO - Started process (PID=6306) to work on /opt/airflow/dags/user_processing.py
[2022-06-13 07:49:54,470] {processor.py:641} INFO - Processing file /opt/airflow/dags/user_processing.py for tasks to queue
[2022-06-13 07:49:54,472] {logging_mixin.py:115} INFO - [2022-06-13 07:49:54,472] {dagbag.py:507} INFO - Filling up the DagBag from /opt/airflow/dags/user_processing.py
[2022-06-13 07:49:54,514] {processor.py:653} WARNING - No viable dags retrieved from /opt/airflow/dags/user_processing.py
[2022-06-13 07:49:54,544] {processor.py:161} INFO - Processing /opt/airflow/dags/user_processing.py took 0.081 seconds
[2022-06-13 07:50:25,205] {processor.py:153} INFO - Started process (PID=6360) to work on /opt/airflow/dags/user_processing.py
[2022-06-13 07:50:25,214] {processor.py:641} INFO - Processing file /opt/airflow/dags/user_processing.py for tasks to queue
[2022-06-13 07:50:25,216] {logging_mixin.py:115} INFO - [2022-06-13 07:50:25,216] {dagbag.py:507} INFO - Filling up the DagBag from /opt/airflow/dags/user_processing.py
[2022-06-13 07:50:25,268] {processor.py:653} WARNING - No viable dags retrieved from /opt/airflow/dags/user_processing.py
[2022-06-13 07:50:25,318] {processor.py:161} INFO - Processing /opt/airflow/dags/user_processing.py took 0.119 seconds
[2022-06-13 07:50:55,445] {processor.py:153} INFO - Started process (PID=6410) to work on /opt/airflow/dags/user_processing.py
[2022-06-13 07:50:55,450] {processor.py:641} INFO - Processing file /opt/airflow/dags/user_processing.py for tasks to queue
[2022-06-13 07:50:55,462] {logging_mixin.py:115} INFO - [2022-06-13 07:50:55,462] {dagbag.py:507} INFO - Filling up the DagBag from /opt/airflow/dags/user_processing.py
[2022-06-13 07:50:55,558] {processor.py:653} WARNING - No viable dags retrieved from /opt/airflow/dags/user_processing.py
[2022-06-13 07:50:55,661] {processor.py:161} INFO - Processing /opt/airflow/dags/user_processing.py took 0.226 seconds
[2022-06-13 07:51:26,532] {processor.py:153} INFO - Started process (PID=6463) to work on /opt/airflow/dags/user_processing.py
[2022-06-13 07:51:26,547] {processor.py:641} INFO - Processing file /opt/airflow/dags/user_processing.py for tasks to queue
[2022-06-13 07:51:26,550] {logging_mixin.py:115} INFO - [2022-06-13 07:51:26,550] {dagbag.py:507} INFO - Filling up the DagBag from /opt/airflow/dags/user_processing.py
[2022-06-13 07:51:26,670] {processor.py:653} WARNING - No viable dags retrieved from /opt/airflow/dags/user_processing.py
[2022-06-13 07:51:26,733] {processor.py:161} INFO - Processing /opt/airflow/dags/user_processing.py took 0.220 seconds
[2022-06-13 07:51:57,021] {processor.py:153} INFO - Started process (PID=6525) to work on /opt/airflow/dags/user_processing.py
[2022-06-13 07:51:57,022] {processor.py:641} INFO - Processing file /opt/airflow/dags/user_processing.py for tasks to queue
[2022-06-13 07:51:57,024] {logging_mixin.py:115} INFO - [2022-06-13 07:51:57,024] {dagbag.py:507} INFO - Filling up the DagBag from /opt/airflow/dags/user_processing.py
[2022-06-13 07:51:57,053] {processor.py:653} WARNING - No viable dags retrieved from /opt/airflow/dags/user_processing.py
[2022-06-13 07:51:57,088] {processor.py:161} INFO - Processing /opt/airflow/dags/user_processing.py took 0.075 seconds
[2022-06-13 07:52:27,258] {processor.py:153} INFO - Started process (PID=6579) to work on /opt/airflow/dags/user_processing.py
[2022-06-13 07:52:27,262] {processor.py:641} INFO - Processing file /opt/airflow/dags/user_processing.py for tasks to queue
[2022-06-13 07:52:27,265] {logging_mixin.py:115} INFO - [2022-06-13 07:52:27,265] {dagbag.py:507} INFO - Filling up the DagBag from /opt/airflow/dags/user_processing.py
[2022-06-13 07:52:27,297] {processor.py:653} WARNING - No viable dags retrieved from /opt/airflow/dags/user_processing.py
[2022-06-13 07:52:27,330] {processor.py:161} INFO - Processing /opt/airflow/dags/user_processing.py took 0.078 seconds
[2022-06-13 07:52:57,826] {processor.py:153} INFO - Started process (PID=6633) to work on /opt/airflow/dags/user_processing.py
[2022-06-13 07:52:57,829] {processor.py:641} INFO - Processing file /opt/airflow/dags/user_processing.py for tasks to queue
[2022-06-13 07:52:57,832] {logging_mixin.py:115} INFO - [2022-06-13 07:52:57,832] {dagbag.py:507} INFO - Filling up the DagBag from /opt/airflow/dags/user_processing.py
[2022-06-13 07:52:57,902] {processor.py:653} WARNING - No viable dags retrieved from /opt/airflow/dags/user_processing.py
[2022-06-13 07:52:57,957] {processor.py:161} INFO - Processing /opt/airflow/dags/user_processing.py took 0.144 seconds
[2022-06-13 07:53:28,018] {processor.py:153} INFO - Started process (PID=6696) to work on /opt/airflow/dags/user_processing.py
[2022-06-13 07:53:28,020] {processor.py:641} INFO - Processing file /opt/airflow/dags/user_processing.py for tasks to queue
[2022-06-13 07:53:28,023] {logging_mixin.py:115} INFO - [2022-06-13 07:53:28,023] {dagbag.py:507} INFO - Filling up the DagBag from /opt/airflow/dags/user_processing.py
[2022-06-13 07:53:28,050] {processor.py:653} WARNING - No viable dags retrieved from /opt/airflow/dags/user_processing.py
[2022-06-13 07:53:28,078] {processor.py:161} INFO - Processing /opt/airflow/dags/user_processing.py took 0.068 seconds
[2022-06-13 07:53:58,247] {processor.py:153} INFO - Started process (PID=6750) to work on /opt/airflow/dags/user_processing.py
[2022-06-13 07:53:58,250] {processor.py:641} INFO - Processing file /opt/airflow/dags/user_processing.py for tasks to queue
[2022-06-13 07:53:58,252] {logging_mixin.py:115} INFO - [2022-06-13 07:53:58,251] {dagbag.py:507} INFO - Filling up the DagBag from /opt/airflow/dags/user_processing.py
[2022-06-13 07:53:58,279] {processor.py:653} WARNING - No viable dags retrieved from /opt/airflow/dags/user_processing.py
[2022-06-13 07:53:58,303] {processor.py:161} INFO - Processing /opt/airflow/dags/user_processing.py took 0.060 seconds
[2022-06-13 07:54:29,151] {processor.py:153} INFO - Started process (PID=6812) to work on /opt/airflow/dags/user_processing.py
[2022-06-13 07:54:29,155] {processor.py:641} INFO - Processing file /opt/airflow/dags/user_processing.py for tasks to queue
[2022-06-13 07:54:29,157] {logging_mixin.py:115} INFO - [2022-06-13 07:54:29,157] {dagbag.py:507} INFO - Filling up the DagBag from /opt/airflow/dags/user_processing.py
[2022-06-13 07:54:29,252] {processor.py:653} WARNING - No viable dags retrieved from /opt/airflow/dags/user_processing.py
[2022-06-13 07:54:29,295] {processor.py:161} INFO - Processing /opt/airflow/dags/user_processing.py took 0.173 seconds
[2022-06-13 07:54:59,827] {processor.py:153} INFO - Started process (PID=6864) to work on /opt/airflow/dags/user_processing.py
[2022-06-13 07:54:59,829] {processor.py:641} INFO - Processing file /opt/airflow/dags/user_processing.py for tasks to queue
[2022-06-13 07:54:59,838] {logging_mixin.py:115} INFO - [2022-06-13 07:54:59,838] {dagbag.py:507} INFO - Filling up the DagBag from /opt/airflow/dags/user_processing.py
[2022-06-13 07:54:59,883] {processor.py:653} WARNING - No viable dags retrieved from /opt/airflow/dags/user_processing.py
[2022-06-13 07:54:59,929] {processor.py:161} INFO - Processing /opt/airflow/dags/user_processing.py took 0.154 seconds
[2022-06-13 07:55:30,203] {processor.py:153} INFO - Started process (PID=6919) to work on /opt/airflow/dags/user_processing.py
[2022-06-13 07:55:30,208] {processor.py:641} INFO - Processing file /opt/airflow/dags/user_processing.py for tasks to queue
[2022-06-13 07:55:30,216] {logging_mixin.py:115} INFO - [2022-06-13 07:55:30,215] {dagbag.py:507} INFO - Filling up the DagBag from /opt/airflow/dags/user_processing.py
[2022-06-13 07:55:30,278] {processor.py:653} WARNING - No viable dags retrieved from /opt/airflow/dags/user_processing.py
[2022-06-13 07:55:30,325] {processor.py:161} INFO - Processing /opt/airflow/dags/user_processing.py took 0.143 seconds
[2022-06-13 07:56:01,001] {processor.py:153} INFO - Started process (PID=6972) to work on /opt/airflow/dags/user_processing.py
[2022-06-13 07:56:01,007] {processor.py:641} INFO - Processing file /opt/airflow/dags/user_processing.py for tasks to queue
[2022-06-13 07:56:01,041] {logging_mixin.py:115} INFO - [2022-06-13 07:56:01,041] {dagbag.py:507} INFO - Filling up the DagBag from /opt/airflow/dags/user_processing.py
[2022-06-13 07:56:01,314] {processor.py:653} WARNING - No viable dags retrieved from /opt/airflow/dags/user_processing.py
[2022-06-13 07:56:02,031] {processor.py:161} INFO - Processing /opt/airflow/dags/user_processing.py took 1.120 seconds
[2022-06-13 07:56:32,685] {processor.py:153} INFO - Started process (PID=7026) to work on /opt/airflow/dags/user_processing.py
[2022-06-13 07:56:32,692] {processor.py:641} INFO - Processing file /opt/airflow/dags/user_processing.py for tasks to queue
[2022-06-13 07:56:32,697] {logging_mixin.py:115} INFO - [2022-06-13 07:56:32,697] {dagbag.py:507} INFO - Filling up the DagBag from /opt/airflow/dags/user_processing.py
[2022-06-13 07:56:32,779] {processor.py:653} WARNING - No viable dags retrieved from /opt/airflow/dags/user_processing.py
[2022-06-13 07:56:32,842] {processor.py:161} INFO - Processing /opt/airflow/dags/user_processing.py took 0.180 seconds
[2022-06-13 07:57:03,577] {processor.py:153} INFO - Started process (PID=7089) to work on /opt/airflow/dags/user_processing.py
[2022-06-13 07:57:03,579] {processor.py:641} INFO - Processing file /opt/airflow/dags/user_processing.py for tasks to queue
[2022-06-13 07:57:03,588] {logging_mixin.py:115} INFO - [2022-06-13 07:57:03,588] {dagbag.py:507} INFO - Filling up the DagBag from /opt/airflow/dags/user_processing.py
[2022-06-13 07:57:03,639] {processor.py:653} WARNING - No viable dags retrieved from /opt/airflow/dags/user_processing.py
[2022-06-13 07:57:03,674] {processor.py:161} INFO - Processing /opt/airflow/dags/user_processing.py took 0.103 seconds
[2022-06-13 07:57:34,086] {processor.py:153} INFO - Started process (PID=7142) to work on /opt/airflow/dags/user_processing.py
[2022-06-13 07:57:34,093] {processor.py:641} INFO - Processing file /opt/airflow/dags/user_processing.py for tasks to queue
[2022-06-13 07:57:34,098] {logging_mixin.py:115} INFO - [2022-06-13 07:57:34,098] {dagbag.py:507} INFO - Filling up the DagBag from /opt/airflow/dags/user_processing.py
[2022-06-13 07:57:34,304] {processor.py:653} WARNING - No viable dags retrieved from /opt/airflow/dags/user_processing.py
[2022-06-13 07:57:34,385] {processor.py:161} INFO - Processing /opt/airflow/dags/user_processing.py took 0.420 seconds
[2022-06-13 07:58:05,539] {processor.py:153} INFO - Started process (PID=7187) to work on /opt/airflow/dags/user_processing.py
[2022-06-13 07:58:05,542] {processor.py:641} INFO - Processing file /opt/airflow/dags/user_processing.py for tasks to queue
[2022-06-13 07:58:05,544] {logging_mixin.py:115} INFO - [2022-06-13 07:58:05,544] {dagbag.py:507} INFO - Filling up the DagBag from /opt/airflow/dags/user_processing.py
[2022-06-13 07:58:05,593] {processor.py:653} WARNING - No viable dags retrieved from /opt/airflow/dags/user_processing.py
[2022-06-13 07:58:05,663] {processor.py:161} INFO - Processing /opt/airflow/dags/user_processing.py took 0.131 seconds
[2022-06-13 07:58:40,947] {processor.py:153} INFO - Started process (PID=7243) to work on /opt/airflow/dags/user_processing.py
[2022-06-13 07:58:41,021] {processor.py:641} INFO - Processing file /opt/airflow/dags/user_processing.py for tasks to queue
[2022-06-13 07:58:41,073] {logging_mixin.py:115} INFO - [2022-06-13 07:58:41,073] {dagbag.py:507} INFO - Filling up the DagBag from /opt/airflow/dags/user_processing.py
[2022-06-13 07:58:41,478] {processor.py:653} WARNING - No viable dags retrieved from /opt/airflow/dags/user_processing.py
[2022-06-13 07:58:42,654] {processor.py:161} INFO - Processing /opt/airflow/dags/user_processing.py took 1.735 seconds
[2022-06-13 07:59:30,427] {processor.py:153} INFO - Started process (PID=7292) to work on /opt/airflow/dags/user_processing.py
[2022-06-13 07:59:30,441] {processor.py:641} INFO - Processing file /opt/airflow/dags/user_processing.py for tasks to queue
[2022-06-13 07:59:30,619] {logging_mixin.py:115} INFO - [2022-06-13 07:59:30,607] {dagbag.py:507} INFO - Filling up the DagBag from /opt/airflow/dags/user_processing.py
[2022-06-13 07:59:30,885] {processor.py:653} WARNING - No viable dags retrieved from /opt/airflow/dags/user_processing.py
[2022-06-13 07:59:31,221] {processor.py:161} INFO - Processing /opt/airflow/dags/user_processing.py took 0.886 seconds
[2022-06-13 08:00:03,292] {processor.py:153} INFO - Started process (PID=7336) to work on /opt/airflow/dags/user_processing.py
[2022-06-13 08:00:03,295] {processor.py:641} INFO - Processing file /opt/airflow/dags/user_processing.py for tasks to queue
[2022-06-13 08:00:03,297] {logging_mixin.py:115} INFO - [2022-06-13 08:00:03,297] {dagbag.py:507} INFO - Filling up the DagBag from /opt/airflow/dags/user_processing.py
[2022-06-13 08:00:03,325] {processor.py:653} WARNING - No viable dags retrieved from /opt/airflow/dags/user_processing.py
[2022-06-13 08:00:03,363] {processor.py:161} INFO - Processing /opt/airflow/dags/user_processing.py took 0.077 seconds
[2022-06-13 08:00:33,568] {processor.py:153} INFO - Started process (PID=7385) to work on /opt/airflow/dags/user_processing.py
[2022-06-13 08:00:33,570] {processor.py:641} INFO - Processing file /opt/airflow/dags/user_processing.py for tasks to queue
[2022-06-13 08:00:33,572] {logging_mixin.py:115} INFO - [2022-06-13 08:00:33,572] {dagbag.py:507} INFO - Filling up the DagBag from /opt/airflow/dags/user_processing.py
[2022-06-13 08:00:33,605] {processor.py:653} WARNING - No viable dags retrieved from /opt/airflow/dags/user_processing.py
[2022-06-13 08:00:33,653] {processor.py:161} INFO - Processing /opt/airflow/dags/user_processing.py took 0.091 seconds
[2022-06-13 08:01:04,544] {processor.py:153} INFO - Started process (PID=7446) to work on /opt/airflow/dags/user_processing.py
[2022-06-13 08:01:04,561] {processor.py:641} INFO - Processing file /opt/airflow/dags/user_processing.py for tasks to queue
[2022-06-13 08:01:04,572] {logging_mixin.py:115} INFO - [2022-06-13 08:01:04,572] {dagbag.py:507} INFO - Filling up the DagBag from /opt/airflow/dags/user_processing.py
[2022-06-13 08:01:04,622] {processor.py:653} WARNING - No viable dags retrieved from /opt/airflow/dags/user_processing.py
[2022-06-13 08:01:04,675] {processor.py:161} INFO - Processing /opt/airflow/dags/user_processing.py took 0.151 seconds
[2022-06-13 08:01:34,966] {processor.py:153} INFO - Started process (PID=7500) to work on /opt/airflow/dags/user_processing.py
[2022-06-13 08:01:34,970] {processor.py:641} INFO - Processing file /opt/airflow/dags/user_processing.py for tasks to queue
[2022-06-13 08:01:34,973] {logging_mixin.py:115} INFO - [2022-06-13 08:01:34,973] {dagbag.py:507} INFO - Filling up the DagBag from /opt/airflow/dags/user_processing.py
[2022-06-13 08:01:35,016] {processor.py:653} WARNING - No viable dags retrieved from /opt/airflow/dags/user_processing.py
[2022-06-13 08:01:35,059] {processor.py:161} INFO - Processing /opt/airflow/dags/user_processing.py took 0.103 seconds
[2022-06-13 08:02:05,519] {processor.py:153} INFO - Started process (PID=7553) to work on /opt/airflow/dags/user_processing.py
[2022-06-13 08:02:05,521] {processor.py:641} INFO - Processing file /opt/airflow/dags/user_processing.py for tasks to queue
[2022-06-13 08:02:05,524] {logging_mixin.py:115} INFO - [2022-06-13 08:02:05,524] {dagbag.py:507} INFO - Filling up the DagBag from /opt/airflow/dags/user_processing.py
[2022-06-13 08:02:05,556] {processor.py:653} WARNING - No viable dags retrieved from /opt/airflow/dags/user_processing.py
[2022-06-13 08:02:05,584] {processor.py:161} INFO - Processing /opt/airflow/dags/user_processing.py took 0.078 seconds
[2022-06-13 08:02:36,159] {processor.py:153} INFO - Started process (PID=7612) to work on /opt/airflow/dags/user_processing.py
[2022-06-13 08:02:36,163] {processor.py:641} INFO - Processing file /opt/airflow/dags/user_processing.py for tasks to queue
[2022-06-13 08:02:36,165] {logging_mixin.py:115} INFO - [2022-06-13 08:02:36,165] {dagbag.py:507} INFO - Filling up the DagBag from /opt/airflow/dags/user_processing.py
[2022-06-13 08:02:36,222] {processor.py:653} WARNING - No viable dags retrieved from /opt/airflow/dags/user_processing.py
[2022-06-13 08:02:36,282] {processor.py:161} INFO - Processing /opt/airflow/dags/user_processing.py took 0.135 seconds
[2022-06-13 08:03:46,974] {processor.py:153} INFO - Started process (PID=7659) to work on /opt/airflow/dags/user_processing.py
[2022-06-13 08:03:46,982] {processor.py:641} INFO - Processing file /opt/airflow/dags/user_processing.py for tasks to queue
[2022-06-13 08:03:46,998] {logging_mixin.py:115} INFO - [2022-06-13 08:03:46,998] {dagbag.py:507} INFO - Filling up the DagBag from /opt/airflow/dags/user_processing.py
[2022-06-13 08:03:47,262] {processor.py:653} WARNING - No viable dags retrieved from /opt/airflow/dags/user_processing.py
[2022-06-13 08:03:47,512] {processor.py:161} INFO - Processing /opt/airflow/dags/user_processing.py took 0.585 seconds
[2022-06-13 08:04:17,925] {processor.py:153} INFO - Started process (PID=7714) to work on /opt/airflow/dags/user_processing.py
[2022-06-13 08:04:17,927] {processor.py:641} INFO - Processing file /opt/airflow/dags/user_processing.py for tasks to queue
[2022-06-13 08:04:17,929] {logging_mixin.py:115} INFO - [2022-06-13 08:04:17,928] {dagbag.py:507} INFO - Filling up the DagBag from /opt/airflow/dags/user_processing.py
[2022-06-13 08:04:17,951] {processor.py:653} WARNING - No viable dags retrieved from /opt/airflow/dags/user_processing.py
[2022-06-13 08:04:17,977] {processor.py:161} INFO - Processing /opt/airflow/dags/user_processing.py took 0.057 seconds
