[2022-06-21 06:38:35,150] {taskinstance.py:1159} INFO - Dependencies all met for <TaskInstance: dags_new_version.create_table manual__2022-06-21T06:38:27.287866+00:00 [queued]>
[2022-06-21 06:38:35,393] {taskinstance.py:1159} INFO - Dependencies all met for <TaskInstance: dags_new_version.create_table manual__2022-06-21T06:38:27.287866+00:00 [queued]>
[2022-06-21 06:38:35,405] {taskinstance.py:1356} INFO - 
--------------------------------------------------------------------------------
[2022-06-21 06:38:35,411] {taskinstance.py:1357} INFO - Starting attempt 1 of 2
[2022-06-21 06:38:35,419] {taskinstance.py:1358} INFO - 
--------------------------------------------------------------------------------
[2022-06-21 06:38:35,721] {taskinstance.py:1377} INFO - Executing <Task(PostgresOperator): create_table> on 2022-06-21 06:38:27.287866+00:00
[2022-06-21 06:38:35,786] {standard_task_runner.py:52} INFO - Started process 16851 to run task
[2022-06-21 06:38:35,861] {standard_task_runner.py:79} INFO - Running: ['***', 'tasks', 'run', 'dags_new_version', 'create_table', 'manual__2022-06-21T06:38:27.287866+00:00', '--job-id', '212', '--raw', '--subdir', 'DAGS_FOLDER/user.py', '--cfg-path', '/tmp/tmp89aogugm', '--error-file', '/tmp/tmpl1s9ancp']
[2022-06-21 06:38:35,875] {standard_task_runner.py:80} INFO - Job 212: Subtask create_table
[2022-06-21 06:38:36,363] {task_command.py:370} INFO - Running <TaskInstance: dags_new_version.create_table manual__2022-06-21T06:38:27.287866+00:00 [running]> on host ca3ce831c04f
[2022-06-21 06:38:37,174] {taskinstance.py:1571} INFO - Exporting the following env vars:
AIRFLOW_CTX_DAG_OWNER=***
AIRFLOW_CTX_DAG_ID=dags_new_version
AIRFLOW_CTX_TASK_ID=create_table
AIRFLOW_CTX_EXECUTION_DATE=2022-06-21T06:38:27.287866+00:00
AIRFLOW_CTX_TRY_NUMBER=1
AIRFLOW_CTX_DAG_RUN_ID=manual__2022-06-21T06:38:27.287866+00:00
[2022-06-21 06:38:37,283] {base.py:68} INFO - Using connection ID 'postgre_sql' for task execution.
[2022-06-21 06:38:37,458] {dbapi.py:213} INFO - Running statement: 
        DROP TABLE IF EXISTS z1_user;
        CREATE TABLE z1_user(
            user_id SERIAL PRIMARY KEY,
            firstname VARCHAR(255),
            lastname VARCHAR(255),
            country VARCHAR(255),
            username VARCHAR(255),
            password VARCHAR(255),
            email VARCHAR(255)
        )
        , parameters: None
[2022-06-21 06:38:38,631] {taskinstance.py:1400} INFO - Marking task as SUCCESS. dag_id=dags_new_version, task_id=create_table, execution_date=20220621T063827, start_date=20220621T063835, end_date=20220621T063838
[2022-06-21 06:38:38,817] {local_task_job.py:156} INFO - Task exited with return code 0
[2022-06-21 06:38:39,229] {local_task_job.py:273} INFO - 0 downstream tasks scheduled from follow-on schedule check
