[2022-06-20 06:37:12,931] {taskinstance.py:1159} INFO - Dependencies all met for <TaskInstance: dags_new_version.extracting_user scheduled__2022-06-18T00:00:00+00:00 [queued]>
[2022-06-20 06:37:13,363] {taskinstance.py:1159} INFO - Dependencies all met for <TaskInstance: dags_new_version.extracting_user scheduled__2022-06-18T00:00:00+00:00 [queued]>
[2022-06-20 06:37:13,375] {taskinstance.py:1356} INFO - 
--------------------------------------------------------------------------------
[2022-06-20 06:37:13,378] {taskinstance.py:1357} INFO - Starting attempt 1 of 2
[2022-06-20 06:37:13,380] {taskinstance.py:1358} INFO - 
--------------------------------------------------------------------------------
[2022-06-20 06:37:13,721] {taskinstance.py:1377} INFO - Executing <Task(SimpleHttpOperator): extracting_user> on 2022-06-18 00:00:00+00:00
[2022-06-20 06:37:13,796] {standard_task_runner.py:52} INFO - Started process 209 to run task
[2022-06-20 06:37:13,835] {standard_task_runner.py:79} INFO - Running: ['***', 'tasks', 'run', 'dags_new_version', 'extracting_user', 'scheduled__2022-06-18T00:00:00+00:00', '--job-id', '170', '--raw', '--subdir', 'DAGS_FOLDER/user.py', '--cfg-path', '/tmp/tmpxcjd9itm', '--error-file', '/tmp/tmpls9lye1i']
[2022-06-20 06:37:13,860] {standard_task_runner.py:80} INFO - Job 170: Subtask extracting_user
[2022-06-20 06:37:14,131] {task_command.py:370} INFO - Running <TaskInstance: dags_new_version.extracting_user scheduled__2022-06-18T00:00:00+00:00 [running]> on host ca3ce831c04f
[2022-06-20 06:37:15,749] {taskinstance.py:1571} INFO - Exporting the following env vars:
AIRFLOW_CTX_DAG_OWNER=***
AIRFLOW_CTX_DAG_ID=dags_new_version
AIRFLOW_CTX_TASK_ID=extracting_user
AIRFLOW_CTX_EXECUTION_DATE=2022-06-18T00:00:00+00:00
AIRFLOW_CTX_TRY_NUMBER=1
AIRFLOW_CTX_DAG_RUN_ID=scheduled__2022-06-18T00:00:00+00:00
[2022-06-20 06:37:15,760] {http.py:102} INFO - Calling HTTP method
[2022-06-20 06:37:15,883] {base.py:68} INFO - Using connection ID 'user_api' for task execution.
[2022-06-20 06:37:16,026] {http.py:129} INFO - Sending 'GET' to url: https://randomuser.me/api/
[2022-06-20 06:37:17,027] {http.py:106} INFO - {"results":[{"gender":"male","name":{"title":"Mr","first":"Martiniano","last":"Porto"},"location":{"street":{"number":4447,"name":"Rua Vinte de Setembro"},"city":"Jaboatão dos Guararapes","state":"Amapá","country":"Brazil","postcode":23412,"coordinates":{"latitude":"-69.3472","longitude":"-120.1511"},"timezone":{"offset":"+6:00","description":"Almaty, Dhaka, Colombo"}},"email":"martiniano.porto@example.com","login":{"uuid":"acc7e712-15c1-4506-834e-2704614d43b9","username":"crazytiger259","password":"candy","salt":"euXfwdxH","md5":"6f6f44e2efe0d5e92b898c91212fe740","sha1":"12bc7e80036510b917608b710042126bfa8708d6","sha256":"9ff1afe72abd8db443d4275c6234a3c4ed9ce936c81f4f514142766149e2460e"},"dob":{"date":"1968-10-09T20:55:33.158Z","age":54},"registered":{"date":"2002-05-01T02:32:03.795Z","age":20},"phone":"(40) 2822-7575","cell":"(45) 1109-0611","id":{"name":"","value":null},"picture":{"large":"https://randomuser.me/api/portraits/men/29.jpg","medium":"https://randomuser.me/api/portraits/med/men/29.jpg","thumbnail":"https://randomuser.me/api/portraits/thumb/men/29.jpg"},"nat":"BR"}],"info":{"seed":"94e1103b4879ebf2","results":1,"page":1,"version":"1.3"}}
[2022-06-20 06:37:17,165] {taskinstance.py:1400} INFO - Marking task as SUCCESS. dag_id=dags_new_version, task_id=extracting_user, execution_date=20220618T000000, start_date=20220620T063712, end_date=20220620T063717
[2022-06-20 06:37:17,228] {local_task_job.py:156} INFO - Task exited with return code 0
[2022-06-20 06:37:17,348] {local_task_job.py:273} INFO - 1 downstream tasks scheduled from follow-on schedule check
