[2022-06-20 07:11:29,476] {taskinstance.py:1159} INFO - Dependencies all met for <TaskInstance: dags_new_version.processing_user manual__2022-06-20T07:11:13.890776+00:00 [queued]>
[2022-06-20 07:11:29,523] {taskinstance.py:1159} INFO - Dependencies all met for <TaskInstance: dags_new_version.processing_user manual__2022-06-20T07:11:13.890776+00:00 [queued]>
[2022-06-20 07:11:29,524] {taskinstance.py:1356} INFO - 
--------------------------------------------------------------------------------
[2022-06-20 07:11:29,526] {taskinstance.py:1357} INFO - Starting attempt 1 of 2
[2022-06-20 07:11:29,528] {taskinstance.py:1358} INFO - 
--------------------------------------------------------------------------------
[2022-06-20 07:11:29,805] {taskinstance.py:1377} INFO - Executing <Task(PythonOperator): processing_user> on 2022-06-20 07:11:13.890776+00:00
[2022-06-20 07:11:29,883] {standard_task_runner.py:52} INFO - Started process 1657 to run task
[2022-06-20 07:11:29,904] {standard_task_runner.py:79} INFO - Running: ['***', 'tasks', 'run', 'dags_new_version', 'processing_user', 'manual__2022-06-20T07:11:13.890776+00:00', '--job-id', '204', '--raw', '--subdir', 'DAGS_FOLDER/user.py', '--cfg-path', '/tmp/tmptvkz0f1r', '--error-file', '/tmp/tmpjhjraycp']
[2022-06-20 07:11:29,924] {standard_task_runner.py:80} INFO - Job 204: Subtask processing_user
[2022-06-20 07:11:30,481] {task_command.py:370} INFO - Running <TaskInstance: dags_new_version.processing_user manual__2022-06-20T07:11:13.890776+00:00 [running]> on host ca3ce831c04f
[2022-06-20 07:11:31,203] {taskinstance.py:1571} INFO - Exporting the following env vars:
AIRFLOW_CTX_DAG_OWNER=***
AIRFLOW_CTX_DAG_ID=dags_new_version
AIRFLOW_CTX_TASK_ID=processing_user
AIRFLOW_CTX_EXECUTION_DATE=2022-06-20T07:11:13.890776+00:00
AIRFLOW_CTX_TRY_NUMBER=1
AIRFLOW_CTX_DAG_RUN_ID=manual__2022-06-20T07:11:13.890776+00:00
[2022-06-20 07:11:31,302] {python.py:173} INFO - Done. Returned value was: None
[2022-06-20 07:11:31,335] {taskinstance.py:1400} INFO - Marking task as SUCCESS. dag_id=dags_new_version, task_id=processing_user, execution_date=20220620T071113, start_date=20220620T071129, end_date=20220620T071131
[2022-06-20 07:11:31,442] {local_task_job.py:156} INFO - Task exited with return code 0
[2022-06-20 07:11:31,548] {local_task_job.py:273} INFO - 0 downstream tasks scheduled from follow-on schedule check
