[2022-06-20 06:39:25,595] {taskinstance.py:1159} INFO - Dependencies all met for <TaskInstance: dags_new_version.processing_user scheduled__2022-06-18T00:00:00+00:00 [queued]>
[2022-06-20 06:39:25,673] {taskinstance.py:1159} INFO - Dependencies all met for <TaskInstance: dags_new_version.processing_user scheduled__2022-06-18T00:00:00+00:00 [queued]>
[2022-06-20 06:39:25,675] {taskinstance.py:1356} INFO - 
--------------------------------------------------------------------------------
[2022-06-20 06:39:25,683] {taskinstance.py:1357} INFO - Starting attempt 2 of 2
[2022-06-20 06:39:25,685] {taskinstance.py:1358} INFO - 
--------------------------------------------------------------------------------
[2022-06-20 06:39:25,806] {taskinstance.py:1377} INFO - Executing <Task(PythonOperator): processing_user> on 2022-06-18 00:00:00+00:00
[2022-06-20 06:39:25,856] {standard_task_runner.py:52} INFO - Started process 307 to run task
[2022-06-20 06:39:25,882] {standard_task_runner.py:79} INFO - Running: ['***', 'tasks', 'run', 'dags_new_version', 'processing_user', 'scheduled__2022-06-18T00:00:00+00:00', '--job-id', '182', '--raw', '--subdir', 'DAGS_FOLDER/user.py', '--cfg-path', '/tmp/tmptqw4lwyn', '--error-file', '/tmp/tmprun5n_v1']
[2022-06-20 06:39:25,905] {standard_task_runner.py:80} INFO - Job 182: Subtask processing_user
[2022-06-20 06:39:26,687] {task_command.py:370} INFO - Running <TaskInstance: dags_new_version.processing_user scheduled__2022-06-18T00:00:00+00:00 [running]> on host ca3ce831c04f
[2022-06-20 06:39:27,653] {taskinstance.py:1571} INFO - Exporting the following env vars:
AIRFLOW_CTX_DAG_OWNER=***
AIRFLOW_CTX_DAG_ID=dags_new_version
AIRFLOW_CTX_TASK_ID=processing_user
AIRFLOW_CTX_EXECUTION_DATE=2022-06-18T00:00:00+00:00
AIRFLOW_CTX_TRY_NUMBER=2
AIRFLOW_CTX_DAG_RUN_ID=scheduled__2022-06-18T00:00:00+00:00
[2022-06-20 06:39:27,692] {taskinstance.py:1889} ERROR - Task failed with exception
Traceback (most recent call last):
  File "/home/airflow/.local/lib/python3.7/site-packages/airflow/operators/python.py", line 171, in execute
    return_value = self.execute_callable()
  File "/home/airflow/.local/lib/python3.7/site-packages/airflow/operators/python.py", line 189, in execute_callable
    return self.python_callable(*self.op_args, **self.op_kwargs)
  File "/opt/airflow/dags/user.py", line 31, in _processing_user
    processed_user.to_csv('/processed_user.csv', index=None, header=False)
  File "/home/airflow/.local/lib/python3.7/site-packages/pandas/core/generic.py", line 3482, in to_csv
    storage_options=storage_options,
  File "/home/airflow/.local/lib/python3.7/site-packages/pandas/io/formats/format.py", line 1105, in to_csv
    csv_formatter.save()
  File "/home/airflow/.local/lib/python3.7/site-packages/pandas/io/formats/csvs.py", line 243, in save
    storage_options=self.storage_options,
  File "/home/airflow/.local/lib/python3.7/site-packages/pandas/io/common.py", line 707, in get_handle
    newline="",
PermissionError: [Errno 13] Permission denied: '/processed_user.csv'
[2022-06-20 06:39:27,750] {taskinstance.py:1400} INFO - Marking task as FAILED. dag_id=dags_new_version, task_id=processing_user, execution_date=20220618T000000, start_date=20220620T063925, end_date=20220620T063927
[2022-06-20 06:39:27,862] {standard_task_runner.py:97} ERROR - Failed to execute job 182 for task processing_user ([Errno 13] Permission denied: '/processed_user.csv'; 307)
[2022-06-20 06:39:28,073] {local_task_job.py:156} INFO - Task exited with return code 1
[2022-06-20 06:39:28,245] {local_task_job.py:273} INFO - 0 downstream tasks scheduled from follow-on schedule check
