[2022-06-20 07:14:48,630] {taskinstance.py:1159} INFO - Dependencies all met for <TaskInstance: dags_new_version.processing_user manual__2022-06-20T07:14:35.550648+00:00 [queued]>
[2022-06-20 07:14:48,654] {taskinstance.py:1159} INFO - Dependencies all met for <TaskInstance: dags_new_version.processing_user manual__2022-06-20T07:14:35.550648+00:00 [queued]>
[2022-06-20 07:14:48,655] {taskinstance.py:1356} INFO - 
--------------------------------------------------------------------------------
[2022-06-20 07:14:48,657] {taskinstance.py:1357} INFO - Starting attempt 1 of 2
[2022-06-20 07:14:48,658] {taskinstance.py:1358} INFO - 
--------------------------------------------------------------------------------
[2022-06-20 07:14:48,719] {taskinstance.py:1377} INFO - Executing <Task(PythonOperator): processing_user> on 2022-06-20 07:14:35.550648+00:00
[2022-06-20 07:14:48,730] {standard_task_runner.py:52} INFO - Started process 1799 to run task
[2022-06-20 07:14:48,736] {standard_task_runner.py:79} INFO - Running: ['***', 'tasks', 'run', 'dags_new_version', 'processing_user', 'manual__2022-06-20T07:14:35.550648+00:00', '--job-id', '208', '--raw', '--subdir', 'DAGS_FOLDER/user.py', '--cfg-path', '/tmp/tmpds60mdrx', '--error-file', '/tmp/tmptbhjc83l']
[2022-06-20 07:14:48,738] {standard_task_runner.py:80} INFO - Job 208: Subtask processing_user
[2022-06-20 07:14:48,828] {task_command.py:370} INFO - Running <TaskInstance: dags_new_version.processing_user manual__2022-06-20T07:14:35.550648+00:00 [running]> on host ca3ce831c04f
[2022-06-20 07:14:48,942] {taskinstance.py:1571} INFO - Exporting the following env vars:
AIRFLOW_CTX_DAG_OWNER=***
AIRFLOW_CTX_DAG_ID=dags_new_version
AIRFLOW_CTX_TASK_ID=processing_user
AIRFLOW_CTX_EXECUTION_DATE=2022-06-20T07:14:35.550648+00:00
AIRFLOW_CTX_TRY_NUMBER=1
AIRFLOW_CTX_DAG_RUN_ID=manual__2022-06-20T07:14:35.550648+00:00
[2022-06-20 07:14:48,995] {python.py:173} INFO - Done. Returned value was: None
[2022-06-20 07:14:49,049] {taskinstance.py:1400} INFO - Marking task as SUCCESS. dag_id=dags_new_version, task_id=processing_user, execution_date=20220620T071435, start_date=20220620T071448, end_date=20220620T071449
[2022-06-20 07:14:49,133] {local_task_job.py:156} INFO - Task exited with return code 0
[2022-06-20 07:14:49,264] {local_task_job.py:273} INFO - 0 downstream tasks scheduled from follow-on schedule check
