[2022-06-14 07:31:35,200] {taskinstance.py:1159} INFO - Dependencies all met for <TaskInstance: table_postgres.create_postgres_table manual__2022-06-14T07:29:24.856319+00:00 [queued]>
[2022-06-14 07:31:35,245] {taskinstance.py:1159} INFO - Dependencies all met for <TaskInstance: table_postgres.create_postgres_table manual__2022-06-14T07:29:24.856319+00:00 [queued]>
[2022-06-14 07:31:35,247] {taskinstance.py:1356} INFO - 
--------------------------------------------------------------------------------
[2022-06-14 07:31:35,248] {taskinstance.py:1357} INFO - Starting attempt 2 of 2
[2022-06-14 07:31:35,250] {taskinstance.py:1358} INFO - 
--------------------------------------------------------------------------------
[2022-06-14 07:31:35,287] {taskinstance.py:1377} INFO - Executing <Task(PostgresOperator): create_postgres_table> on 2022-06-14 07:29:24.856319+00:00
[2022-06-14 07:31:35,304] {standard_task_runner.py:52} INFO - Started process 845 to run task
[2022-06-14 07:31:35,325] {standard_task_runner.py:79} INFO - Running: ['***', 'tasks', 'run', 'table_postgres', 'create_postgres_table', 'manual__2022-06-14T07:29:24.856319+00:00', '--job-id', '28', '--raw', '--subdir', 'DAGS_FOLDER/create_user.py', '--cfg-path', '/tmp/tmpwio_kk78', '--error-file', '/tmp/tmple6cc2af']
[2022-06-14 07:31:35,330] {standard_task_runner.py:80} INFO - Job 28: Subtask create_postgres_table
[2022-06-14 07:31:35,504] {task_command.py:370} INFO - Running <TaskInstance: table_postgres.create_postgres_table manual__2022-06-14T07:29:24.856319+00:00 [running]> on host 38a912dff3f2
[2022-06-14 07:31:35,662] {taskinstance.py:1571} INFO - Exporting the following env vars:
AIRFLOW_CTX_DAG_OWNER=***
AIRFLOW_CTX_DAG_ID=table_postgres
AIRFLOW_CTX_TASK_ID=create_postgres_table
AIRFLOW_CTX_EXECUTION_DATE=2022-06-14T07:29:24.856319+00:00
AIRFLOW_CTX_TRY_NUMBER=2
AIRFLOW_CTX_DAG_RUN_ID=manual__2022-06-14T07:29:24.856319+00:00
[2022-06-14 07:31:35,713] {taskinstance.py:1889} ERROR - Task failed with exception
Traceback (most recent call last):
  File "/home/airflow/.local/lib/python3.7/site-packages/airflow/providers/postgres/operators/postgres.py", line 92, in execute
    self.hook.run(self.sql, self.autocommit, parameters=self.parameters)
  File "/home/airflow/.local/lib/python3.7/site-packages/airflow/hooks/dbapi.py", line 186, in run
    with closing(self.get_conn()) as conn:
  File "/home/airflow/.local/lib/python3.7/site-packages/airflow/providers/postgres/hooks/postgres.py", line 86, in get_conn
    conn = deepcopy(self.connection or self.get_connection(conn_id))
  File "/home/airflow/.local/lib/python3.7/site-packages/airflow/hooks/base.py", line 67, in get_connection
    conn = Connection.get_connection_from_secrets(conn_id)
  File "/home/airflow/.local/lib/python3.7/site-packages/airflow/models/connection.py", line 430, in get_connection_from_secrets
    raise AirflowNotFoundException(f"The conn_id `{conn_id}` isn't defined")
airflow.exceptions.AirflowNotFoundException: The conn_id `postgre_sql` isn't defined
[2022-06-14 07:31:35,723] {taskinstance.py:1400} INFO - Marking task as FAILED. dag_id=table_postgres, task_id=create_postgres_table, execution_date=20220614T072924, start_date=20220614T073135, end_date=20220614T073135
[2022-06-14 07:31:35,748] {standard_task_runner.py:97} ERROR - Failed to execute job 28 for task create_postgres_table (The conn_id `postgre_sql` isn't defined; 845)
[2022-06-14 07:31:35,779] {local_task_job.py:156} INFO - Task exited with return code 1
[2022-06-14 07:31:35,833] {local_task_job.py:273} INFO - 0 downstream tasks scheduled from follow-on schedule check
