[2022-06-12 07:22:43,453] {taskinstance.py:1159} INFO - Dependencies all met for <TaskInstance: my_dag.training_model_B manual__2022-06-12T07:22:38.940831+00:00 [queued]>
[2022-06-12 07:22:43,557] {taskinstance.py:1159} INFO - Dependencies all met for <TaskInstance: my_dag.training_model_B manual__2022-06-12T07:22:38.940831+00:00 [queued]>
[2022-06-12 07:22:43,560] {taskinstance.py:1356} INFO - 
--------------------------------------------------------------------------------
[2022-06-12 07:22:43,568] {taskinstance.py:1357} INFO - Starting attempt 1 of 1
[2022-06-12 07:22:43,573] {taskinstance.py:1358} INFO - 
--------------------------------------------------------------------------------
[2022-06-12 07:22:43,934] {taskinstance.py:1377} INFO - Executing <Task(PythonOperator): training_model_B> on 2022-06-12 07:22:38.940831+00:00
[2022-06-12 07:22:43,975] {standard_task_runner.py:52} INFO - Started process 9152 to run task
[2022-06-12 07:22:44,178] {standard_task_runner.py:79} INFO - Running: ['***', 'tasks', 'run', 'my_dag', 'training_model_B', 'manual__2022-06-12T07:22:38.940831+00:00', '--job-id', '11', '--raw', '--subdir', 'DAGS_FOLDER/my_dags.py', '--cfg-path', '/tmp/tmptaprlppd', '--error-file', '/tmp/tmpl6xujv7z']
[2022-06-12 07:22:44,204] {standard_task_runner.py:80} INFO - Job 11: Subtask training_model_B
[2022-06-12 07:22:44,951] {task_command.py:370} INFO - Running <TaskInstance: my_dag.training_model_B manual__2022-06-12T07:22:38.940831+00:00 [running]> on host f95f507e9417
[2022-06-12 07:22:45,161] {taskinstance.py:1571} INFO - Exporting the following env vars:
AIRFLOW_CTX_DAG_OWNER=***
AIRFLOW_CTX_DAG_ID=my_dag
AIRFLOW_CTX_TASK_ID=training_model_B
AIRFLOW_CTX_EXECUTION_DATE=2022-06-12T07:22:38.940831+00:00
AIRFLOW_CTX_TRY_NUMBER=1
AIRFLOW_CTX_DAG_RUN_ID=manual__2022-06-12T07:22:38.940831+00:00
[2022-06-12 07:22:45,165] {python.py:173} INFO - Done. Returned value was: 5
[2022-06-12 07:22:45,276] {taskinstance.py:1400} INFO - Marking task as SUCCESS. dag_id=my_dag, task_id=training_model_B, execution_date=20220612T072238, start_date=20220612T072243, end_date=20220612T072245
[2022-06-12 07:22:45,396] {local_task_job.py:156} INFO - Task exited with return code 0
[2022-06-12 07:22:45,580] {local_task_job.py:273} INFO - 0 downstream tasks scheduled from follow-on schedule check
