[2022-06-20 06:37:16,107] {taskinstance.py:1159} INFO - Dependencies all met for <TaskInstance: dags_new_version.extracting_user scheduled__2022-06-19T00:00:00+00:00 [queued]>
[2022-06-20 06:37:16,164] {taskinstance.py:1159} INFO - Dependencies all met for <TaskInstance: dags_new_version.extracting_user scheduled__2022-06-19T00:00:00+00:00 [queued]>
[2022-06-20 06:37:16,166] {taskinstance.py:1356} INFO - 
--------------------------------------------------------------------------------
[2022-06-20 06:37:16,168] {taskinstance.py:1357} INFO - Starting attempt 1 of 2
[2022-06-20 06:37:16,170] {taskinstance.py:1358} INFO - 
--------------------------------------------------------------------------------
[2022-06-20 06:37:16,297] {taskinstance.py:1377} INFO - Executing <Task(SimpleHttpOperator): extracting_user> on 2022-06-19 00:00:00+00:00
[2022-06-20 06:37:16,342] {standard_task_runner.py:52} INFO - Started process 210 to run task
[2022-06-20 06:37:16,365] {standard_task_runner.py:79} INFO - Running: ['***', 'tasks', 'run', 'dags_new_version', 'extracting_user', 'scheduled__2022-06-19T00:00:00+00:00', '--job-id', '172', '--raw', '--subdir', 'DAGS_FOLDER/user.py', '--cfg-path', '/tmp/tmpl5qn8k0w', '--error-file', '/tmp/tmpeyonu4mm']
[2022-06-20 06:37:16,377] {standard_task_runner.py:80} INFO - Job 172: Subtask extracting_user
[2022-06-20 06:37:16,653] {task_command.py:370} INFO - Running <TaskInstance: dags_new_version.extracting_user scheduled__2022-06-19T00:00:00+00:00 [running]> on host ca3ce831c04f
[2022-06-20 06:37:16,877] {taskinstance.py:1571} INFO - Exporting the following env vars:
AIRFLOW_CTX_DAG_OWNER=***
AIRFLOW_CTX_DAG_ID=dags_new_version
AIRFLOW_CTX_TASK_ID=extracting_user
AIRFLOW_CTX_EXECUTION_DATE=2022-06-19T00:00:00+00:00
AIRFLOW_CTX_TRY_NUMBER=1
AIRFLOW_CTX_DAG_RUN_ID=scheduled__2022-06-19T00:00:00+00:00
[2022-06-20 06:37:16,887] {http.py:102} INFO - Calling HTTP method
[2022-06-20 06:37:17,143] {base.py:68} INFO - Using connection ID 'user_api' for task execution.
[2022-06-20 06:37:17,156] {http.py:129} INFO - Sending 'GET' to url: https://randomuser.me/api/
[2022-06-20 06:37:17,711] {http.py:106} INFO - {"results":[{"gender":"male","name":{"title":"Mr","first":"Romuald","last":"Weil"},"location":{"street":{"number":9305,"name":"Breslauer Straße"},"city":"Seelow","state":"Schleswig-Holstein","country":"Germany","postcode":11501,"coordinates":{"latitude":"-41.4392","longitude":"-11.2653"},"timezone":{"offset":"+8:00","description":"Beijing, Perth, Singapore, Hong Kong"}},"email":"romuald.weil@example.com","login":{"uuid":"dfde2ce0-58bb-4b84-bb94-ab86f3b31cec","username":"organicfish701","password":"picasso","salt":"tHSUTHqC","md5":"47ebfece89fd68e9e5dda293e6468fe3","sha1":"5b248ba51b497697b3c2d696acf3e2a811dbd077","sha256":"c96a6845102096884fad689f1f0988216d610b4c7e251c29891eead1c780f4af"},"dob":{"date":"1984-03-23T03:31:54.332Z","age":38},"registered":{"date":"2011-08-20T20:40:29.323Z","age":11},"phone":"0927-2189740","cell":"0175-2795136","id":{"name":"","value":null},"picture":{"large":"https://randomuser.me/api/portraits/men/40.jpg","medium":"https://randomuser.me/api/portraits/med/men/40.jpg","thumbnail":"https://randomuser.me/api/portraits/thumb/men/40.jpg"},"nat":"DE"}],"info":{"seed":"f149ce69fed2e666","results":1,"page":1,"version":"1.3"}}
[2022-06-20 06:37:17,854] {taskinstance.py:1400} INFO - Marking task as SUCCESS. dag_id=dags_new_version, task_id=extracting_user, execution_date=20220619T000000, start_date=20220620T063716, end_date=20220620T063717
[2022-06-20 06:37:18,077] {local_task_job.py:156} INFO - Task exited with return code 0
[2022-06-20 06:37:18,355] {local_task_job.py:273} INFO - 0 downstream tasks scheduled from follow-on schedule check
