[2022-06-20 06:41:06,752] {taskinstance.py:1159} INFO - Dependencies all met for <TaskInstance: dags_new_version.extracting_user manual__2022-06-20T06:40:52.621468+00:00 [queued]>
[2022-06-20 06:41:06,804] {taskinstance.py:1159} INFO - Dependencies all met for <TaskInstance: dags_new_version.extracting_user manual__2022-06-20T06:40:52.621468+00:00 [queued]>
[2022-06-20 06:41:06,866] {taskinstance.py:1356} INFO - 
--------------------------------------------------------------------------------
[2022-06-20 06:41:06,867] {taskinstance.py:1357} INFO - Starting attempt 1 of 2
[2022-06-20 06:41:06,869] {taskinstance.py:1358} INFO - 
--------------------------------------------------------------------------------
[2022-06-20 06:41:07,091] {taskinstance.py:1377} INFO - Executing <Task(SimpleHttpOperator): extracting_user> on 2022-06-20 06:40:52.621468+00:00
[2022-06-20 06:41:07,178] {standard_task_runner.py:52} INFO - Started process 376 to run task
[2022-06-20 06:41:07,228] {standard_task_runner.py:79} INFO - Running: ['***', 'tasks', 'run', 'dags_new_version', 'extracting_user', 'manual__2022-06-20T06:40:52.621468+00:00', '--job-id', '185', '--raw', '--subdir', 'DAGS_FOLDER/user.py', '--cfg-path', '/tmp/tmpz6dlmiia', '--error-file', '/tmp/tmp050n616d']
[2022-06-20 06:41:07,240] {standard_task_runner.py:80} INFO - Job 185: Subtask extracting_user
[2022-06-20 06:41:08,011] {task_command.py:370} INFO - Running <TaskInstance: dags_new_version.extracting_user manual__2022-06-20T06:40:52.621468+00:00 [running]> on host ca3ce831c04f
[2022-06-20 06:41:09,798] {taskinstance.py:1571} INFO - Exporting the following env vars:
AIRFLOW_CTX_DAG_OWNER=***
AIRFLOW_CTX_DAG_ID=dags_new_version
AIRFLOW_CTX_TASK_ID=extracting_user
AIRFLOW_CTX_EXECUTION_DATE=2022-06-20T06:40:52.621468+00:00
AIRFLOW_CTX_TRY_NUMBER=1
AIRFLOW_CTX_DAG_RUN_ID=manual__2022-06-20T06:40:52.621468+00:00
[2022-06-20 06:41:09,810] {http.py:102} INFO - Calling HTTP method
[2022-06-20 06:41:09,971] {base.py:68} INFO - Using connection ID 'user_api' for task execution.
[2022-06-20 06:41:09,991] {http.py:129} INFO - Sending 'GET' to url: https://randomuser.me/api/
[2022-06-20 06:41:10,826] {http.py:106} INFO - {"results":[{"gender":"male","name":{"title":"Mr","first":"Simon","last":"Olsen"},"location":{"street":{"number":1445,"name":"Ægirsvej"},"city":"Kongsvinger","state":"Hovedstaden","country":"Denmark","postcode":14257,"coordinates":{"latitude":"-32.1276","longitude":"-49.5708"},"timezone":{"offset":"+5:45","description":"Kathmandu"}},"email":"simon.olsen@example.com","login":{"uuid":"dbc2f640-a336-4a21-9113-8ead22f073b3","username":"bigduck567","password":"aikido","salt":"QlnxOjeI","md5":"95ddfef8f9577981224236e67ae14d46","sha1":"b05be43543b95bee1e72089cb37f45a045c53739","sha256":"75f9e587b334e9c756c4205c86ccbe516925007dec1862e69e8b50f4cb8758f5"},"dob":{"date":"1994-06-02T16:02:40.066Z","age":28},"registered":{"date":"2013-05-19T17:53:21.280Z","age":9},"phone":"11904272","cell":"33471446","id":{"name":"CPR","value":"020694-3828"},"picture":{"large":"https://randomuser.me/api/portraits/men/86.jpg","medium":"https://randomuser.me/api/portraits/med/men/86.jpg","thumbnail":"https://randomuser.me/api/portraits/thumb/men/86.jpg"},"nat":"DK"}],"info":{"seed":"648effbcc6e475ad","results":1,"page":1,"version":"1.3"}}
[2022-06-20 06:41:11,343] {taskinstance.py:1400} INFO - Marking task as SUCCESS. dag_id=dags_new_version, task_id=extracting_user, execution_date=20220620T064052, start_date=20220620T064106, end_date=20220620T064111
[2022-06-20 06:41:11,468] {local_task_job.py:156} INFO - Task exited with return code 0
[2022-06-20 06:41:11,730] {local_task_job.py:273} INFO - 1 downstream tasks scheduled from follow-on schedule check
