[2022-06-15 09:30:04,528] {processor.py:153} INFO - Started process (PID=29638) to work on /opt/airflow/dags/user.py
[2022-06-15 09:30:04,538] {processor.py:641} INFO - Processing file /opt/airflow/dags/user.py for tasks to queue
[2022-06-15 09:30:04,545] {logging_mixin.py:115} INFO - [2022-06-15 09:30:04,544] {dagbag.py:507} INFO - Filling up the DagBag from /opt/airflow/dags/user.py
[2022-06-15 09:30:04,730] {processor.py:651} INFO - DAG(s) dict_keys(['testing']) retrieved from /opt/airflow/dags/user.py
[2022-06-15 09:30:05,279] {logging_mixin.py:115} INFO - [2022-06-15 09:30:05,275] {dag.py:2379} INFO - Sync 1 DAGs
[2022-06-15 09:30:05,386] {logging_mixin.py:115} INFO - [2022-06-15 09:30:05,385] {dag.py:2931} INFO - Setting next_dagrun for testing to None, run_after=None
[2022-06-15 09:30:05,432] {processor.py:161} INFO - Processing /opt/airflow/dags/user.py took 0.949 seconds
[2022-06-15 09:30:20,167] {processor.py:153} INFO - Started process (PID=29661) to work on /opt/airflow/dags/user.py
[2022-06-15 09:30:20,169] {processor.py:641} INFO - Processing file /opt/airflow/dags/user.py for tasks to queue
[2022-06-15 09:30:20,174] {logging_mixin.py:115} INFO - [2022-06-15 09:30:20,173] {dagbag.py:507} INFO - Filling up the DagBag from /opt/airflow/dags/user.py
[2022-06-15 09:30:20,264] {processor.py:651} INFO - DAG(s) dict_keys(['user_table']) retrieved from /opt/airflow/dags/user.py
[2022-06-15 09:30:20,404] {logging_mixin.py:115} INFO - [2022-06-15 09:30:20,404] {manager.py:508} INFO - Created Permission View: can delete on DAG:user_table
[2022-06-15 09:30:20,423] {logging_mixin.py:115} INFO - [2022-06-15 09:30:20,423] {manager.py:508} INFO - Created Permission View: can read on DAG:user_table
[2022-06-15 09:30:20,437] {logging_mixin.py:115} INFO - [2022-06-15 09:30:20,437] {manager.py:508} INFO - Created Permission View: can edit on DAG:user_table
[2022-06-15 09:30:20,440] {logging_mixin.py:115} INFO - [2022-06-15 09:30:20,438] {dag.py:2379} INFO - Sync 1 DAGs
[2022-06-15 09:30:20,454] {logging_mixin.py:115} INFO - [2022-06-15 09:30:20,454] {dag.py:2398} INFO - Creating ORM DAG for user_table
[2022-06-15 09:30:20,473] {logging_mixin.py:115} INFO - [2022-06-15 09:30:20,473] {dag.py:2931} INFO - Setting next_dagrun for user_table to None, run_after=None
[2022-06-15 09:30:20,510] {processor.py:161} INFO - Processing /opt/airflow/dags/user.py took 0.355 seconds
[2022-06-15 09:30:50,761] {processor.py:153} INFO - Started process (PID=29718) to work on /opt/airflow/dags/user.py
[2022-06-15 09:30:50,763] {processor.py:641} INFO - Processing file /opt/airflow/dags/user.py for tasks to queue
[2022-06-15 09:30:50,767] {logging_mixin.py:115} INFO - [2022-06-15 09:30:50,767] {dagbag.py:507} INFO - Filling up the DagBag from /opt/airflow/dags/user.py
[2022-06-15 09:30:50,800] {processor.py:651} INFO - DAG(s) dict_keys(['user_table']) retrieved from /opt/airflow/dags/user.py
[2022-06-15 09:30:50,847] {logging_mixin.py:115} INFO - [2022-06-15 09:30:50,845] {dag.py:2379} INFO - Sync 1 DAGs
[2022-06-15 09:30:50,878] {logging_mixin.py:115} INFO - [2022-06-15 09:30:50,878] {dag.py:2931} INFO - Setting next_dagrun for user_table to None, run_after=None
[2022-06-15 09:30:50,897] {processor.py:161} INFO - Processing /opt/airflow/dags/user.py took 0.142 seconds
[2022-06-15 09:31:21,077] {processor.py:153} INFO - Started process (PID=29775) to work on /opt/airflow/dags/user.py
[2022-06-15 09:31:21,079] {processor.py:641} INFO - Processing file /opt/airflow/dags/user.py for tasks to queue
[2022-06-15 09:31:21,082] {logging_mixin.py:115} INFO - [2022-06-15 09:31:21,082] {dagbag.py:507} INFO - Filling up the DagBag from /opt/airflow/dags/user.py
[2022-06-15 09:31:21,117] {processor.py:651} INFO - DAG(s) dict_keys(['user_table']) retrieved from /opt/airflow/dags/user.py
[2022-06-15 09:31:21,165] {logging_mixin.py:115} INFO - [2022-06-15 09:31:21,163] {dag.py:2379} INFO - Sync 1 DAGs
[2022-06-15 09:31:21,198] {logging_mixin.py:115} INFO - [2022-06-15 09:31:21,197] {dag.py:2931} INFO - Setting next_dagrun for user_table to None, run_after=None
[2022-06-15 09:31:21,220] {processor.py:161} INFO - Processing /opt/airflow/dags/user.py took 0.154 seconds
[2022-06-15 09:31:51,342] {processor.py:153} INFO - Started process (PID=29830) to work on /opt/airflow/dags/user.py
[2022-06-15 09:31:51,345] {processor.py:641} INFO - Processing file /opt/airflow/dags/user.py for tasks to queue
[2022-06-15 09:31:51,348] {logging_mixin.py:115} INFO - [2022-06-15 09:31:51,348] {dagbag.py:507} INFO - Filling up the DagBag from /opt/airflow/dags/user.py
[2022-06-15 09:31:51,412] {processor.py:651} INFO - DAG(s) dict_keys(['user_table']) retrieved from /opt/airflow/dags/user.py
[2022-06-15 09:31:51,506] {logging_mixin.py:115} INFO - [2022-06-15 09:31:51,501] {dag.py:2379} INFO - Sync 1 DAGs
[2022-06-15 09:31:51,593] {logging_mixin.py:115} INFO - [2022-06-15 09:31:51,593] {dag.py:2931} INFO - Setting next_dagrun for user_table to None, run_after=None
[2022-06-15 09:31:51,618] {processor.py:161} INFO - Processing /opt/airflow/dags/user.py took 0.289 seconds
[2022-06-15 09:32:21,979] {processor.py:153} INFO - Started process (PID=29888) to work on /opt/airflow/dags/user.py
[2022-06-15 09:32:21,982] {processor.py:641} INFO - Processing file /opt/airflow/dags/user.py for tasks to queue
[2022-06-15 09:32:21,984] {logging_mixin.py:115} INFO - [2022-06-15 09:32:21,984] {dagbag.py:507} INFO - Filling up the DagBag from /opt/airflow/dags/user.py
[2022-06-15 09:32:22,018] {processor.py:651} INFO - DAG(s) dict_keys(['user_table']) retrieved from /opt/airflow/dags/user.py
[2022-06-15 09:32:22,058] {logging_mixin.py:115} INFO - [2022-06-15 09:32:22,057] {dag.py:2379} INFO - Sync 1 DAGs
[2022-06-15 09:32:22,093] {logging_mixin.py:115} INFO - [2022-06-15 09:32:22,093] {dag.py:2931} INFO - Setting next_dagrun for user_table to None, run_after=None
[2022-06-15 09:32:22,110] {processor.py:161} INFO - Processing /opt/airflow/dags/user.py took 0.135 seconds
[2022-06-15 09:32:52,397] {processor.py:153} INFO - Started process (PID=29944) to work on /opt/airflow/dags/user.py
[2022-06-15 09:32:52,404] {processor.py:641} INFO - Processing file /opt/airflow/dags/user.py for tasks to queue
[2022-06-15 09:32:52,406] {logging_mixin.py:115} INFO - [2022-06-15 09:32:52,406] {dagbag.py:507} INFO - Filling up the DagBag from /opt/airflow/dags/user.py
[2022-06-15 09:32:52,442] {processor.py:651} INFO - DAG(s) dict_keys(['user_table']) retrieved from /opt/airflow/dags/user.py
[2022-06-15 09:32:52,507] {logging_mixin.py:115} INFO - [2022-06-15 09:32:52,504] {dag.py:2379} INFO - Sync 1 DAGs
[2022-06-15 09:32:52,555] {logging_mixin.py:115} INFO - [2022-06-15 09:32:52,555] {dag.py:2931} INFO - Setting next_dagrun for user_table to None, run_after=None
[2022-06-15 09:32:52,577] {processor.py:161} INFO - Processing /opt/airflow/dags/user.py took 0.194 seconds
[2022-06-15 09:33:22,874] {processor.py:153} INFO - Started process (PID=29999) to work on /opt/airflow/dags/user.py
[2022-06-15 09:33:22,877] {processor.py:641} INFO - Processing file /opt/airflow/dags/user.py for tasks to queue
[2022-06-15 09:33:22,880] {logging_mixin.py:115} INFO - [2022-06-15 09:33:22,880] {dagbag.py:507} INFO - Filling up the DagBag from /opt/airflow/dags/user.py
[2022-06-15 09:33:22,953] {processor.py:651} INFO - DAG(s) dict_keys(['user_table']) retrieved from /opt/airflow/dags/user.py
[2022-06-15 09:33:23,089] {logging_mixin.py:115} INFO - [2022-06-15 09:33:23,087] {dag.py:2379} INFO - Sync 1 DAGs
[2022-06-15 09:33:23,261] {logging_mixin.py:115} INFO - [2022-06-15 09:33:23,261] {dag.py:2931} INFO - Setting next_dagrun for user_table to None, run_after=None
[2022-06-15 09:33:23,411] {processor.py:161} INFO - Processing /opt/airflow/dags/user.py took 0.549 seconds
[2022-06-15 09:33:54,476] {processor.py:153} INFO - Started process (PID=30061) to work on /opt/airflow/dags/user.py
[2022-06-15 09:33:54,483] {processor.py:641} INFO - Processing file /opt/airflow/dags/user.py for tasks to queue
[2022-06-15 09:33:54,488] {logging_mixin.py:115} INFO - [2022-06-15 09:33:54,488] {dagbag.py:507} INFO - Filling up the DagBag from /opt/airflow/dags/user.py
[2022-06-15 09:33:54,690] {processor.py:651} INFO - DAG(s) dict_keys(['user_table']) retrieved from /opt/airflow/dags/user.py
[2022-06-15 09:33:54,863] {logging_mixin.py:115} INFO - [2022-06-15 09:33:54,860] {dag.py:2379} INFO - Sync 1 DAGs
[2022-06-15 09:33:54,958] {logging_mixin.py:115} INFO - [2022-06-15 09:33:54,958] {dag.py:2931} INFO - Setting next_dagrun for user_table to None, run_after=None
[2022-06-15 09:33:55,012] {processor.py:161} INFO - Processing /opt/airflow/dags/user.py took 0.582 seconds
[2022-06-15 09:34:25,855] {processor.py:153} INFO - Started process (PID=30118) to work on /opt/airflow/dags/user.py
[2022-06-15 09:34:25,858] {processor.py:641} INFO - Processing file /opt/airflow/dags/user.py for tasks to queue
[2022-06-15 09:34:25,861] {logging_mixin.py:115} INFO - [2022-06-15 09:34:25,861] {dagbag.py:507} INFO - Filling up the DagBag from /opt/airflow/dags/user.py
[2022-06-15 09:34:25,910] {processor.py:651} INFO - DAG(s) dict_keys(['user_table']) retrieved from /opt/airflow/dags/user.py
[2022-06-15 09:34:26,005] {logging_mixin.py:115} INFO - [2022-06-15 09:34:26,003] {dag.py:2379} INFO - Sync 1 DAGs
[2022-06-15 09:34:26,084] {logging_mixin.py:115} INFO - [2022-06-15 09:34:26,084] {dag.py:2931} INFO - Setting next_dagrun for user_table to None, run_after=None
[2022-06-15 09:34:26,124] {processor.py:161} INFO - Processing /opt/airflow/dags/user.py took 0.276 seconds
[2022-06-15 09:34:56,333] {processor.py:153} INFO - Started process (PID=30176) to work on /opt/airflow/dags/user.py
[2022-06-15 09:34:56,335] {processor.py:641} INFO - Processing file /opt/airflow/dags/user.py for tasks to queue
[2022-06-15 09:34:56,336] {logging_mixin.py:115} INFO - [2022-06-15 09:34:56,336] {dagbag.py:507} INFO - Filling up the DagBag from /opt/airflow/dags/user.py
[2022-06-15 09:34:56,368] {processor.py:651} INFO - DAG(s) dict_keys(['user_table']) retrieved from /opt/airflow/dags/user.py
[2022-06-15 09:34:56,421] {logging_mixin.py:115} INFO - [2022-06-15 09:34:56,419] {dag.py:2379} INFO - Sync 1 DAGs
[2022-06-15 09:34:56,456] {logging_mixin.py:115} INFO - [2022-06-15 09:34:56,456] {dag.py:2931} INFO - Setting next_dagrun for user_table to None, run_after=None
[2022-06-15 09:34:56,485] {processor.py:161} INFO - Processing /opt/airflow/dags/user.py took 0.158 seconds
[2022-06-15 09:35:27,058] {processor.py:153} INFO - Started process (PID=30234) to work on /opt/airflow/dags/user.py
[2022-06-15 09:35:27,085] {processor.py:641} INFO - Processing file /opt/airflow/dags/user.py for tasks to queue
[2022-06-15 09:35:27,098] {logging_mixin.py:115} INFO - [2022-06-15 09:35:27,097] {dagbag.py:507} INFO - Filling up the DagBag from /opt/airflow/dags/user.py
[2022-06-15 09:35:27,255] {processor.py:651} INFO - DAG(s) dict_keys(['user_table']) retrieved from /opt/airflow/dags/user.py
[2022-06-15 09:35:27,521] {logging_mixin.py:115} INFO - [2022-06-15 09:35:27,519] {dag.py:2379} INFO - Sync 1 DAGs
[2022-06-15 09:35:27,736] {logging_mixin.py:115} INFO - [2022-06-15 09:35:27,735] {dag.py:2931} INFO - Setting next_dagrun for user_table to None, run_after=None
[2022-06-15 09:35:27,769] {processor.py:161} INFO - Processing /opt/airflow/dags/user.py took 0.741 seconds
[2022-06-15 09:35:58,314] {processor.py:153} INFO - Started process (PID=30290) to work on /opt/airflow/dags/user.py
[2022-06-15 09:35:58,320] {processor.py:641} INFO - Processing file /opt/airflow/dags/user.py for tasks to queue
[2022-06-15 09:35:58,324] {logging_mixin.py:115} INFO - [2022-06-15 09:35:58,324] {dagbag.py:507} INFO - Filling up the DagBag from /opt/airflow/dags/user.py
[2022-06-15 09:35:58,400] {processor.py:651} INFO - DAG(s) dict_keys(['user_table']) retrieved from /opt/airflow/dags/user.py
[2022-06-15 09:35:58,512] {logging_mixin.py:115} INFO - [2022-06-15 09:35:58,504] {dag.py:2379} INFO - Sync 1 DAGs
[2022-06-15 09:35:58,647] {logging_mixin.py:115} INFO - [2022-06-15 09:35:58,646] {dag.py:2931} INFO - Setting next_dagrun for user_table to None, run_after=None
[2022-06-15 09:35:58,891] {processor.py:161} INFO - Processing /opt/airflow/dags/user.py took 0.602 seconds
[2022-06-15 09:36:29,056] {processor.py:153} INFO - Started process (PID=30346) to work on /opt/airflow/dags/user.py
[2022-06-15 09:36:29,058] {processor.py:641} INFO - Processing file /opt/airflow/dags/user.py for tasks to queue
[2022-06-15 09:36:29,060] {logging_mixin.py:115} INFO - [2022-06-15 09:36:29,060] {dagbag.py:507} INFO - Filling up the DagBag from /opt/airflow/dags/user.py
[2022-06-15 09:36:29,106] {processor.py:651} INFO - DAG(s) dict_keys(['user_table']) retrieved from /opt/airflow/dags/user.py
[2022-06-15 09:36:29,179] {logging_mixin.py:115} INFO - [2022-06-15 09:36:29,177] {dag.py:2379} INFO - Sync 1 DAGs
[2022-06-15 09:36:29,225] {logging_mixin.py:115} INFO - [2022-06-15 09:36:29,225] {dag.py:2931} INFO - Setting next_dagrun for user_table to None, run_after=None
[2022-06-15 09:36:29,258] {processor.py:161} INFO - Processing /opt/airflow/dags/user.py took 0.209 seconds
[2022-06-15 09:36:41,021] {processor.py:153} INFO - Started process (PID=30363) to work on /opt/airflow/dags/user.py
[2022-06-15 09:36:41,027] {processor.py:641} INFO - Processing file /opt/airflow/dags/user.py for tasks to queue
[2022-06-15 09:36:41,038] {logging_mixin.py:115} INFO - [2022-06-15 09:36:41,037] {dagbag.py:507} INFO - Filling up the DagBag from /opt/airflow/dags/user.py
[2022-06-15 09:36:41,169] {processor.py:651} INFO - DAG(s) dict_keys(['user_table']) retrieved from /opt/airflow/dags/user.py
[2022-06-15 09:36:41,607] {logging_mixin.py:115} INFO - [2022-06-15 09:36:41,576] {dag.py:2379} INFO - Sync 1 DAGs
[2022-06-15 09:36:41,893] {logging_mixin.py:115} INFO - [2022-06-15 09:36:41,893] {dag.py:2931} INFO - Setting next_dagrun for user_table to None, run_after=None
[2022-06-15 09:36:41,989] {processor.py:161} INFO - Processing /opt/airflow/dags/user.py took 0.986 seconds
[2022-06-15 09:37:12,170] {processor.py:153} INFO - Started process (PID=30430) to work on /opt/airflow/dags/user.py
[2022-06-15 09:37:12,173] {processor.py:641} INFO - Processing file /opt/airflow/dags/user.py for tasks to queue
[2022-06-15 09:37:12,178] {logging_mixin.py:115} INFO - [2022-06-15 09:37:12,177] {dagbag.py:507} INFO - Filling up the DagBag from /opt/airflow/dags/user.py
[2022-06-15 09:37:12,301] {processor.py:651} INFO - DAG(s) dict_keys(['user_table']) retrieved from /opt/airflow/dags/user.py
[2022-06-15 09:37:12,444] {logging_mixin.py:115} INFO - [2022-06-15 09:37:12,428] {dag.py:2379} INFO - Sync 1 DAGs
[2022-06-15 09:37:12,571] {logging_mixin.py:115} INFO - [2022-06-15 09:37:12,571] {dag.py:2931} INFO - Setting next_dagrun for user_table to None, run_after=None
[2022-06-15 09:37:12,636] {processor.py:161} INFO - Processing /opt/airflow/dags/user.py took 0.472 seconds
[2022-06-15 09:37:42,820] {processor.py:153} INFO - Started process (PID=30487) to work on /opt/airflow/dags/user.py
[2022-06-15 09:37:42,822] {processor.py:641} INFO - Processing file /opt/airflow/dags/user.py for tasks to queue
[2022-06-15 09:37:42,824] {logging_mixin.py:115} INFO - [2022-06-15 09:37:42,824] {dagbag.py:507} INFO - Filling up the DagBag from /opt/airflow/dags/user.py
[2022-06-15 09:37:42,858] {processor.py:651} INFO - DAG(s) dict_keys(['user_table']) retrieved from /opt/airflow/dags/user.py
[2022-06-15 09:37:42,909] {logging_mixin.py:115} INFO - [2022-06-15 09:37:42,907] {dag.py:2379} INFO - Sync 1 DAGs
[2022-06-15 09:37:42,941] {logging_mixin.py:115} INFO - [2022-06-15 09:37:42,940] {dag.py:2931} INFO - Setting next_dagrun for user_table to None, run_after=None
[2022-06-15 09:37:42,957] {processor.py:161} INFO - Processing /opt/airflow/dags/user.py took 0.144 seconds
[2022-06-15 09:38:13,077] {processor.py:153} INFO - Started process (PID=30543) to work on /opt/airflow/dags/user.py
[2022-06-15 09:38:13,081] {processor.py:641} INFO - Processing file /opt/airflow/dags/user.py for tasks to queue
[2022-06-15 09:38:13,084] {logging_mixin.py:115} INFO - [2022-06-15 09:38:13,084] {dagbag.py:507} INFO - Filling up the DagBag from /opt/airflow/dags/user.py
[2022-06-15 09:38:13,131] {processor.py:651} INFO - DAG(s) dict_keys(['user_table']) retrieved from /opt/airflow/dags/user.py
[2022-06-15 09:38:13,190] {logging_mixin.py:115} INFO - [2022-06-15 09:38:13,189] {dag.py:2379} INFO - Sync 1 DAGs
[2022-06-15 09:38:13,264] {logging_mixin.py:115} INFO - [2022-06-15 09:38:13,264] {dag.py:2931} INFO - Setting next_dagrun for user_table to None, run_after=None
[2022-06-15 09:38:13,281] {processor.py:161} INFO - Processing /opt/airflow/dags/user.py took 0.215 seconds
[2022-06-15 09:38:43,823] {processor.py:153} INFO - Started process (PID=30602) to work on /opt/airflow/dags/user.py
[2022-06-15 09:38:43,834] {processor.py:641} INFO - Processing file /opt/airflow/dags/user.py for tasks to queue
[2022-06-15 09:38:43,840] {logging_mixin.py:115} INFO - [2022-06-15 09:38:43,840] {dagbag.py:507} INFO - Filling up the DagBag from /opt/airflow/dags/user.py
[2022-06-15 09:38:43,994] {processor.py:651} INFO - DAG(s) dict_keys(['user_table']) retrieved from /opt/airflow/dags/user.py
[2022-06-15 09:38:44,185] {logging_mixin.py:115} INFO - [2022-06-15 09:38:44,183] {dag.py:2379} INFO - Sync 1 DAGs
[2022-06-15 09:38:44,676] {logging_mixin.py:115} INFO - [2022-06-15 09:38:44,675] {dag.py:2931} INFO - Setting next_dagrun for user_table to None, run_after=None
[2022-06-15 09:38:44,739] {processor.py:161} INFO - Processing /opt/airflow/dags/user.py took 0.951 seconds
[2022-06-15 09:39:15,204] {processor.py:153} INFO - Started process (PID=30666) to work on /opt/airflow/dags/user.py
[2022-06-15 09:39:15,205] {processor.py:641} INFO - Processing file /opt/airflow/dags/user.py for tasks to queue
[2022-06-15 09:39:15,211] {logging_mixin.py:115} INFO - [2022-06-15 09:39:15,210] {dagbag.py:507} INFO - Filling up the DagBag from /opt/airflow/dags/user.py
[2022-06-15 09:39:15,267] {processor.py:651} INFO - DAG(s) dict_keys(['user_table']) retrieved from /opt/airflow/dags/user.py
[2022-06-15 09:39:15,318] {logging_mixin.py:115} INFO - [2022-06-15 09:39:15,316] {dag.py:2379} INFO - Sync 1 DAGs
[2022-06-15 09:39:15,351] {logging_mixin.py:115} INFO - [2022-06-15 09:39:15,351] {dag.py:2931} INFO - Setting next_dagrun for user_table to None, run_after=None
[2022-06-15 09:39:15,399] {processor.py:161} INFO - Processing /opt/airflow/dags/user.py took 0.220 seconds
[2022-06-15 09:39:45,753] {processor.py:153} INFO - Started process (PID=30724) to work on /opt/airflow/dags/user.py
[2022-06-15 09:39:45,756] {processor.py:641} INFO - Processing file /opt/airflow/dags/user.py for tasks to queue
[2022-06-15 09:39:45,760] {logging_mixin.py:115} INFO - [2022-06-15 09:39:45,759] {dagbag.py:507} INFO - Filling up the DagBag from /opt/airflow/dags/user.py
[2022-06-15 09:39:45,922] {processor.py:651} INFO - DAG(s) dict_keys(['user_table']) retrieved from /opt/airflow/dags/user.py
[2022-06-15 09:39:45,991] {logging_mixin.py:115} INFO - [2022-06-15 09:39:45,989] {dag.py:2379} INFO - Sync 1 DAGs
[2022-06-15 09:39:46,048] {logging_mixin.py:115} INFO - [2022-06-15 09:39:46,048] {dag.py:2931} INFO - Setting next_dagrun for user_table to None, run_after=None
[2022-06-15 09:39:46,077] {processor.py:161} INFO - Processing /opt/airflow/dags/user.py took 0.336 seconds
[2022-06-15 09:40:16,732] {processor.py:153} INFO - Started process (PID=30781) to work on /opt/airflow/dags/user.py
[2022-06-15 09:40:16,736] {processor.py:641} INFO - Processing file /opt/airflow/dags/user.py for tasks to queue
[2022-06-15 09:40:16,740] {logging_mixin.py:115} INFO - [2022-06-15 09:40:16,740] {dagbag.py:507} INFO - Filling up the DagBag from /opt/airflow/dags/user.py
[2022-06-15 09:40:16,779] {processor.py:651} INFO - DAG(s) dict_keys(['user_table']) retrieved from /opt/airflow/dags/user.py
[2022-06-15 09:40:16,841] {logging_mixin.py:115} INFO - [2022-06-15 09:40:16,839] {dag.py:2379} INFO - Sync 1 DAGs
[2022-06-15 09:40:16,886] {logging_mixin.py:115} INFO - [2022-06-15 09:40:16,886] {dag.py:2931} INFO - Setting next_dagrun for user_table to None, run_after=None
[2022-06-15 09:40:16,931] {processor.py:161} INFO - Processing /opt/airflow/dags/user.py took 0.212 seconds
[2022-06-15 09:40:47,305] {processor.py:153} INFO - Started process (PID=30847) to work on /opt/airflow/dags/user.py
[2022-06-15 09:40:47,319] {processor.py:641} INFO - Processing file /opt/airflow/dags/user.py for tasks to queue
[2022-06-15 09:40:47,321] {logging_mixin.py:115} INFO - [2022-06-15 09:40:47,321] {dagbag.py:507} INFO - Filling up the DagBag from /opt/airflow/dags/user.py
[2022-06-15 09:40:47,450] {processor.py:651} INFO - DAG(s) dict_keys(['user_table']) retrieved from /opt/airflow/dags/user.py
[2022-06-15 09:40:47,811] {logging_mixin.py:115} INFO - [2022-06-15 09:40:47,809] {dag.py:2379} INFO - Sync 1 DAGs
[2022-06-15 09:40:47,939] {logging_mixin.py:115} INFO - [2022-06-15 09:40:47,939] {dag.py:2931} INFO - Setting next_dagrun for user_table to None, run_after=None
[2022-06-15 09:40:47,979] {processor.py:161} INFO - Processing /opt/airflow/dags/user.py took 0.702 seconds
[2022-06-15 09:41:18,354] {processor.py:153} INFO - Started process (PID=30902) to work on /opt/airflow/dags/user.py
[2022-06-15 09:41:18,358] {processor.py:641} INFO - Processing file /opt/airflow/dags/user.py for tasks to queue
[2022-06-15 09:41:18,360] {logging_mixin.py:115} INFO - [2022-06-15 09:41:18,360] {dagbag.py:507} INFO - Filling up the DagBag from /opt/airflow/dags/user.py
[2022-06-15 09:41:18,423] {processor.py:651} INFO - DAG(s) dict_keys(['user_table']) retrieved from /opt/airflow/dags/user.py
[2022-06-15 09:41:18,511] {logging_mixin.py:115} INFO - [2022-06-15 09:41:18,508] {dag.py:2379} INFO - Sync 1 DAGs
[2022-06-15 09:41:18,543] {logging_mixin.py:115} INFO - [2022-06-15 09:41:18,543] {dag.py:2931} INFO - Setting next_dagrun for user_table to None, run_after=None
[2022-06-15 09:41:18,562] {processor.py:161} INFO - Processing /opt/airflow/dags/user.py took 0.218 seconds
[2022-06-15 09:41:48,677] {processor.py:153} INFO - Started process (PID=30959) to work on /opt/airflow/dags/user.py
[2022-06-15 09:41:48,688] {processor.py:641} INFO - Processing file /opt/airflow/dags/user.py for tasks to queue
[2022-06-15 09:41:48,691] {logging_mixin.py:115} INFO - [2022-06-15 09:41:48,691] {dagbag.py:507} INFO - Filling up the DagBag from /opt/airflow/dags/user.py
[2022-06-15 09:41:48,763] {processor.py:651} INFO - DAG(s) dict_keys(['user_table']) retrieved from /opt/airflow/dags/user.py
[2022-06-15 09:41:48,853] {logging_mixin.py:115} INFO - [2022-06-15 09:41:48,851] {dag.py:2379} INFO - Sync 1 DAGs
[2022-06-15 09:41:48,944] {logging_mixin.py:115} INFO - [2022-06-15 09:41:48,944] {dag.py:2931} INFO - Setting next_dagrun for user_table to None, run_after=None
[2022-06-15 09:41:48,992] {processor.py:161} INFO - Processing /opt/airflow/dags/user.py took 0.324 seconds
[2022-06-15 09:42:19,672] {processor.py:153} INFO - Started process (PID=31017) to work on /opt/airflow/dags/user.py
[2022-06-15 09:42:19,675] {processor.py:641} INFO - Processing file /opt/airflow/dags/user.py for tasks to queue
[2022-06-15 09:42:19,686] {logging_mixin.py:115} INFO - [2022-06-15 09:42:19,685] {dagbag.py:507} INFO - Filling up the DagBag from /opt/airflow/dags/user.py
[2022-06-15 09:42:19,730] {processor.py:651} INFO - DAG(s) dict_keys(['user_table']) retrieved from /opt/airflow/dags/user.py
[2022-06-15 09:42:19,796] {logging_mixin.py:115} INFO - [2022-06-15 09:42:19,794] {dag.py:2379} INFO - Sync 1 DAGs
[2022-06-15 09:42:19,845] {logging_mixin.py:115} INFO - [2022-06-15 09:42:19,845] {dag.py:2931} INFO - Setting next_dagrun for user_table to None, run_after=None
[2022-06-15 09:42:19,871] {processor.py:161} INFO - Processing /opt/airflow/dags/user.py took 0.219 seconds
[2022-06-15 09:42:50,720] {processor.py:153} INFO - Started process (PID=31073) to work on /opt/airflow/dags/user.py
[2022-06-15 09:42:50,723] {processor.py:641} INFO - Processing file /opt/airflow/dags/user.py for tasks to queue
[2022-06-15 09:42:50,726] {logging_mixin.py:115} INFO - [2022-06-15 09:42:50,726] {dagbag.py:507} INFO - Filling up the DagBag from /opt/airflow/dags/user.py
[2022-06-15 09:42:50,787] {processor.py:651} INFO - DAG(s) dict_keys(['user_table']) retrieved from /opt/airflow/dags/user.py
[2022-06-15 09:42:50,870] {logging_mixin.py:115} INFO - [2022-06-15 09:42:50,866] {dag.py:2379} INFO - Sync 1 DAGs
[2022-06-15 09:42:50,937] {logging_mixin.py:115} INFO - [2022-06-15 09:42:50,937] {dag.py:2931} INFO - Setting next_dagrun for user_table to None, run_after=None
[2022-06-15 09:42:50,968] {processor.py:161} INFO - Processing /opt/airflow/dags/user.py took 0.256 seconds
[2022-06-15 09:43:21,476] {processor.py:153} INFO - Started process (PID=31139) to work on /opt/airflow/dags/user.py
[2022-06-15 09:43:21,477] {processor.py:641} INFO - Processing file /opt/airflow/dags/user.py for tasks to queue
[2022-06-15 09:43:21,480] {logging_mixin.py:115} INFO - [2022-06-15 09:43:21,480] {dagbag.py:507} INFO - Filling up the DagBag from /opt/airflow/dags/user.py
[2022-06-15 09:43:21,544] {processor.py:651} INFO - DAG(s) dict_keys(['user_table']) retrieved from /opt/airflow/dags/user.py
[2022-06-15 09:43:21,611] {logging_mixin.py:115} INFO - [2022-06-15 09:43:21,610] {dag.py:2379} INFO - Sync 1 DAGs
[2022-06-15 09:43:21,678] {logging_mixin.py:115} INFO - [2022-06-15 09:43:21,678] {dag.py:2931} INFO - Setting next_dagrun for user_table to None, run_after=None
[2022-06-15 09:43:21,705] {processor.py:161} INFO - Processing /opt/airflow/dags/user.py took 0.237 seconds
[2022-06-15 09:43:51,982] {processor.py:153} INFO - Started process (PID=31197) to work on /opt/airflow/dags/user.py
[2022-06-15 09:43:51,984] {processor.py:641} INFO - Processing file /opt/airflow/dags/user.py for tasks to queue
[2022-06-15 09:43:51,987] {logging_mixin.py:115} INFO - [2022-06-15 09:43:51,987] {dagbag.py:507} INFO - Filling up the DagBag from /opt/airflow/dags/user.py
[2022-06-15 09:43:52,018] {processor.py:651} INFO - DAG(s) dict_keys(['user_table']) retrieved from /opt/airflow/dags/user.py
[2022-06-15 09:43:52,067] {logging_mixin.py:115} INFO - [2022-06-15 09:43:52,065] {dag.py:2379} INFO - Sync 1 DAGs
[2022-06-15 09:43:52,105] {logging_mixin.py:115} INFO - [2022-06-15 09:43:52,104] {dag.py:2931} INFO - Setting next_dagrun for user_table to None, run_after=None
[2022-06-15 09:43:52,125] {processor.py:161} INFO - Processing /opt/airflow/dags/user.py took 0.149 seconds
[2022-06-15 09:44:22,571] {processor.py:153} INFO - Started process (PID=31264) to work on /opt/airflow/dags/user.py
[2022-06-15 09:44:22,576] {processor.py:641} INFO - Processing file /opt/airflow/dags/user.py for tasks to queue
[2022-06-15 09:44:22,583] {logging_mixin.py:115} INFO - [2022-06-15 09:44:22,580] {dagbag.py:507} INFO - Filling up the DagBag from /opt/airflow/dags/user.py
[2022-06-15 09:44:22,657] {processor.py:651} INFO - DAG(s) dict_keys(['user_table']) retrieved from /opt/airflow/dags/user.py
[2022-06-15 09:44:22,731] {logging_mixin.py:115} INFO - [2022-06-15 09:44:22,729] {dag.py:2379} INFO - Sync 1 DAGs
[2022-06-15 09:44:22,760] {logging_mixin.py:115} INFO - [2022-06-15 09:44:22,760] {dag.py:2931} INFO - Setting next_dagrun for user_table to None, run_after=None
[2022-06-15 09:44:22,781] {processor.py:161} INFO - Processing /opt/airflow/dags/user.py took 0.228 seconds
[2022-06-15 09:44:53,356] {processor.py:153} INFO - Started process (PID=31320) to work on /opt/airflow/dags/user.py
[2022-06-15 09:44:53,358] {processor.py:641} INFO - Processing file /opt/airflow/dags/user.py for tasks to queue
[2022-06-15 09:44:53,360] {logging_mixin.py:115} INFO - [2022-06-15 09:44:53,360] {dagbag.py:507} INFO - Filling up the DagBag from /opt/airflow/dags/user.py
[2022-06-15 09:44:53,394] {processor.py:651} INFO - DAG(s) dict_keys(['user_table']) retrieved from /opt/airflow/dags/user.py
[2022-06-15 09:44:53,432] {logging_mixin.py:115} INFO - [2022-06-15 09:44:53,431] {dag.py:2379} INFO - Sync 1 DAGs
[2022-06-15 09:44:53,468] {logging_mixin.py:115} INFO - [2022-06-15 09:44:53,468] {dag.py:2931} INFO - Setting next_dagrun for user_table to None, run_after=None
[2022-06-15 09:44:53,487] {processor.py:161} INFO - Processing /opt/airflow/dags/user.py took 0.137 seconds
[2022-06-15 09:45:23,727] {processor.py:153} INFO - Started process (PID=31375) to work on /opt/airflow/dags/user.py
[2022-06-15 09:45:23,730] {processor.py:641} INFO - Processing file /opt/airflow/dags/user.py for tasks to queue
[2022-06-15 09:45:23,763] {logging_mixin.py:115} INFO - [2022-06-15 09:45:23,763] {dagbag.py:507} INFO - Filling up the DagBag from /opt/airflow/dags/user.py
[2022-06-15 09:45:23,893] {processor.py:651} INFO - DAG(s) dict_keys(['user_table']) retrieved from /opt/airflow/dags/user.py
[2022-06-15 09:45:24,216] {logging_mixin.py:115} INFO - [2022-06-15 09:45:24,210] {dag.py:2379} INFO - Sync 1 DAGs
[2022-06-15 09:45:24,445] {logging_mixin.py:115} INFO - [2022-06-15 09:45:24,445] {dag.py:2931} INFO - Setting next_dagrun for user_table to None, run_after=None
[2022-06-15 09:45:24,535] {processor.py:161} INFO - Processing /opt/airflow/dags/user.py took 0.723 seconds
[2022-06-15 09:45:54,713] {processor.py:153} INFO - Started process (PID=31438) to work on /opt/airflow/dags/user.py
[2022-06-15 09:45:54,716] {processor.py:641} INFO - Processing file /opt/airflow/dags/user.py for tasks to queue
[2022-06-15 09:45:54,729] {logging_mixin.py:115} INFO - [2022-06-15 09:45:54,729] {dagbag.py:507} INFO - Filling up the DagBag from /opt/airflow/dags/user.py
[2022-06-15 09:45:54,880] {processor.py:651} INFO - DAG(s) dict_keys(['user_table']) retrieved from /opt/airflow/dags/user.py
[2022-06-15 09:45:55,419] {logging_mixin.py:115} INFO - [2022-06-15 09:45:55,417] {dag.py:2379} INFO - Sync 1 DAGs
[2022-06-15 09:45:55,478] {logging_mixin.py:115} INFO - [2022-06-15 09:45:55,478] {dag.py:2931} INFO - Setting next_dagrun for user_table to None, run_after=None
[2022-06-15 09:45:55,501] {processor.py:161} INFO - Processing /opt/airflow/dags/user.py took 0.833 seconds
[2022-06-15 09:46:25,677] {processor.py:153} INFO - Started process (PID=31497) to work on /opt/airflow/dags/user.py
[2022-06-15 09:46:25,680] {processor.py:641} INFO - Processing file /opt/airflow/dags/user.py for tasks to queue
[2022-06-15 09:46:25,683] {logging_mixin.py:115} INFO - [2022-06-15 09:46:25,683] {dagbag.py:507} INFO - Filling up the DagBag from /opt/airflow/dags/user.py
[2022-06-15 09:46:25,724] {processor.py:651} INFO - DAG(s) dict_keys(['user_table']) retrieved from /opt/airflow/dags/user.py
[2022-06-15 09:46:25,792] {logging_mixin.py:115} INFO - [2022-06-15 09:46:25,790] {dag.py:2379} INFO - Sync 1 DAGs
[2022-06-15 09:46:25,833] {logging_mixin.py:115} INFO - [2022-06-15 09:46:25,833] {dag.py:2931} INFO - Setting next_dagrun for user_table to None, run_after=None
[2022-06-15 09:46:25,859] {processor.py:161} INFO - Processing /opt/airflow/dags/user.py took 0.189 seconds
[2022-06-15 09:46:56,098] {processor.py:153} INFO - Started process (PID=31553) to work on /opt/airflow/dags/user.py
[2022-06-15 09:46:56,100] {processor.py:641} INFO - Processing file /opt/airflow/dags/user.py for tasks to queue
[2022-06-15 09:46:56,102] {logging_mixin.py:115} INFO - [2022-06-15 09:46:56,102] {dagbag.py:507} INFO - Filling up the DagBag from /opt/airflow/dags/user.py
[2022-06-15 09:46:56,146] {processor.py:651} INFO - DAG(s) dict_keys(['user_table']) retrieved from /opt/airflow/dags/user.py
[2022-06-15 09:46:56,197] {logging_mixin.py:115} INFO - [2022-06-15 09:46:56,195] {dag.py:2379} INFO - Sync 1 DAGs
[2022-06-15 09:46:56,240] {logging_mixin.py:115} INFO - [2022-06-15 09:46:56,240] {dag.py:2931} INFO - Setting next_dagrun for user_table to None, run_after=None
[2022-06-15 09:46:56,268] {processor.py:161} INFO - Processing /opt/airflow/dags/user.py took 0.174 seconds
[2022-06-15 09:47:26,390] {processor.py:153} INFO - Started process (PID=31610) to work on /opt/airflow/dags/user.py
[2022-06-15 09:47:26,398] {processor.py:641} INFO - Processing file /opt/airflow/dags/user.py for tasks to queue
[2022-06-15 09:47:26,408] {logging_mixin.py:115} INFO - [2022-06-15 09:47:26,407] {dagbag.py:507} INFO - Filling up the DagBag from /opt/airflow/dags/user.py
[2022-06-15 09:47:26,637] {processor.py:651} INFO - DAG(s) dict_keys(['user_table']) retrieved from /opt/airflow/dags/user.py
[2022-06-15 09:47:26,892] {logging_mixin.py:115} INFO - [2022-06-15 09:47:26,887] {dag.py:2379} INFO - Sync 1 DAGs
[2022-06-15 09:47:27,010] {logging_mixin.py:115} INFO - [2022-06-15 09:47:27,009] {dag.py:2931} INFO - Setting next_dagrun for user_table to None, run_after=None
[2022-06-15 09:47:27,085] {processor.py:161} INFO - Processing /opt/airflow/dags/user.py took 0.729 seconds
[2022-06-15 09:47:57,306] {processor.py:153} INFO - Started process (PID=31676) to work on /opt/airflow/dags/user.py
[2022-06-15 09:47:57,313] {processor.py:641} INFO - Processing file /opt/airflow/dags/user.py for tasks to queue
[2022-06-15 09:47:57,317] {logging_mixin.py:115} INFO - [2022-06-15 09:47:57,316] {dagbag.py:507} INFO - Filling up the DagBag from /opt/airflow/dags/user.py
[2022-06-15 09:47:57,363] {processor.py:651} INFO - DAG(s) dict_keys(['user_table']) retrieved from /opt/airflow/dags/user.py
[2022-06-15 09:47:57,415] {logging_mixin.py:115} INFO - [2022-06-15 09:47:57,414] {dag.py:2379} INFO - Sync 1 DAGs
[2022-06-15 09:47:57,478] {logging_mixin.py:115} INFO - [2022-06-15 09:47:57,478] {dag.py:2931} INFO - Setting next_dagrun for user_table to None, run_after=None
[2022-06-15 09:47:57,498] {processor.py:161} INFO - Processing /opt/airflow/dags/user.py took 0.203 seconds
[2022-06-15 09:48:28,134] {processor.py:153} INFO - Started process (PID=31734) to work on /opt/airflow/dags/user.py
[2022-06-15 09:48:28,137] {processor.py:641} INFO - Processing file /opt/airflow/dags/user.py for tasks to queue
[2022-06-15 09:48:28,141] {logging_mixin.py:115} INFO - [2022-06-15 09:48:28,141] {dagbag.py:507} INFO - Filling up the DagBag from /opt/airflow/dags/user.py
[2022-06-15 09:48:28,179] {processor.py:651} INFO - DAG(s) dict_keys(['user_table']) retrieved from /opt/airflow/dags/user.py
[2022-06-15 09:48:28,233] {logging_mixin.py:115} INFO - [2022-06-15 09:48:28,231] {dag.py:2379} INFO - Sync 1 DAGs
[2022-06-15 09:48:28,269] {logging_mixin.py:115} INFO - [2022-06-15 09:48:28,269] {dag.py:2931} INFO - Setting next_dagrun for user_table to None, run_after=None
[2022-06-15 09:48:28,289] {processor.py:161} INFO - Processing /opt/airflow/dags/user.py took 0.165 seconds
[2022-06-15 09:48:58,417] {processor.py:153} INFO - Started process (PID=31791) to work on /opt/airflow/dags/user.py
[2022-06-15 09:48:58,421] {processor.py:641} INFO - Processing file /opt/airflow/dags/user.py for tasks to queue
[2022-06-15 09:48:58,424] {logging_mixin.py:115} INFO - [2022-06-15 09:48:58,423] {dagbag.py:507} INFO - Filling up the DagBag from /opt/airflow/dags/user.py
[2022-06-15 09:48:58,464] {processor.py:651} INFO - DAG(s) dict_keys(['user_table']) retrieved from /opt/airflow/dags/user.py
[2022-06-15 09:48:58,522] {logging_mixin.py:115} INFO - [2022-06-15 09:48:58,521] {dag.py:2379} INFO - Sync 1 DAGs
[2022-06-15 09:48:58,563] {logging_mixin.py:115} INFO - [2022-06-15 09:48:58,562] {dag.py:2931} INFO - Setting next_dagrun for user_table to None, run_after=None
[2022-06-15 09:48:58,589] {processor.py:161} INFO - Processing /opt/airflow/dags/user.py took 0.184 seconds
[2022-06-15 09:49:28,714] {processor.py:153} INFO - Started process (PID=31848) to work on /opt/airflow/dags/user.py
[2022-06-15 09:49:28,716] {processor.py:641} INFO - Processing file /opt/airflow/dags/user.py for tasks to queue
[2022-06-15 09:49:28,724] {logging_mixin.py:115} INFO - [2022-06-15 09:49:28,723] {dagbag.py:507} INFO - Filling up the DagBag from /opt/airflow/dags/user.py
[2022-06-15 09:49:28,791] {processor.py:651} INFO - DAG(s) dict_keys(['user_table']) retrieved from /opt/airflow/dags/user.py
[2022-06-15 09:49:28,852] {logging_mixin.py:115} INFO - [2022-06-15 09:49:28,850] {dag.py:2379} INFO - Sync 1 DAGs
[2022-06-15 09:49:28,889] {logging_mixin.py:115} INFO - [2022-06-15 09:49:28,889] {dag.py:2931} INFO - Setting next_dagrun for user_table to None, run_after=None
[2022-06-15 09:49:28,913] {processor.py:161} INFO - Processing /opt/airflow/dags/user.py took 0.212 seconds
[2022-06-15 09:49:59,752] {processor.py:153} INFO - Started process (PID=31904) to work on /opt/airflow/dags/user.py
[2022-06-15 09:49:59,757] {processor.py:641} INFO - Processing file /opt/airflow/dags/user.py for tasks to queue
[2022-06-15 09:49:59,759] {logging_mixin.py:115} INFO - [2022-06-15 09:49:59,759] {dagbag.py:507} INFO - Filling up the DagBag from /opt/airflow/dags/user.py
[2022-06-15 09:49:59,814] {processor.py:651} INFO - DAG(s) dict_keys(['user_table']) retrieved from /opt/airflow/dags/user.py
[2022-06-15 09:49:59,893] {logging_mixin.py:115} INFO - [2022-06-15 09:49:59,887] {dag.py:2379} INFO - Sync 1 DAGs
[2022-06-15 09:49:59,958] {logging_mixin.py:115} INFO - [2022-06-15 09:49:59,958] {dag.py:2931} INFO - Setting next_dagrun for user_table to None, run_after=None
[2022-06-15 09:50:00,002] {processor.py:161} INFO - Processing /opt/airflow/dags/user.py took 0.259 seconds
[2022-06-15 09:50:30,681] {processor.py:153} INFO - Started process (PID=31961) to work on /opt/airflow/dags/user.py
[2022-06-15 09:50:30,684] {processor.py:641} INFO - Processing file /opt/airflow/dags/user.py for tasks to queue
[2022-06-15 09:50:30,686] {logging_mixin.py:115} INFO - [2022-06-15 09:50:30,686] {dagbag.py:507} INFO - Filling up the DagBag from /opt/airflow/dags/user.py
[2022-06-15 09:50:30,756] {processor.py:651} INFO - DAG(s) dict_keys(['user_table']) retrieved from /opt/airflow/dags/user.py
[2022-06-15 09:50:30,833] {logging_mixin.py:115} INFO - [2022-06-15 09:50:30,831] {dag.py:2379} INFO - Sync 1 DAGs
[2022-06-15 09:50:30,898] {logging_mixin.py:115} INFO - [2022-06-15 09:50:30,898] {dag.py:2931} INFO - Setting next_dagrun for user_table to None, run_after=None
[2022-06-15 09:50:30,931] {processor.py:161} INFO - Processing /opt/airflow/dags/user.py took 0.266 seconds
[2022-06-15 09:51:01,651] {processor.py:153} INFO - Started process (PID=32029) to work on /opt/airflow/dags/user.py
[2022-06-15 09:51:01,654] {processor.py:641} INFO - Processing file /opt/airflow/dags/user.py for tasks to queue
[2022-06-15 09:51:01,657] {logging_mixin.py:115} INFO - [2022-06-15 09:51:01,656] {dagbag.py:507} INFO - Filling up the DagBag from /opt/airflow/dags/user.py
[2022-06-15 09:51:01,696] {processor.py:651} INFO - DAG(s) dict_keys(['user_table']) retrieved from /opt/airflow/dags/user.py
[2022-06-15 09:51:01,741] {logging_mixin.py:115} INFO - [2022-06-15 09:51:01,740] {dag.py:2379} INFO - Sync 1 DAGs
[2022-06-15 09:51:01,805] {logging_mixin.py:115} INFO - [2022-06-15 09:51:01,805] {dag.py:2931} INFO - Setting next_dagrun for user_table to None, run_after=None
[2022-06-15 09:51:01,829] {processor.py:161} INFO - Processing /opt/airflow/dags/user.py took 0.194 seconds
[2022-06-15 09:51:32,331] {processor.py:153} INFO - Started process (PID=32086) to work on /opt/airflow/dags/user.py
[2022-06-15 09:51:32,333] {processor.py:641} INFO - Processing file /opt/airflow/dags/user.py for tasks to queue
[2022-06-15 09:51:32,337] {logging_mixin.py:115} INFO - [2022-06-15 09:51:32,336] {dagbag.py:507} INFO - Filling up the DagBag from /opt/airflow/dags/user.py
[2022-06-15 09:51:32,378] {processor.py:651} INFO - DAG(s) dict_keys(['user_table']) retrieved from /opt/airflow/dags/user.py
[2022-06-15 09:51:32,428] {logging_mixin.py:115} INFO - [2022-06-15 09:51:32,426] {dag.py:2379} INFO - Sync 1 DAGs
[2022-06-15 09:51:32,471] {logging_mixin.py:115} INFO - [2022-06-15 09:51:32,471] {dag.py:2931} INFO - Setting next_dagrun for user_table to None, run_after=None
[2022-06-15 09:51:32,497] {processor.py:161} INFO - Processing /opt/airflow/dags/user.py took 0.175 seconds
[2022-06-15 09:52:02,690] {processor.py:153} INFO - Started process (PID=32143) to work on /opt/airflow/dags/user.py
[2022-06-15 09:52:02,696] {processor.py:641} INFO - Processing file /opt/airflow/dags/user.py for tasks to queue
[2022-06-15 09:52:02,699] {logging_mixin.py:115} INFO - [2022-06-15 09:52:02,699] {dagbag.py:507} INFO - Filling up the DagBag from /opt/airflow/dags/user.py
[2022-06-15 09:52:02,850] {processor.py:651} INFO - DAG(s) dict_keys(['user_table']) retrieved from /opt/airflow/dags/user.py
[2022-06-15 09:52:03,024] {logging_mixin.py:115} INFO - [2022-06-15 09:52:03,023] {dag.py:2379} INFO - Sync 1 DAGs
[2022-06-15 09:52:03,135] {logging_mixin.py:115} INFO - [2022-06-15 09:52:03,132] {dag.py:2931} INFO - Setting next_dagrun for user_table to None, run_after=None
[2022-06-15 09:52:03,181] {processor.py:161} INFO - Processing /opt/airflow/dags/user.py took 0.530 seconds
[2022-06-15 09:52:33,697] {processor.py:153} INFO - Started process (PID=32210) to work on /opt/airflow/dags/user.py
[2022-06-15 09:52:33,700] {processor.py:641} INFO - Processing file /opt/airflow/dags/user.py for tasks to queue
[2022-06-15 09:52:33,704] {logging_mixin.py:115} INFO - [2022-06-15 09:52:33,704] {dagbag.py:507} INFO - Filling up the DagBag from /opt/airflow/dags/user.py
[2022-06-15 09:52:33,769] {processor.py:651} INFO - DAG(s) dict_keys(['user_table']) retrieved from /opt/airflow/dags/user.py
[2022-06-15 09:52:33,921] {logging_mixin.py:115} INFO - [2022-06-15 09:52:33,920] {dag.py:2379} INFO - Sync 1 DAGs
[2022-06-15 09:52:33,991] {logging_mixin.py:115} INFO - [2022-06-15 09:52:33,991] {dag.py:2931} INFO - Setting next_dagrun for user_table to None, run_after=None
[2022-06-15 09:52:34,036] {processor.py:161} INFO - Processing /opt/airflow/dags/user.py took 0.355 seconds
[2022-06-15 09:53:04,237] {processor.py:153} INFO - Started process (PID=32267) to work on /opt/airflow/dags/user.py
[2022-06-15 09:53:04,244] {processor.py:641} INFO - Processing file /opt/airflow/dags/user.py for tasks to queue
[2022-06-15 09:53:04,246] {logging_mixin.py:115} INFO - [2022-06-15 09:53:04,246] {dagbag.py:507} INFO - Filling up the DagBag from /opt/airflow/dags/user.py
[2022-06-15 09:53:04,323] {processor.py:651} INFO - DAG(s) dict_keys(['user_table']) retrieved from /opt/airflow/dags/user.py
[2022-06-15 09:53:04,479] {logging_mixin.py:115} INFO - [2022-06-15 09:53:04,476] {dag.py:2379} INFO - Sync 1 DAGs
[2022-06-15 09:53:04,606] {logging_mixin.py:115} INFO - [2022-06-15 09:53:04,606] {dag.py:2931} INFO - Setting next_dagrun for user_table to None, run_after=None
[2022-06-15 09:53:04,641] {processor.py:161} INFO - Processing /opt/airflow/dags/user.py took 0.418 seconds
[2022-06-15 09:53:35,124] {processor.py:153} INFO - Started process (PID=32322) to work on /opt/airflow/dags/user.py
[2022-06-15 09:53:35,127] {processor.py:641} INFO - Processing file /opt/airflow/dags/user.py for tasks to queue
[2022-06-15 09:53:35,130] {logging_mixin.py:115} INFO - [2022-06-15 09:53:35,130] {dagbag.py:507} INFO - Filling up the DagBag from /opt/airflow/dags/user.py
[2022-06-15 09:53:35,208] {processor.py:651} INFO - DAG(s) dict_keys(['user_table']) retrieved from /opt/airflow/dags/user.py
[2022-06-15 09:53:35,318] {logging_mixin.py:115} INFO - [2022-06-15 09:53:35,315] {dag.py:2379} INFO - Sync 1 DAGs
[2022-06-15 09:53:35,425] {logging_mixin.py:115} INFO - [2022-06-15 09:53:35,425] {dag.py:2931} INFO - Setting next_dagrun for user_table to None, run_after=None
[2022-06-15 09:53:35,549] {processor.py:161} INFO - Processing /opt/airflow/dags/user.py took 0.437 seconds
[2022-06-15 09:54:05,699] {processor.py:153} INFO - Started process (PID=32379) to work on /opt/airflow/dags/user.py
[2022-06-15 09:54:05,702] {processor.py:641} INFO - Processing file /opt/airflow/dags/user.py for tasks to queue
[2022-06-15 09:54:05,705] {logging_mixin.py:115} INFO - [2022-06-15 09:54:05,705] {dagbag.py:507} INFO - Filling up the DagBag from /opt/airflow/dags/user.py
[2022-06-15 09:54:05,746] {processor.py:651} INFO - DAG(s) dict_keys(['user_table']) retrieved from /opt/airflow/dags/user.py
[2022-06-15 09:54:05,800] {logging_mixin.py:115} INFO - [2022-06-15 09:54:05,797] {dag.py:2379} INFO - Sync 1 DAGs
[2022-06-15 09:54:05,845] {logging_mixin.py:115} INFO - [2022-06-15 09:54:05,845] {dag.py:2931} INFO - Setting next_dagrun for user_table to None, run_after=None
[2022-06-15 09:54:05,884] {processor.py:161} INFO - Processing /opt/airflow/dags/user.py took 0.207 seconds
[2022-06-15 09:54:36,008] {processor.py:153} INFO - Started process (PID=32437) to work on /opt/airflow/dags/user.py
[2022-06-15 09:54:36,009] {processor.py:641} INFO - Processing file /opt/airflow/dags/user.py for tasks to queue
[2022-06-15 09:54:36,012] {logging_mixin.py:115} INFO - [2022-06-15 09:54:36,011] {dagbag.py:507} INFO - Filling up the DagBag from /opt/airflow/dags/user.py
[2022-06-15 09:54:36,044] {processor.py:651} INFO - DAG(s) dict_keys(['user_table']) retrieved from /opt/airflow/dags/user.py
[2022-06-15 09:54:36,097] {logging_mixin.py:115} INFO - [2022-06-15 09:54:36,095] {dag.py:2379} INFO - Sync 1 DAGs
[2022-06-15 09:54:36,127] {logging_mixin.py:115} INFO - [2022-06-15 09:54:36,127] {dag.py:2931} INFO - Setting next_dagrun for user_table to None, run_after=None
[2022-06-15 09:54:36,143] {processor.py:161} INFO - Processing /opt/airflow/dags/user.py took 0.144 seconds
[2022-06-15 09:55:07,023] {processor.py:153} INFO - Started process (PID=32503) to work on /opt/airflow/dags/user.py
[2022-06-15 09:55:07,027] {processor.py:641} INFO - Processing file /opt/airflow/dags/user.py for tasks to queue
[2022-06-15 09:55:07,035] {logging_mixin.py:115} INFO - [2022-06-15 09:55:07,033] {dagbag.py:507} INFO - Filling up the DagBag from /opt/airflow/dags/user.py
[2022-06-15 09:55:07,115] {processor.py:651} INFO - DAG(s) dict_keys(['user_table']) retrieved from /opt/airflow/dags/user.py
[2022-06-15 09:55:07,208] {logging_mixin.py:115} INFO - [2022-06-15 09:55:07,206] {dag.py:2379} INFO - Sync 1 DAGs
[2022-06-15 09:55:07,296] {logging_mixin.py:115} INFO - [2022-06-15 09:55:07,295] {dag.py:2931} INFO - Setting next_dagrun for user_table to None, run_after=None
[2022-06-15 09:55:07,338] {processor.py:161} INFO - Processing /opt/airflow/dags/user.py took 0.331 seconds
[2022-06-15 09:55:37,780] {processor.py:153} INFO - Started process (PID=32560) to work on /opt/airflow/dags/user.py
[2022-06-15 09:55:37,784] {processor.py:641} INFO - Processing file /opt/airflow/dags/user.py for tasks to queue
[2022-06-15 09:55:37,788] {logging_mixin.py:115} INFO - [2022-06-15 09:55:37,788] {dagbag.py:507} INFO - Filling up the DagBag from /opt/airflow/dags/user.py
[2022-06-15 09:55:37,836] {processor.py:651} INFO - DAG(s) dict_keys(['user_table']) retrieved from /opt/airflow/dags/user.py
[2022-06-15 09:55:37,908] {logging_mixin.py:115} INFO - [2022-06-15 09:55:37,905] {dag.py:2379} INFO - Sync 1 DAGs
[2022-06-15 09:55:37,951] {logging_mixin.py:115} INFO - [2022-06-15 09:55:37,951] {dag.py:2931} INFO - Setting next_dagrun for user_table to None, run_after=None
[2022-06-15 09:55:37,989] {processor.py:161} INFO - Processing /opt/airflow/dags/user.py took 0.218 seconds
[2022-06-15 09:56:08,098] {processor.py:153} INFO - Started process (PID=32615) to work on /opt/airflow/dags/user.py
[2022-06-15 09:56:08,108] {processor.py:641} INFO - Processing file /opt/airflow/dags/user.py for tasks to queue
[2022-06-15 09:56:08,113] {logging_mixin.py:115} INFO - [2022-06-15 09:56:08,112] {dagbag.py:507} INFO - Filling up the DagBag from /opt/airflow/dags/user.py
[2022-06-15 09:56:08,148] {processor.py:651} INFO - DAG(s) dict_keys(['user_table']) retrieved from /opt/airflow/dags/user.py
[2022-06-15 09:56:08,194] {logging_mixin.py:115} INFO - [2022-06-15 09:56:08,192] {dag.py:2379} INFO - Sync 1 DAGs
[2022-06-15 09:56:08,221] {logging_mixin.py:115} INFO - [2022-06-15 09:56:08,221] {dag.py:2931} INFO - Setting next_dagrun for user_table to None, run_after=None
[2022-06-15 09:56:08,241] {processor.py:161} INFO - Processing /opt/airflow/dags/user.py took 0.161 seconds
[2022-06-15 09:56:39,113] {processor.py:153} INFO - Started process (PID=32672) to work on /opt/airflow/dags/user.py
[2022-06-15 09:56:39,116] {processor.py:641} INFO - Processing file /opt/airflow/dags/user.py for tasks to queue
[2022-06-15 09:56:39,120] {logging_mixin.py:115} INFO - [2022-06-15 09:56:39,119] {dagbag.py:507} INFO - Filling up the DagBag from /opt/airflow/dags/user.py
[2022-06-15 09:56:39,183] {processor.py:651} INFO - DAG(s) dict_keys(['user_table']) retrieved from /opt/airflow/dags/user.py
[2022-06-15 09:56:39,276] {logging_mixin.py:115} INFO - [2022-06-15 09:56:39,273] {dag.py:2379} INFO - Sync 1 DAGs
[2022-06-15 09:56:39,345] {logging_mixin.py:115} INFO - [2022-06-15 09:56:39,345] {dag.py:2931} INFO - Setting next_dagrun for user_table to None, run_after=None
[2022-06-15 09:56:39,387] {processor.py:161} INFO - Processing /opt/airflow/dags/user.py took 0.286 seconds
[2022-06-15 09:57:09,548] {processor.py:153} INFO - Started process (PID=32729) to work on /opt/airflow/dags/user.py
[2022-06-15 09:57:09,552] {processor.py:641} INFO - Processing file /opt/airflow/dags/user.py for tasks to queue
[2022-06-15 09:57:09,556] {logging_mixin.py:115} INFO - [2022-06-15 09:57:09,556] {dagbag.py:507} INFO - Filling up the DagBag from /opt/airflow/dags/user.py
[2022-06-15 09:57:09,596] {processor.py:651} INFO - DAG(s) dict_keys(['user_table']) retrieved from /opt/airflow/dags/user.py
[2022-06-15 09:57:09,650] {logging_mixin.py:115} INFO - [2022-06-15 09:57:09,649] {dag.py:2379} INFO - Sync 1 DAGs
[2022-06-15 09:57:09,707] {logging_mixin.py:115} INFO - [2022-06-15 09:57:09,706] {dag.py:2931} INFO - Setting next_dagrun for user_table to None, run_after=None
[2022-06-15 09:57:09,729] {processor.py:161} INFO - Processing /opt/airflow/dags/user.py took 0.193 seconds
[2022-06-15 09:57:31,484] {processor.py:153} INFO - Started process (PID=32773) to work on /opt/airflow/dags/user.py
[2022-06-15 09:57:31,487] {processor.py:641} INFO - Processing file /opt/airflow/dags/user.py for tasks to queue
[2022-06-15 09:57:31,494] {logging_mixin.py:115} INFO - [2022-06-15 09:57:31,489] {dagbag.py:507} INFO - Filling up the DagBag from /opt/airflow/dags/user.py
[2022-06-15 09:57:31,595] {processor.py:651} INFO - DAG(s) dict_keys(['user_table']) retrieved from /opt/airflow/dags/user.py
[2022-06-15 09:57:31,719] {logging_mixin.py:115} INFO - [2022-06-15 09:57:31,717] {dag.py:2379} INFO - Sync 1 DAGs
[2022-06-15 09:57:31,790] {logging_mixin.py:115} INFO - [2022-06-15 09:57:31,789] {dag.py:2931} INFO - Setting next_dagrun for user_table to None, run_after=None
[2022-06-15 09:57:31,843] {processor.py:161} INFO - Processing /opt/airflow/dags/user.py took 0.372 seconds
[2022-06-15 09:57:37,834] {processor.py:153} INFO - Started process (PID=32786) to work on /opt/airflow/dags/user.py
[2022-06-15 09:57:37,836] {processor.py:641} INFO - Processing file /opt/airflow/dags/user.py for tasks to queue
[2022-06-15 09:57:37,840] {logging_mixin.py:115} INFO - [2022-06-15 09:57:37,840] {dagbag.py:507} INFO - Filling up the DagBag from /opt/airflow/dags/user.py
[2022-06-15 09:57:37,920] {processor.py:651} INFO - DAG(s) dict_keys(['user_table']) retrieved from /opt/airflow/dags/user.py
[2022-06-15 09:57:37,951] {logging_mixin.py:115} INFO - [2022-06-15 09:57:37,949] {dag.py:2379} INFO - Sync 1 DAGs
[2022-06-15 09:57:37,987] {logging_mixin.py:115} INFO - [2022-06-15 09:57:37,987] {dag.py:2931} INFO - Setting next_dagrun for user_table to None, run_after=None
[2022-06-15 09:57:38,016] {processor.py:161} INFO - Processing /opt/airflow/dags/user.py took 0.194 seconds
[2022-06-15 09:58:08,142] {processor.py:153} INFO - Started process (PID=32843) to work on /opt/airflow/dags/user.py
[2022-06-15 09:58:08,146] {processor.py:641} INFO - Processing file /opt/airflow/dags/user.py for tasks to queue
[2022-06-15 09:58:08,152] {logging_mixin.py:115} INFO - [2022-06-15 09:58:08,151] {dagbag.py:507} INFO - Filling up the DagBag from /opt/airflow/dags/user.py
[2022-06-15 09:58:08,210] {processor.py:651} INFO - DAG(s) dict_keys(['user_table']) retrieved from /opt/airflow/dags/user.py
[2022-06-15 09:58:08,269] {logging_mixin.py:115} INFO - [2022-06-15 09:58:08,267] {dag.py:2379} INFO - Sync 1 DAGs
[2022-06-15 09:58:08,354] {logging_mixin.py:115} INFO - [2022-06-15 09:58:08,354] {dag.py:2931} INFO - Setting next_dagrun for user_table to None, run_after=None
[2022-06-15 09:58:08,590] {processor.py:161} INFO - Processing /opt/airflow/dags/user.py took 0.462 seconds
[2022-06-15 09:58:39,252] {processor.py:153} INFO - Started process (PID=32907) to work on /opt/airflow/dags/user.py
[2022-06-15 09:58:39,255] {processor.py:641} INFO - Processing file /opt/airflow/dags/user.py for tasks to queue
[2022-06-15 09:58:39,257] {logging_mixin.py:115} INFO - [2022-06-15 09:58:39,256] {dagbag.py:507} INFO - Filling up the DagBag from /opt/airflow/dags/user.py
[2022-06-15 09:58:39,316] {processor.py:651} INFO - DAG(s) dict_keys(['user_table']) retrieved from /opt/airflow/dags/user.py
[2022-06-15 09:58:39,412] {logging_mixin.py:115} INFO - [2022-06-15 09:58:39,410] {dag.py:2379} INFO - Sync 1 DAGs
[2022-06-15 09:58:39,446] {logging_mixin.py:115} INFO - [2022-06-15 09:58:39,446] {dag.py:2931} INFO - Setting next_dagrun for user_table to None, run_after=None
[2022-06-15 09:58:39,482] {processor.py:161} INFO - Processing /opt/airflow/dags/user.py took 0.235 seconds
[2022-06-15 09:59:10,118] {processor.py:153} INFO - Started process (PID=32966) to work on /opt/airflow/dags/user.py
[2022-06-15 09:59:10,120] {processor.py:641} INFO - Processing file /opt/airflow/dags/user.py for tasks to queue
[2022-06-15 09:59:10,123] {logging_mixin.py:115} INFO - [2022-06-15 09:59:10,122] {dagbag.py:507} INFO - Filling up the DagBag from /opt/airflow/dags/user.py
[2022-06-15 09:59:10,155] {processor.py:651} INFO - DAG(s) dict_keys(['user_table']) retrieved from /opt/airflow/dags/user.py
[2022-06-15 09:59:10,205] {logging_mixin.py:115} INFO - [2022-06-15 09:59:10,204] {dag.py:2379} INFO - Sync 1 DAGs
[2022-06-15 09:59:10,265] {logging_mixin.py:115} INFO - [2022-06-15 09:59:10,265] {dag.py:2931} INFO - Setting next_dagrun for user_table to None, run_after=None
[2022-06-15 09:59:10,289] {processor.py:161} INFO - Processing /opt/airflow/dags/user.py took 0.176 seconds
[2022-06-15 09:59:40,387] {processor.py:153} INFO - Started process (PID=33023) to work on /opt/airflow/dags/user.py
[2022-06-15 09:59:40,389] {processor.py:641} INFO - Processing file /opt/airflow/dags/user.py for tasks to queue
[2022-06-15 09:59:40,391] {logging_mixin.py:115} INFO - [2022-06-15 09:59:40,391] {dagbag.py:507} INFO - Filling up the DagBag from /opt/airflow/dags/user.py
[2022-06-15 09:59:40,417] {processor.py:651} INFO - DAG(s) dict_keys(['user_table']) retrieved from /opt/airflow/dags/user.py
[2022-06-15 09:59:40,457] {logging_mixin.py:115} INFO - [2022-06-15 09:59:40,455] {dag.py:2379} INFO - Sync 1 DAGs
[2022-06-15 09:59:40,498] {logging_mixin.py:115} INFO - [2022-06-15 09:59:40,498] {dag.py:2931} INFO - Setting next_dagrun for user_table to None, run_after=None
[2022-06-15 09:59:40,524] {processor.py:161} INFO - Processing /opt/airflow/dags/user.py took 0.143 seconds
[2022-06-15 10:00:10,671] {processor.py:153} INFO - Started process (PID=33081) to work on /opt/airflow/dags/user.py
[2022-06-15 10:00:10,673] {processor.py:641} INFO - Processing file /opt/airflow/dags/user.py for tasks to queue
[2022-06-15 10:00:10,675] {logging_mixin.py:115} INFO - [2022-06-15 10:00:10,675] {dagbag.py:507} INFO - Filling up the DagBag from /opt/airflow/dags/user.py
[2022-06-15 10:00:10,700] {processor.py:651} INFO - DAG(s) dict_keys(['user_table']) retrieved from /opt/airflow/dags/user.py
[2022-06-15 10:00:10,740] {logging_mixin.py:115} INFO - [2022-06-15 10:00:10,739] {dag.py:2379} INFO - Sync 1 DAGs
[2022-06-15 10:00:10,770] {logging_mixin.py:115} INFO - [2022-06-15 10:00:10,769] {dag.py:2931} INFO - Setting next_dagrun for user_table to None, run_after=None
[2022-06-15 10:00:10,790] {processor.py:161} INFO - Processing /opt/airflow/dags/user.py took 0.126 seconds
[2022-06-15 10:00:40,994] {processor.py:153} INFO - Started process (PID=33147) to work on /opt/airflow/dags/user.py
[2022-06-15 10:00:41,004] {processor.py:641} INFO - Processing file /opt/airflow/dags/user.py for tasks to queue
[2022-06-15 10:00:41,014] {logging_mixin.py:115} INFO - [2022-06-15 10:00:41,014] {dagbag.py:507} INFO - Filling up the DagBag from /opt/airflow/dags/user.py
[2022-06-15 10:00:41,157] {processor.py:651} INFO - DAG(s) dict_keys(['user_table']) retrieved from /opt/airflow/dags/user.py
[2022-06-15 10:00:41,346] {logging_mixin.py:115} INFO - [2022-06-15 10:00:41,345] {dag.py:2379} INFO - Sync 1 DAGs
[2022-06-15 10:00:41,446] {logging_mixin.py:115} INFO - [2022-06-15 10:00:41,446] {dag.py:2931} INFO - Setting next_dagrun for user_table to None, run_after=None
[2022-06-15 10:00:41,486] {processor.py:161} INFO - Processing /opt/airflow/dags/user.py took 0.521 seconds
[2022-06-15 10:01:11,603] {processor.py:153} INFO - Started process (PID=33204) to work on /opt/airflow/dags/user.py
[2022-06-15 10:01:11,606] {processor.py:641} INFO - Processing file /opt/airflow/dags/user.py for tasks to queue
[2022-06-15 10:01:11,608] {logging_mixin.py:115} INFO - [2022-06-15 10:01:11,608] {dagbag.py:507} INFO - Filling up the DagBag from /opt/airflow/dags/user.py
[2022-06-15 10:01:11,653] {processor.py:651} INFO - DAG(s) dict_keys(['user_table']) retrieved from /opt/airflow/dags/user.py
[2022-06-15 10:01:11,747] {logging_mixin.py:115} INFO - [2022-06-15 10:01:11,745] {dag.py:2379} INFO - Sync 1 DAGs
[2022-06-15 10:01:11,789] {logging_mixin.py:115} INFO - [2022-06-15 10:01:11,789] {dag.py:2931} INFO - Setting next_dagrun for user_table to None, run_after=None
[2022-06-15 10:01:11,814] {processor.py:161} INFO - Processing /opt/airflow/dags/user.py took 0.220 seconds
[2022-06-15 10:01:41,946] {processor.py:153} INFO - Started process (PID=33260) to work on /opt/airflow/dags/user.py
[2022-06-15 10:01:41,947] {processor.py:641} INFO - Processing file /opt/airflow/dags/user.py for tasks to queue
[2022-06-15 10:01:41,951] {logging_mixin.py:115} INFO - [2022-06-15 10:01:41,951] {dagbag.py:507} INFO - Filling up the DagBag from /opt/airflow/dags/user.py
[2022-06-15 10:01:41,983] {processor.py:651} INFO - DAG(s) dict_keys(['user_table']) retrieved from /opt/airflow/dags/user.py
[2022-06-15 10:01:42,032] {logging_mixin.py:115} INFO - [2022-06-15 10:01:42,030] {dag.py:2379} INFO - Sync 1 DAGs
[2022-06-15 10:01:42,069] {logging_mixin.py:115} INFO - [2022-06-15 10:01:42,068] {dag.py:2931} INFO - Setting next_dagrun for user_table to None, run_after=None
[2022-06-15 10:01:42,085] {processor.py:161} INFO - Processing /opt/airflow/dags/user.py took 0.146 seconds
[2022-06-15 10:02:12,805] {processor.py:153} INFO - Started process (PID=33322) to work on /opt/airflow/dags/user.py
[2022-06-15 10:02:12,812] {processor.py:641} INFO - Processing file /opt/airflow/dags/user.py for tasks to queue
[2022-06-15 10:02:12,818] {logging_mixin.py:115} INFO - [2022-06-15 10:02:12,818] {dagbag.py:507} INFO - Filling up the DagBag from /opt/airflow/dags/user.py
[2022-06-15 10:02:12,936] {processor.py:651} INFO - DAG(s) dict_keys(['user_table']) retrieved from /opt/airflow/dags/user.py
[2022-06-15 10:02:13,133] {logging_mixin.py:115} INFO - [2022-06-15 10:02:13,125] {dag.py:2379} INFO - Sync 1 DAGs
[2022-06-15 10:02:13,285] {logging_mixin.py:115} INFO - [2022-06-15 10:02:13,284] {dag.py:2931} INFO - Setting next_dagrun for user_table to None, run_after=None
[2022-06-15 10:02:13,395] {processor.py:161} INFO - Processing /opt/airflow/dags/user.py took 0.618 seconds
[2022-06-15 10:02:43,563] {processor.py:153} INFO - Started process (PID=33380) to work on /opt/airflow/dags/user.py
[2022-06-15 10:02:43,566] {processor.py:641} INFO - Processing file /opt/airflow/dags/user.py for tasks to queue
[2022-06-15 10:02:43,568] {logging_mixin.py:115} INFO - [2022-06-15 10:02:43,568] {dagbag.py:507} INFO - Filling up the DagBag from /opt/airflow/dags/user.py
[2022-06-15 10:02:43,604] {processor.py:651} INFO - DAG(s) dict_keys(['user_table']) retrieved from /opt/airflow/dags/user.py
[2022-06-15 10:02:43,654] {logging_mixin.py:115} INFO - [2022-06-15 10:02:43,652] {dag.py:2379} INFO - Sync 1 DAGs
[2022-06-15 10:02:43,700] {logging_mixin.py:115} INFO - [2022-06-15 10:02:43,700] {dag.py:2931} INFO - Setting next_dagrun for user_table to None, run_after=None
[2022-06-15 10:02:43,733] {processor.py:161} INFO - Processing /opt/airflow/dags/user.py took 0.179 seconds
[2022-06-15 10:03:13,775] {processor.py:153} INFO - Started process (PID=33437) to work on /opt/airflow/dags/user.py
[2022-06-15 10:03:13,777] {processor.py:641} INFO - Processing file /opt/airflow/dags/user.py for tasks to queue
[2022-06-15 10:03:13,779] {logging_mixin.py:115} INFO - [2022-06-15 10:03:13,779] {dagbag.py:507} INFO - Filling up the DagBag from /opt/airflow/dags/user.py
[2022-06-15 10:03:13,805] {processor.py:651} INFO - DAG(s) dict_keys(['user_table']) retrieved from /opt/airflow/dags/user.py
[2022-06-15 10:03:13,849] {logging_mixin.py:115} INFO - [2022-06-15 10:03:13,847] {dag.py:2379} INFO - Sync 1 DAGs
[2022-06-15 10:03:13,879] {logging_mixin.py:115} INFO - [2022-06-15 10:03:13,879] {dag.py:2931} INFO - Setting next_dagrun for user_table to None, run_after=None
[2022-06-15 10:03:13,898] {processor.py:161} INFO - Processing /opt/airflow/dags/user.py took 0.127 seconds
[2022-06-15 10:03:44,019] {processor.py:153} INFO - Started process (PID=33494) to work on /opt/airflow/dags/user.py
[2022-06-15 10:03:44,022] {processor.py:641} INFO - Processing file /opt/airflow/dags/user.py for tasks to queue
[2022-06-15 10:03:44,025] {logging_mixin.py:115} INFO - [2022-06-15 10:03:44,025] {dagbag.py:507} INFO - Filling up the DagBag from /opt/airflow/dags/user.py
[2022-06-15 10:03:44,074] {processor.py:651} INFO - DAG(s) dict_keys(['user_table']) retrieved from /opt/airflow/dags/user.py
[2022-06-15 10:03:44,162] {logging_mixin.py:115} INFO - [2022-06-15 10:03:44,159] {dag.py:2379} INFO - Sync 1 DAGs
[2022-06-15 10:03:44,198] {logging_mixin.py:115} INFO - [2022-06-15 10:03:44,197] {dag.py:2931} INFO - Setting next_dagrun for user_table to None, run_after=None
[2022-06-15 10:03:44,217] {processor.py:161} INFO - Processing /opt/airflow/dags/user.py took 0.211 seconds
[2022-06-15 10:06:42,830] {processor.py:153} INFO - Started process (PID=33516) to work on /opt/airflow/dags/user.py
[2022-06-15 10:06:42,846] {processor.py:641} INFO - Processing file /opt/airflow/dags/user.py for tasks to queue
[2022-06-15 10:06:42,849] {logging_mixin.py:115} INFO - [2022-06-15 10:06:42,849] {dagbag.py:507} INFO - Filling up the DagBag from /opt/airflow/dags/user.py
[2022-06-15 10:06:43,011] {processor.py:651} INFO - DAG(s) dict_keys(['user_table']) retrieved from /opt/airflow/dags/user.py
[2022-06-15 10:06:43,426] {logging_mixin.py:115} INFO - [2022-06-15 10:06:43,419] {dag.py:2379} INFO - Sync 1 DAGs
[2022-06-15 10:06:43,626] {logging_mixin.py:115} INFO - [2022-06-15 10:06:43,625] {dag.py:2931} INFO - Setting next_dagrun for user_table to None, run_after=None
[2022-06-15 10:06:43,722] {processor.py:161} INFO - Processing /opt/airflow/dags/user.py took 0.928 seconds
[2022-06-15 10:29:27,389] {processor.py:153} INFO - Started process (PID=33573) to work on /opt/airflow/dags/user.py
[2022-06-15 10:29:27,404] {processor.py:641} INFO - Processing file /opt/airflow/dags/user.py for tasks to queue
[2022-06-15 10:29:27,411] {logging_mixin.py:115} INFO - [2022-06-15 10:29:27,411] {dagbag.py:507} INFO - Filling up the DagBag from /opt/airflow/dags/user.py
[2022-06-15 10:29:27,751] {processor.py:651} INFO - DAG(s) dict_keys(['user_table']) retrieved from /opt/airflow/dags/user.py
[2022-06-15 10:29:28,152] {logging_mixin.py:115} INFO - [2022-06-15 10:29:28,129] {dag.py:2379} INFO - Sync 1 DAGs
[2022-06-15 10:29:28,410] {logging_mixin.py:115} INFO - [2022-06-15 10:29:28,410] {dag.py:2931} INFO - Setting next_dagrun for user_table to None, run_after=None
[2022-06-15 10:29:28,457] {processor.py:161} INFO - Processing /opt/airflow/dags/user.py took 1.235 seconds
[2022-06-15 10:29:28,867] {processor.py:153} INFO - Started process (PID=33575) to work on /opt/airflow/dags/user.py
[2022-06-15 10:29:28,868] {processor.py:641} INFO - Processing file /opt/airflow/dags/user.py for tasks to queue
[2022-06-15 10:29:28,870] {logging_mixin.py:115} INFO - [2022-06-15 10:29:28,870] {dagbag.py:507} INFO - Filling up the DagBag from /opt/airflow/dags/user.py
[2022-06-15 10:29:29,160] {processor.py:651} INFO - DAG(s) dict_keys(['user_table']) retrieved from /opt/airflow/dags/user.py
[2022-06-15 10:29:29,436] {logging_mixin.py:115} INFO - [2022-06-15 10:29:29,420] {dag.py:2379} INFO - Sync 1 DAGs
[2022-06-15 10:29:29,688] {logging_mixin.py:115} INFO - [2022-06-15 10:29:29,688] {dag.py:2931} INFO - Setting next_dagrun for user_table to None, run_after=None
[2022-06-15 10:29:29,749] {processor.py:161} INFO - Processing /opt/airflow/dags/user.py took 0.887 seconds
[2022-06-15 10:30:00,016] {processor.py:153} INFO - Started process (PID=33633) to work on /opt/airflow/dags/user.py
[2022-06-15 10:30:00,062] {processor.py:641} INFO - Processing file /opt/airflow/dags/user.py for tasks to queue
[2022-06-15 10:30:00,073] {logging_mixin.py:115} INFO - [2022-06-15 10:30:00,072] {dagbag.py:507} INFO - Filling up the DagBag from /opt/airflow/dags/user.py
[2022-06-15 10:30:00,300] {processor.py:651} INFO - DAG(s) dict_keys(['user_table']) retrieved from /opt/airflow/dags/user.py
[2022-06-15 10:30:00,661] {logging_mixin.py:115} INFO - [2022-06-15 10:30:00,659] {dag.py:2379} INFO - Sync 1 DAGs
[2022-06-15 10:30:00,755] {logging_mixin.py:115} INFO - [2022-06-15 10:30:00,755] {dag.py:2931} INFO - Setting next_dagrun for user_table to None, run_after=None
[2022-06-15 10:30:00,821] {processor.py:161} INFO - Processing /opt/airflow/dags/user.py took 0.844 seconds
[2022-06-15 11:24:07,862] {processor.py:153} INFO - Started process (PID=33650) to work on /opt/airflow/dags/user.py
[2022-06-15 11:24:07,879] {processor.py:641} INFO - Processing file /opt/airflow/dags/user.py for tasks to queue
[2022-06-15 11:24:07,882] {logging_mixin.py:115} INFO - [2022-06-15 11:24:07,881] {dagbag.py:507} INFO - Filling up the DagBag from /opt/airflow/dags/user.py
[2022-06-15 11:24:08,133] {processor.py:651} INFO - DAG(s) dict_keys(['user_table']) retrieved from /opt/airflow/dags/user.py
[2022-06-15 11:24:08,367] {logging_mixin.py:115} INFO - [2022-06-15 11:24:08,354] {dag.py:2379} INFO - Sync 1 DAGs
[2022-06-15 11:24:08,649] {logging_mixin.py:115} INFO - [2022-06-15 11:24:08,648] {dag.py:2931} INFO - Setting next_dagrun for user_table to None, run_after=None
[2022-06-15 11:24:08,741] {processor.py:161} INFO - Processing /opt/airflow/dags/user.py took 0.941 seconds
[2022-06-15 13:24:32,730] {processor.py:153} INFO - Started process (PID=33705) to work on /opt/airflow/dags/user.py
[2022-06-15 13:24:32,819] {processor.py:641} INFO - Processing file /opt/airflow/dags/user.py for tasks to queue
[2022-06-15 13:24:32,867] {logging_mixin.py:115} INFO - [2022-06-15 13:24:32,867] {dagbag.py:507} INFO - Filling up the DagBag from /opt/airflow/dags/user.py
[2022-06-15 13:24:33,073] {processor.py:651} INFO - DAG(s) dict_keys(['user_table']) retrieved from /opt/airflow/dags/user.py
[2022-06-15 13:24:33,300] {logging_mixin.py:115} INFO - [2022-06-15 13:24:33,299] {dag.py:2379} INFO - Sync 1 DAGs
[2022-06-15 13:24:33,605] {logging_mixin.py:115} INFO - [2022-06-15 13:24:33,605] {dag.py:2931} INFO - Setting next_dagrun for user_table to None, run_after=None
[2022-06-15 13:24:33,726] {processor.py:161} INFO - Processing /opt/airflow/dags/user.py took 1.041 seconds
