[2022-06-20 06:37:37,197] {taskinstance.py:1159} INFO - Dependencies all met for <TaskInstance: dags_new_version.create_table manual__2022-06-20T06:37:35.018175+00:00 [queued]>
[2022-06-20 06:37:37,218] {taskinstance.py:1159} INFO - Dependencies all met for <TaskInstance: dags_new_version.create_table manual__2022-06-20T06:37:35.018175+00:00 [queued]>
[2022-06-20 06:37:37,219] {taskinstance.py:1356} INFO - 
--------------------------------------------------------------------------------
[2022-06-20 06:37:37,221] {taskinstance.py:1357} INFO - Starting attempt 1 of 2
[2022-06-20 06:37:37,222] {taskinstance.py:1358} INFO - 
--------------------------------------------------------------------------------
[2022-06-20 06:37:37,253] {taskinstance.py:1377} INFO - Executing <Task(PostgresOperator): create_table> on 2022-06-20 06:37:35.018175+00:00
[2022-06-20 06:37:37,262] {standard_task_runner.py:52} INFO - Started process 232 to run task
[2022-06-20 06:37:37,271] {standard_task_runner.py:79} INFO - Running: ['***', 'tasks', 'run', 'dags_new_version', 'create_table', 'manual__2022-06-20T06:37:35.018175+00:00', '--job-id', '176', '--raw', '--subdir', 'DAGS_FOLDER/user.py', '--cfg-path', '/tmp/tmpdpcpqog8', '--error-file', '/tmp/tmp8ag4_s4k']
[2022-06-20 06:37:37,274] {standard_task_runner.py:80} INFO - Job 176: Subtask create_table
[2022-06-20 06:37:37,374] {task_command.py:370} INFO - Running <TaskInstance: dags_new_version.create_table manual__2022-06-20T06:37:35.018175+00:00 [running]> on host ca3ce831c04f
[2022-06-20 06:37:37,496] {taskinstance.py:1571} INFO - Exporting the following env vars:
AIRFLOW_CTX_DAG_OWNER=***
AIRFLOW_CTX_DAG_ID=dags_new_version
AIRFLOW_CTX_TASK_ID=create_table
AIRFLOW_CTX_EXECUTION_DATE=2022-06-20T06:37:35.018175+00:00
AIRFLOW_CTX_TRY_NUMBER=1
AIRFLOW_CTX_DAG_RUN_ID=manual__2022-06-20T06:37:35.018175+00:00
[2022-06-20 06:37:37,511] {base.py:68} INFO - Using connection ID 'postgre_sql' for task execution.
[2022-06-20 06:37:37,527] {dbapi.py:213} INFO - Running statement: 
        DROP TABLE IF EXISTS z1_user;
        CREATE TABLE z1_user(
            user_id SERIAL PRIMARY KEY,
            firstname VARCHAR(255),
            lastname VARCHAR(255),
            country VARCHAR(255),
            username VARCHAR(255),
            password VARCHAR(255),
            email VARCHAR(255)
        )
        , parameters: None
[2022-06-20 06:37:37,564] {taskinstance.py:1400} INFO - Marking task as SUCCESS. dag_id=dags_new_version, task_id=create_table, execution_date=20220620T063735, start_date=20220620T063737, end_date=20220620T063737
[2022-06-20 06:37:37,606] {local_task_job.py:156} INFO - Task exited with return code 0
[2022-06-20 06:37:37,675] {local_task_job.py:273} INFO - 1 downstream tasks scheduled from follow-on schedule check
