[2022-06-17 08:50:32,803] {taskinstance.py:1159} INFO - Dependencies all met for <TaskInstance: dags_new_version.create_table manual__2022-06-17T08:50:26.748619+00:00 [queued]>
[2022-06-17 08:50:32,828] {taskinstance.py:1159} INFO - Dependencies all met for <TaskInstance: dags_new_version.create_table manual__2022-06-17T08:50:26.748619+00:00 [queued]>
[2022-06-17 08:50:32,829] {taskinstance.py:1356} INFO - 
--------------------------------------------------------------------------------
[2022-06-17 08:50:32,830] {taskinstance.py:1357} INFO - Starting attempt 1 of 2
[2022-06-17 08:50:32,832] {taskinstance.py:1358} INFO - 
--------------------------------------------------------------------------------
[2022-06-17 08:50:32,861] {taskinstance.py:1377} INFO - Executing <Task(PostgresOperator): create_table> on 2022-06-17 08:50:26.748619+00:00
[2022-06-17 08:50:32,877] {standard_task_runner.py:52} INFO - Started process 3317 to run task
[2022-06-17 08:50:32,888] {standard_task_runner.py:79} INFO - Running: ['***', 'tasks', 'run', 'dags_new_version', 'create_table', 'manual__2022-06-17T08:50:26.748619+00:00', '--job-id', '118', '--raw', '--subdir', 'DAGS_FOLDER/user.py', '--cfg-path', '/tmp/tmpaus7m3e0', '--error-file', '/tmp/tmptey6fbhy']
[2022-06-17 08:50:32,891] {standard_task_runner.py:80} INFO - Job 118: Subtask create_table
[2022-06-17 08:50:33,012] {task_command.py:370} INFO - Running <TaskInstance: dags_new_version.create_table manual__2022-06-17T08:50:26.748619+00:00 [running]> on host adccabfb4a32
[2022-06-17 08:50:34,170] {taskinstance.py:1571} INFO - Exporting the following env vars:
AIRFLOW_CTX_DAG_OWNER=***
AIRFLOW_CTX_DAG_ID=dags_new_version
AIRFLOW_CTX_TASK_ID=create_table
AIRFLOW_CTX_EXECUTION_DATE=2022-06-17T08:50:26.748619+00:00
AIRFLOW_CTX_TRY_NUMBER=1
AIRFLOW_CTX_DAG_RUN_ID=manual__2022-06-17T08:50:26.748619+00:00
[2022-06-17 08:50:34,757] {base.py:68} INFO - Using connection ID 'postgre_sql' for task execution.
[2022-06-17 08:50:34,823] {dbapi.py:213} INFO - Running statement: 
        DROP TABLE IF EXISTS z1_user;
        CREATE TABLE z1_user(
            user_id SERIAL PRIMARY KEY,
            name VARCHAR(255),
            phonenumber VARCHAR(255),
            email VARCHAR(255),
            address VARCHAR(255),
            work VARCHAR(255),
            other TEXT
        )
        , parameters: None
[2022-06-17 08:50:35,239] {taskinstance.py:1400} INFO - Marking task as SUCCESS. dag_id=dags_new_version, task_id=create_table, execution_date=20220617T085026, start_date=20220617T085032, end_date=20220617T085035
[2022-06-17 08:50:35,552] {local_task_job.py:156} INFO - Task exited with return code 0
[2022-06-17 08:50:36,386] {local_task_job.py:273} INFO - 1 downstream tasks scheduled from follow-on schedule check
