[2022-06-20 06:42:13,565] {taskinstance.py:1159} INFO - Dependencies all met for <TaskInstance: dags_new_version.extracting_user manual__2022-06-20T06:39:54.667958+00:00 [queued]>
[2022-06-20 06:42:13,584] {taskinstance.py:1159} INFO - Dependencies all met for <TaskInstance: dags_new_version.extracting_user manual__2022-06-20T06:39:54.667958+00:00 [queued]>
[2022-06-20 06:42:13,585] {taskinstance.py:1356} INFO - 
--------------------------------------------------------------------------------
[2022-06-20 06:42:13,586] {taskinstance.py:1357} INFO - Starting attempt 1 of 2
[2022-06-20 06:42:13,587] {taskinstance.py:1358} INFO - 
--------------------------------------------------------------------------------
[2022-06-20 06:42:13,619] {taskinstance.py:1377} INFO - Executing <Task(SimpleHttpOperator): extracting_user> on 2022-06-20 06:39:54.667958+00:00
[2022-06-20 06:42:13,627] {standard_task_runner.py:52} INFO - Started process 436 to run task
[2022-06-20 06:42:13,637] {standard_task_runner.py:79} INFO - Running: ['***', 'tasks', 'run', 'dags_new_version', 'extracting_user', 'manual__2022-06-20T06:39:54.667958+00:00', '--job-id', '192', '--raw', '--subdir', 'DAGS_FOLDER/user.py', '--cfg-path', '/tmp/tmppx_pi63m', '--error-file', '/tmp/tmpnqkmhhgp']
[2022-06-20 06:42:13,640] {standard_task_runner.py:80} INFO - Job 192: Subtask extracting_user
[2022-06-20 06:42:13,737] {task_command.py:370} INFO - Running <TaskInstance: dags_new_version.extracting_user manual__2022-06-20T06:39:54.667958+00:00 [running]> on host ca3ce831c04f
[2022-06-20 06:42:14,179] {taskinstance.py:1571} INFO - Exporting the following env vars:
AIRFLOW_CTX_DAG_OWNER=***
AIRFLOW_CTX_DAG_ID=dags_new_version
AIRFLOW_CTX_TASK_ID=extracting_user
AIRFLOW_CTX_EXECUTION_DATE=2022-06-20T06:39:54.667958+00:00
AIRFLOW_CTX_TRY_NUMBER=1
AIRFLOW_CTX_DAG_RUN_ID=manual__2022-06-20T06:39:54.667958+00:00
[2022-06-20 06:42:14,203] {http.py:102} INFO - Calling HTTP method
[2022-06-20 06:42:14,277] {base.py:68} INFO - Using connection ID 'user_api' for task execution.
[2022-06-20 06:42:14,291] {http.py:129} INFO - Sending 'GET' to url: https://randomuser.me/api/
[2022-06-20 06:42:15,064] {http.py:106} INFO - {"results":[{"gender":"female","name":{"title":"Mrs","first":"Madeleine","last":"Green"},"location":{"street":{"number":8630,"name":"Great King Street"},"city":"Wellington","state":"Canterbury","country":"New Zealand","postcode":94273,"coordinates":{"latitude":"63.6236","longitude":"71.7238"},"timezone":{"offset":"-3:30","description":"Newfoundland"}},"email":"madeleine.green@example.com","login":{"uuid":"9385d5e2-e8d3-4eb7-870c-fab30f449f44","username":"smallwolf704","password":"1103","salt":"F2o7SEpD","md5":"0c96fb872a0f6d6af1e65ad691851e73","sha1":"37eacc3462a901cb955f0b1cbfa49b51f105b8b3","sha256":"c02eba56e810c7bf25039709b843d937c9ba6f08aaf7f319ccf7fd7819b98395"},"dob":{"date":"1983-05-28T03:35:41.316Z","age":39},"registered":{"date":"2006-07-07T20:13:59.672Z","age":16},"phone":"(932)-692-2509","cell":"(930)-775-1877","id":{"name":"","value":null},"picture":{"large":"https://randomuser.me/api/portraits/women/5.jpg","medium":"https://randomuser.me/api/portraits/med/women/5.jpg","thumbnail":"https://randomuser.me/api/portraits/thumb/women/5.jpg"},"nat":"NZ"}],"info":{"seed":"80c2cc6b7097f336","results":1,"page":1,"version":"1.3"}}
[2022-06-20 06:42:15,196] {taskinstance.py:1400} INFO - Marking task as SUCCESS. dag_id=dags_new_version, task_id=extracting_user, execution_date=20220620T063954, start_date=20220620T064213, end_date=20220620T064215
[2022-06-20 06:42:15,339] {local_task_job.py:156} INFO - Task exited with return code 0
[2022-06-20 06:42:15,537] {local_task_job.py:273} INFO - 1 downstream tasks scheduled from follow-on schedule check
