[2022-06-21 06:38:47,612] {taskinstance.py:1159} INFO - Dependencies all met for <TaskInstance: dags_new_version.create_table manual__2022-06-21T06:36:28.677820+00:00 [queued]>
[2022-06-21 06:38:47,669] {taskinstance.py:1159} INFO - Dependencies all met for <TaskInstance: dags_new_version.create_table manual__2022-06-21T06:36:28.677820+00:00 [queued]>
[2022-06-21 06:38:47,671] {taskinstance.py:1356} INFO - 
--------------------------------------------------------------------------------
[2022-06-21 06:38:47,673] {taskinstance.py:1357} INFO - Starting attempt 2 of 2
[2022-06-21 06:38:47,678] {taskinstance.py:1358} INFO - 
--------------------------------------------------------------------------------
[2022-06-21 06:38:47,754] {taskinstance.py:1377} INFO - Executing <Task(PostgresOperator): create_table> on 2022-06-21 06:36:28.677820+00:00
[2022-06-21 06:38:47,778] {standard_task_runner.py:52} INFO - Started process 16858 to run task
[2022-06-21 06:38:47,785] {standard_task_runner.py:79} INFO - Running: ['***', 'tasks', 'run', 'dags_new_version', 'create_table', 'manual__2022-06-21T06:36:28.677820+00:00', '--job-id', '213', '--raw', '--subdir', 'DAGS_FOLDER/user.py', '--cfg-path', '/tmp/tmp4u_8zc5e', '--error-file', '/tmp/tmplp6wem2h']
[2022-06-21 06:38:47,801] {standard_task_runner.py:80} INFO - Job 213: Subtask create_table
[2022-06-21 06:38:48,155] {task_command.py:370} INFO - Running <TaskInstance: dags_new_version.create_table manual__2022-06-21T06:36:28.677820+00:00 [running]> on host ca3ce831c04f
[2022-06-21 06:38:48,490] {taskinstance.py:1571} INFO - Exporting the following env vars:
AIRFLOW_CTX_DAG_OWNER=***
AIRFLOW_CTX_DAG_ID=dags_new_version
AIRFLOW_CTX_TASK_ID=create_table
AIRFLOW_CTX_EXECUTION_DATE=2022-06-21T06:36:28.677820+00:00
AIRFLOW_CTX_TRY_NUMBER=2
AIRFLOW_CTX_DAG_RUN_ID=manual__2022-06-21T06:36:28.677820+00:00
[2022-06-21 06:38:48,566] {base.py:68} INFO - Using connection ID 'postgre_sql' for task execution.
[2022-06-21 06:38:48,609] {dbapi.py:213} INFO - Running statement: 
        DROP TABLE IF EXISTS z1_user;
        CREATE TABLE z1_user(
            user_id SERIAL PRIMARY KEY,
            firstname VARCHAR(255),
            lastname VARCHAR(255),
            country VARCHAR(255),
            username VARCHAR(255),
            password VARCHAR(255),
            email VARCHAR(255)
        )
        , parameters: None
[2022-06-21 06:38:48,700] {taskinstance.py:1400} INFO - Marking task as SUCCESS. dag_id=dags_new_version, task_id=create_table, execution_date=20220621T063628, start_date=20220621T063847, end_date=20220621T063848
[2022-06-21 06:38:48,821] {local_task_job.py:156} INFO - Task exited with return code 0
[2022-06-21 06:38:49,009] {local_task_job.py:273} INFO - 1 downstream tasks scheduled from follow-on schedule check
