[2022-06-17 09:42:20,380] {taskinstance.py:1159} INFO - Dependencies all met for <TaskInstance: dags_new_version.create_table manual__2022-06-17T09:42:18.403920+00:00 [queued]>
[2022-06-17 09:42:20,395] {taskinstance.py:1159} INFO - Dependencies all met for <TaskInstance: dags_new_version.create_table manual__2022-06-17T09:42:18.403920+00:00 [queued]>
[2022-06-17 09:42:20,396] {taskinstance.py:1356} INFO - 
--------------------------------------------------------------------------------
[2022-06-17 09:42:20,397] {taskinstance.py:1357} INFO - Starting attempt 1 of 2
[2022-06-17 09:42:20,399] {taskinstance.py:1358} INFO - 
--------------------------------------------------------------------------------
[2022-06-17 09:42:20,418] {taskinstance.py:1377} INFO - Executing <Task(PostgresOperator): create_table> on 2022-06-17 09:42:18.403920+00:00
[2022-06-17 09:42:20,425] {standard_task_runner.py:52} INFO - Started process 5297 to run task
[2022-06-17 09:42:20,432] {standard_task_runner.py:79} INFO - Running: ['***', 'tasks', 'run', 'dags_new_version', 'create_table', 'manual__2022-06-17T09:42:18.403920+00:00', '--job-id', '134', '--raw', '--subdir', 'DAGS_FOLDER/user.py', '--cfg-path', '/tmp/tmpx0x4h30g', '--error-file', '/tmp/tmpz2ny2iuy']
[2022-06-17 09:42:20,435] {standard_task_runner.py:80} INFO - Job 134: Subtask create_table
[2022-06-17 09:42:20,524] {task_command.py:370} INFO - Running <TaskInstance: dags_new_version.create_table manual__2022-06-17T09:42:18.403920+00:00 [running]> on host adccabfb4a32
[2022-06-17 09:42:20,644] {taskinstance.py:1571} INFO - Exporting the following env vars:
AIRFLOW_CTX_DAG_OWNER=***
AIRFLOW_CTX_DAG_ID=dags_new_version
AIRFLOW_CTX_TASK_ID=create_table
AIRFLOW_CTX_EXECUTION_DATE=2022-06-17T09:42:18.403920+00:00
AIRFLOW_CTX_TRY_NUMBER=1
AIRFLOW_CTX_DAG_RUN_ID=manual__2022-06-17T09:42:18.403920+00:00
[2022-06-17 09:42:20,676] {base.py:68} INFO - Using connection ID 'postgre_sql' for task execution.
[2022-06-17 09:42:20,743] {dbapi.py:213} INFO - Running statement: 
        DROP TABLE IF EXISTS z1_user;
        CREATE TABLE z1_user(
            user_id SERIAL PRIMARY KEY,
            firstname VARCHAR(255),
            lastname VARCHAR(255),
            country VARCHAR(255),
            username VARCHAR(255),
            password VARCHAR(255),
            email VARCHAR(255)
        )
        , parameters: None
[2022-06-17 09:42:20,918] {taskinstance.py:1400} INFO - Marking task as SUCCESS. dag_id=dags_new_version, task_id=create_table, execution_date=20220617T094218, start_date=20220617T094220, end_date=20220617T094220
[2022-06-17 09:42:21,026] {local_task_job.py:156} INFO - Task exited with return code 0
[2022-06-17 09:42:21,277] {local_task_job.py:273} INFO - 1 downstream tasks scheduled from follow-on schedule check
