[2022-06-17 09:29:00,467] {taskinstance.py:1159} INFO - Dependencies all met for <TaskInstance: dags_new_version.create_table manual__2022-06-17T09:28:58.145633+00:00 [queued]>
[2022-06-17 09:29:00,483] {taskinstance.py:1159} INFO - Dependencies all met for <TaskInstance: dags_new_version.create_table manual__2022-06-17T09:28:58.145633+00:00 [queued]>
[2022-06-17 09:29:00,484] {taskinstance.py:1356} INFO - 
--------------------------------------------------------------------------------
[2022-06-17 09:29:00,485] {taskinstance.py:1357} INFO - Starting attempt 1 of 2
[2022-06-17 09:29:00,486] {taskinstance.py:1358} INFO - 
--------------------------------------------------------------------------------
[2022-06-17 09:29:00,505] {taskinstance.py:1377} INFO - Executing <Task(PostgresOperator): create_table> on 2022-06-17 09:28:58.145633+00:00
[2022-06-17 09:29:00,513] {standard_task_runner.py:52} INFO - Started process 4747 to run task
[2022-06-17 09:29:00,523] {standard_task_runner.py:79} INFO - Running: ['***', 'tasks', 'run', 'dags_new_version', 'create_table', 'manual__2022-06-17T09:28:58.145633+00:00', '--job-id', '124', '--raw', '--subdir', 'DAGS_FOLDER/user.py', '--cfg-path', '/tmp/tmpwchgd9ys', '--error-file', '/tmp/tmpmt8px2iu']
[2022-06-17 09:29:00,525] {standard_task_runner.py:80} INFO - Job 124: Subtask create_table
[2022-06-17 09:29:00,617] {task_command.py:370} INFO - Running <TaskInstance: dags_new_version.create_table manual__2022-06-17T09:28:58.145633+00:00 [running]> on host adccabfb4a32
[2022-06-17 09:29:01,041] {taskinstance.py:1571} INFO - Exporting the following env vars:
AIRFLOW_CTX_DAG_OWNER=***
AIRFLOW_CTX_DAG_ID=dags_new_version
AIRFLOW_CTX_TASK_ID=create_table
AIRFLOW_CTX_EXECUTION_DATE=2022-06-17T09:28:58.145633+00:00
AIRFLOW_CTX_TRY_NUMBER=1
AIRFLOW_CTX_DAG_RUN_ID=manual__2022-06-17T09:28:58.145633+00:00
[2022-06-17 09:29:01,094] {base.py:68} INFO - Using connection ID 'postgre_sql' for task execution.
[2022-06-17 09:29:01,127] {dbapi.py:213} INFO - Running statement: 
        DROP TABLE IF EXISTS z1_user;
        CREATE TABLE z1_user(
            user_id SERIAL PRIMARY KEY,
            firstname VARCHAR(255),
            lastname VARCHAR(255),
            country VARCHAR(255),
            username VARCHAR(255),
            password VARCHAR(255),
            email VARCHAR(255)
        )
        , parameters: None
[2022-06-17 09:29:01,272] {taskinstance.py:1400} INFO - Marking task as SUCCESS. dag_id=dags_new_version, task_id=create_table, execution_date=20220617T092858, start_date=20220617T092900, end_date=20220617T092901
[2022-06-17 09:29:01,434] {local_task_job.py:156} INFO - Task exited with return code 0
[2022-06-17 09:29:01,852] {local_task_job.py:273} INFO - 1 downstream tasks scheduled from follow-on schedule check
