[2022-06-12 07:22:44,330] {taskinstance.py:1159} INFO - Dependencies all met for <TaskInstance: my_dag.training_model_A manual__2022-06-12T07:22:38.940831+00:00 [queued]>
[2022-06-12 07:22:44,604] {taskinstance.py:1159} INFO - Dependencies all met for <TaskInstance: my_dag.training_model_A manual__2022-06-12T07:22:38.940831+00:00 [queued]>
[2022-06-12 07:22:44,624] {taskinstance.py:1356} INFO - 
--------------------------------------------------------------------------------
[2022-06-12 07:22:44,637] {taskinstance.py:1357} INFO - Starting attempt 1 of 1
[2022-06-12 07:22:44,643] {taskinstance.py:1358} INFO - 
--------------------------------------------------------------------------------
[2022-06-12 07:22:44,745] {taskinstance.py:1377} INFO - Executing <Task(PythonOperator): training_model_A> on 2022-06-12 07:22:38.940831+00:00
[2022-06-12 07:22:44,767] {standard_task_runner.py:52} INFO - Started process 9153 to run task
[2022-06-12 07:22:44,884] {standard_task_runner.py:79} INFO - Running: ['***', 'tasks', 'run', 'my_dag', 'training_model_A', 'manual__2022-06-12T07:22:38.940831+00:00', '--job-id', '12', '--raw', '--subdir', 'DAGS_FOLDER/my_dags.py', '--cfg-path', '/tmp/tmpsc0exsfh', '--error-file', '/tmp/tmpd6sphsh3']
[2022-06-12 07:22:44,893] {standard_task_runner.py:80} INFO - Job 12: Subtask training_model_A
[2022-06-12 07:22:45,072] {task_command.py:370} INFO - Running <TaskInstance: my_dag.training_model_A manual__2022-06-12T07:22:38.940831+00:00 [running]> on host f95f507e9417
[2022-06-12 07:22:45,373] {taskinstance.py:1571} INFO - Exporting the following env vars:
AIRFLOW_CTX_DAG_OWNER=***
AIRFLOW_CTX_DAG_ID=my_dag
AIRFLOW_CTX_TASK_ID=training_model_A
AIRFLOW_CTX_EXECUTION_DATE=2022-06-12T07:22:38.940831+00:00
AIRFLOW_CTX_TRY_NUMBER=1
AIRFLOW_CTX_DAG_RUN_ID=manual__2022-06-12T07:22:38.940831+00:00
[2022-06-12 07:22:45,378] {python.py:173} INFO - Done. Returned value was: 7
[2022-06-12 07:22:45,577] {taskinstance.py:1400} INFO - Marking task as SUCCESS. dag_id=my_dag, task_id=training_model_A, execution_date=20220612T072238, start_date=20220612T072244, end_date=20220612T072245
[2022-06-12 07:22:45,775] {local_task_job.py:156} INFO - Task exited with return code 0
[2022-06-12 07:22:46,256] {local_task_job.py:273} INFO - 1 downstream tasks scheduled from follow-on schedule check
