[2022-06-12 09:59:56,156] {taskinstance.py:1159} INFO - Dependencies all met for <TaskInstance: my_dag.training_model_A manual__2022-06-12T09:59:50.466895+00:00 [queued]>
[2022-06-12 09:59:56,279] {taskinstance.py:1159} INFO - Dependencies all met for <TaskInstance: my_dag.training_model_A manual__2022-06-12T09:59:50.466895+00:00 [queued]>
[2022-06-12 09:59:56,289] {taskinstance.py:1356} INFO - 
--------------------------------------------------------------------------------
[2022-06-12 09:59:56,291] {taskinstance.py:1357} INFO - Starting attempt 1 of 1
[2022-06-12 09:59:56,292] {taskinstance.py:1358} INFO - 
--------------------------------------------------------------------------------
[2022-06-12 09:59:56,514] {taskinstance.py:1377} INFO - Executing <Task(PythonOperator): training_model_A> on 2022-06-12 09:59:50.466895+00:00
[2022-06-12 09:59:56,576] {standard_task_runner.py:52} INFO - Started process 10369 to run task
[2022-06-12 09:59:56,672] {standard_task_runner.py:79} INFO - Running: ['***', 'tasks', 'run', 'my_dag', 'training_model_A', 'manual__2022-06-12T09:59:50.466895+00:00', '--job-id', '16', '--raw', '--subdir', 'DAGS_FOLDER/my_dags.py', '--cfg-path', '/tmp/tmpgi54k5k2', '--error-file', '/tmp/tmpofakwv74']
[2022-06-12 09:59:56,687] {standard_task_runner.py:80} INFO - Job 16: Subtask training_model_A
[2022-06-12 09:59:58,437] {task_command.py:370} INFO - Running <TaskInstance: my_dag.training_model_A manual__2022-06-12T09:59:50.466895+00:00 [running]> on host f95f507e9417
[2022-06-12 09:59:59,439] {taskinstance.py:1571} INFO - Exporting the following env vars:
AIRFLOW_CTX_DAG_OWNER=***
AIRFLOW_CTX_DAG_ID=my_dag
AIRFLOW_CTX_TASK_ID=training_model_A
AIRFLOW_CTX_EXECUTION_DATE=2022-06-12T09:59:50.466895+00:00
AIRFLOW_CTX_TRY_NUMBER=1
AIRFLOW_CTX_DAG_RUN_ID=manual__2022-06-12T09:59:50.466895+00:00
[2022-06-12 09:59:59,444] {python.py:173} INFO - Done. Returned value was: 5
[2022-06-12 09:59:59,611] {taskinstance.py:1400} INFO - Marking task as SUCCESS. dag_id=my_dag, task_id=training_model_A, execution_date=20220612T095950, start_date=20220612T095956, end_date=20220612T095959
[2022-06-12 09:59:59,714] {local_task_job.py:156} INFO - Task exited with return code 0
[2022-06-12 09:59:59,937] {local_task_job.py:273} INFO - 0 downstream tasks scheduled from follow-on schedule check
