[2022-06-17 09:42:52,963] {taskinstance.py:1159} INFO - Dependencies all met for <TaskInstance: dags_new_version.processing_user manual__2022-06-17T09:42:18.403920+00:00 [queued]>
[2022-06-17 09:42:53,003] {taskinstance.py:1159} INFO - Dependencies all met for <TaskInstance: dags_new_version.processing_user manual__2022-06-17T09:42:18.403920+00:00 [queued]>
[2022-06-17 09:42:53,005] {taskinstance.py:1356} INFO - 
--------------------------------------------------------------------------------
[2022-06-17 09:42:53,007] {taskinstance.py:1357} INFO - Starting attempt 1 of 2
[2022-06-17 09:42:53,008] {taskinstance.py:1358} INFO - 
--------------------------------------------------------------------------------
[2022-06-17 09:42:53,062] {taskinstance.py:1377} INFO - Executing <Task(PythonOperator): processing_user> on 2022-06-17 09:42:18.403920+00:00
[2022-06-17 09:42:53,081] {standard_task_runner.py:52} INFO - Started process 5326 to run task
[2022-06-17 09:42:53,111] {standard_task_runner.py:79} INFO - Running: ['***', 'tasks', 'run', 'dags_new_version', 'processing_user', 'manual__2022-06-17T09:42:18.403920+00:00', '--job-id', '138', '--raw', '--subdir', 'DAGS_FOLDER/user.py', '--cfg-path', '/tmp/tmp5xndrx9b', '--error-file', '/tmp/tmpq6ylaxxv']
[2022-06-17 09:42:53,115] {standard_task_runner.py:80} INFO - Job 138: Subtask processing_user
[2022-06-17 09:42:53,243] {task_command.py:370} INFO - Running <TaskInstance: dags_new_version.processing_user manual__2022-06-17T09:42:18.403920+00:00 [running]> on host adccabfb4a32
[2022-06-17 09:42:53,622] {taskinstance.py:1571} INFO - Exporting the following env vars:
AIRFLOW_CTX_DAG_OWNER=***
AIRFLOW_CTX_DAG_ID=dags_new_version
AIRFLOW_CTX_TASK_ID=processing_user
AIRFLOW_CTX_EXECUTION_DATE=2022-06-17T09:42:18.403920+00:00
AIRFLOW_CTX_TRY_NUMBER=1
AIRFLOW_CTX_DAG_RUN_ID=manual__2022-06-17T09:42:18.403920+00:00
[2022-06-17 09:42:53,629] {taskinstance.py:1889} ERROR - Task failed with exception
Traceback (most recent call last):
  File "/home/airflow/.local/lib/python3.7/site-packages/airflow/operators/python.py", line 171, in execute
    return_value = self.execute_callable()
  File "/home/airflow/.local/lib/python3.7/site-packages/airflow/operators/python.py", line 189, in execute_callable
    return self.python_callable(*self.op_args, **self.op_kwargs)
  File "/opt/airflow/dags/user.py", line 18, in _processing_user
    users = ti.xcom_pull(task_id = ['extracting_user'])
  File "/home/airflow/.local/lib/python3.7/site-packages/airflow/utils/session.py", line 71, in wrapper
    return func(*args, session=session, **kwargs)
TypeError: xcom_pull() got an unexpected keyword argument 'task_id'
[2022-06-17 09:42:53,747] {taskinstance.py:1400} INFO - Marking task as UP_FOR_RETRY. dag_id=dags_new_version, task_id=processing_user, execution_date=20220617T094218, start_date=20220617T094252, end_date=20220617T094253
[2022-06-17 09:42:53,878] {standard_task_runner.py:97} ERROR - Failed to execute job 138 for task processing_user (xcom_pull() got an unexpected keyword argument 'task_id'; 5326)
[2022-06-17 09:42:54,095] {local_task_job.py:156} INFO - Task exited with return code 1
[2022-06-17 09:42:54,710] {local_task_job.py:273} INFO - 0 downstream tasks scheduled from follow-on schedule check
