[2022-06-17 08:23:31,155] {taskinstance.py:1159} INFO - Dependencies all met for <TaskInstance: dags_new_version.create_table scheduled__2022-04-04T00:00:00+00:00 [queued]>
[2022-06-17 08:23:31,801] {taskinstance.py:1159} INFO - Dependencies all met for <TaskInstance: dags_new_version.create_table scheduled__2022-04-04T00:00:00+00:00 [queued]>
[2022-06-17 08:23:31,851] {taskinstance.py:1356} INFO - 
--------------------------------------------------------------------------------
[2022-06-17 08:23:31,889] {taskinstance.py:1357} INFO - Starting attempt 1 of 2
[2022-06-17 08:23:31,896] {taskinstance.py:1358} INFO - 
--------------------------------------------------------------------------------
[2022-06-17 08:23:34,017] {taskinstance.py:1377} INFO - Executing <Task(PostgresOperator): create_table> on 2022-04-04 00:00:00+00:00
[2022-06-17 08:23:34,150] {standard_task_runner.py:52} INFO - Started process 2249 to run task
[2022-06-17 08:23:34,722] {standard_task_runner.py:79} INFO - Running: ['***', 'tasks', 'run', 'dags_new_version', 'create_table', 'scheduled__2022-04-04T00:00:00+00:00', '--job-id', '103', '--raw', '--subdir', 'DAGS_FOLDER/user.py', '--cfg-path', '/tmp/tmp16mitf9k', '--error-file', '/tmp/tmpdg_n5n0m']
[2022-06-17 08:23:35,107] {standard_task_runner.py:80} INFO - Job 103: Subtask create_table
[2022-06-17 08:23:41,973] {task_command.py:370} INFO - Running <TaskInstance: dags_new_version.create_table scheduled__2022-04-04T00:00:00+00:00 [running]> on host adccabfb4a32
[2022-06-17 08:23:44,649] {taskinstance.py:1571} INFO - Exporting the following env vars:
AIRFLOW_CTX_DAG_OWNER=***
AIRFLOW_CTX_DAG_ID=dags_new_version
AIRFLOW_CTX_TASK_ID=create_table
AIRFLOW_CTX_EXECUTION_DATE=2022-04-04T00:00:00+00:00
AIRFLOW_CTX_TRY_NUMBER=1
AIRFLOW_CTX_DAG_RUN_ID=scheduled__2022-04-04T00:00:00+00:00
[2022-06-17 08:23:44,776] {base.py:68} INFO - Using connection ID 'postgre_sql' for task execution.
[2022-06-17 08:24:59,825] {taskinstance.py:1889} ERROR - Task failed with exception
Traceback (most recent call last):
  File "/home/airflow/.local/lib/python3.7/site-packages/airflow/providers/postgres/operators/postgres.py", line 92, in execute
    self.hook.run(self.sql, self.autocommit, parameters=self.parameters)
  File "/home/airflow/.local/lib/python3.7/site-packages/airflow/hooks/dbapi.py", line 186, in run
    with closing(self.get_conn()) as conn:
  File "/home/airflow/.local/lib/python3.7/site-packages/airflow/providers/postgres/hooks/postgres.py", line 113, in get_conn
    self.conn = psycopg2.connect(**conn_args)
  File "/home/airflow/.local/lib/python3.7/site-packages/psycopg2/__init__.py", line 122, in connect
    conn = _connect(dsn, connection_factory=connection_factory, **kwasync)
psycopg2.OperationalError: connection to server at "192.168.22.37", port 5432 failed: Connection refused
	Is the server running on that host and accepting TCP/IP connections?

[2022-06-17 08:24:59,895] {taskinstance.py:1400} INFO - Marking task as UP_FOR_RETRY. dag_id=dags_new_version, task_id=create_table, execution_date=20220404T000000, start_date=20220617T082331, end_date=20220617T082459
[2022-06-17 08:24:59,937] {standard_task_runner.py:97} ERROR - Failed to execute job 103 for task create_table (connection to server at "192.168.22.37", port 5432 failed: Connection refused
	Is the server running on that host and accepting TCP/IP connections?
; 2249)
[2022-06-17 08:25:00,007] {local_task_job.py:156} INFO - Task exited with return code 1
[2022-06-17 08:25:00,130] {local_task_job.py:273} INFO - 0 downstream tasks scheduled from follow-on schedule check
