[2022-06-20 07:11:24,000] {taskinstance.py:1159} INFO - Dependencies all met for <TaskInstance: dags_new_version.extracting_user manual__2022-06-20T07:11:13.890776+00:00 [queued]>
[2022-06-20 07:11:24,076] {taskinstance.py:1159} INFO - Dependencies all met for <TaskInstance: dags_new_version.extracting_user manual__2022-06-20T07:11:13.890776+00:00 [queued]>
[2022-06-20 07:11:24,082] {taskinstance.py:1356} INFO - 
--------------------------------------------------------------------------------
[2022-06-20 07:11:24,089] {taskinstance.py:1357} INFO - Starting attempt 1 of 2
[2022-06-20 07:11:24,093] {taskinstance.py:1358} INFO - 
--------------------------------------------------------------------------------
[2022-06-20 07:11:24,147] {taskinstance.py:1377} INFO - Executing <Task(SimpleHttpOperator): extracting_user> on 2022-06-20 07:11:13.890776+00:00
[2022-06-20 07:11:24,172] {standard_task_runner.py:52} INFO - Started process 1648 to run task
[2022-06-20 07:11:24,212] {standard_task_runner.py:79} INFO - Running: ['***', 'tasks', 'run', 'dags_new_version', 'extracting_user', 'manual__2022-06-20T07:11:13.890776+00:00', '--job-id', '203', '--raw', '--subdir', 'DAGS_FOLDER/user.py', '--cfg-path', '/tmp/tmpwbwarvk0', '--error-file', '/tmp/tmp2kb4rdxo']
[2022-06-20 07:11:24,289] {standard_task_runner.py:80} INFO - Job 203: Subtask extracting_user
[2022-06-20 07:11:24,510] {task_command.py:370} INFO - Running <TaskInstance: dags_new_version.extracting_user manual__2022-06-20T07:11:13.890776+00:00 [running]> on host ca3ce831c04f
[2022-06-20 07:11:24,794] {taskinstance.py:1571} INFO - Exporting the following env vars:
AIRFLOW_CTX_DAG_OWNER=***
AIRFLOW_CTX_DAG_ID=dags_new_version
AIRFLOW_CTX_TASK_ID=extracting_user
AIRFLOW_CTX_EXECUTION_DATE=2022-06-20T07:11:13.890776+00:00
AIRFLOW_CTX_TRY_NUMBER=1
AIRFLOW_CTX_DAG_RUN_ID=manual__2022-06-20T07:11:13.890776+00:00
[2022-06-20 07:11:24,801] {http.py:102} INFO - Calling HTTP method
[2022-06-20 07:11:24,873] {base.py:68} INFO - Using connection ID 'user_api' for task execution.
[2022-06-20 07:11:24,890] {http.py:129} INFO - Sending 'GET' to url: https://randomuser.me/api/
[2022-06-20 07:11:25,499] {http.py:106} INFO - {"results":[{"gender":"male","name":{"title":"Mr","first":"محمد","last":"سلطانی نژاد"},"location":{"street":{"number":601,"name":"سمیه"},"city":"سیرجان","state":"گلستان","country":"Iran","postcode":51146,"coordinates":{"latitude":"29.4105","longitude":"-38.1646"},"timezone":{"offset":"+5:45","description":"Kathmandu"}},"email":"mhmd.sltnynjd@example.com","login":{"uuid":"b5c059e7-74b4-4a9c-8611-5cf58717a614","username":"beautifulbird400","password":"gremlin","salt":"DpSpOLUX","md5":"aa873d0d2d96c1c27e287d4f3d0ef006","sha1":"b3840cfbc5985ba06f7a7e39baa86a82d4908d93","sha256":"2d4bdf2857e51cfd7c99ff3a76ad6b56e95f1c9a2698dd751df596a07ffb82ba"},"dob":{"date":"1986-12-09T02:18:55.542Z","age":36},"registered":{"date":"2019-08-01T17:22:24.511Z","age":3},"phone":"054-14641293","cell":"0963-586-9155","id":{"name":"","value":null},"picture":{"large":"https://randomuser.me/api/portraits/men/37.jpg","medium":"https://randomuser.me/api/portraits/med/men/37.jpg","thumbnail":"https://randomuser.me/api/portraits/thumb/men/37.jpg"},"nat":"IR"}],"info":{"seed":"10b98005b64d7487","results":1,"page":1,"version":"1.3"}}
[2022-06-20 07:11:26,251] {taskinstance.py:1400} INFO - Marking task as SUCCESS. dag_id=dags_new_version, task_id=extracting_user, execution_date=20220620T071113, start_date=20220620T071124, end_date=20220620T071126
[2022-06-20 07:11:26,736] {local_task_job.py:156} INFO - Task exited with return code 0
[2022-06-20 07:11:26,879] {local_task_job.py:273} INFO - 1 downstream tasks scheduled from follow-on schedule check
