[2022-06-17 09:54:15,510] {taskinstance.py:1159} INFO - Dependencies all met for <TaskInstance: dags_new_version.processing_user manual__2022-06-17T09:28:58.145633+00:00 [queued]>
[2022-06-17 09:54:15,527] {taskinstance.py:1159} INFO - Dependencies all met for <TaskInstance: dags_new_version.processing_user manual__2022-06-17T09:28:58.145633+00:00 [queued]>
[2022-06-17 09:54:15,529] {taskinstance.py:1356} INFO - 
--------------------------------------------------------------------------------
[2022-06-17 09:54:15,532] {taskinstance.py:1357} INFO - Starting attempt 4 of 5
[2022-06-17 09:54:15,537] {taskinstance.py:1358} INFO - 
--------------------------------------------------------------------------------
[2022-06-17 09:54:15,589] {taskinstance.py:1377} INFO - Executing <Task(PythonOperator): processing_user> on 2022-06-17 09:28:58.145633+00:00
[2022-06-17 09:54:15,604] {standard_task_runner.py:52} INFO - Started process 5757 to run task
[2022-06-17 09:54:15,618] {standard_task_runner.py:79} INFO - Running: ['***', 'tasks', 'run', 'dags_new_version', 'processing_user', 'manual__2022-06-17T09:28:58.145633+00:00', '--job-id', '141', '--raw', '--subdir', 'DAGS_FOLDER/user.py', '--cfg-path', '/tmp/tmpzc83075r', '--error-file', '/tmp/tmpdlz3v2ty']
[2022-06-17 09:54:15,620] {standard_task_runner.py:80} INFO - Job 141: Subtask processing_user
[2022-06-17 09:54:15,754] {task_command.py:370} INFO - Running <TaskInstance: dags_new_version.processing_user manual__2022-06-17T09:28:58.145633+00:00 [running]> on host adccabfb4a32
[2022-06-17 09:54:15,972] {taskinstance.py:1571} INFO - Exporting the following env vars:
AIRFLOW_CTX_DAG_OWNER=***
AIRFLOW_CTX_DAG_ID=dags_new_version
AIRFLOW_CTX_TASK_ID=processing_user
AIRFLOW_CTX_EXECUTION_DATE=2022-06-17T09:28:58.145633+00:00
AIRFLOW_CTX_TRY_NUMBER=4
AIRFLOW_CTX_DAG_RUN_ID=manual__2022-06-17T09:28:58.145633+00:00
[2022-06-17 09:54:16,013] {taskinstance.py:1889} ERROR - Task failed with exception
Traceback (most recent call last):
  File "/home/airflow/.local/lib/python3.7/site-packages/airflow/operators/python.py", line 171, in execute
    return_value = self.execute_callable()
  File "/home/airflow/.local/lib/python3.7/site-packages/airflow/operators/python.py", line 189, in execute_callable
    return self.python_callable(*self.op_args, **self.op_kwargs)
  File "/opt/airflow/dags/user.py", line 20, in _processing_user
    raise ValueError('User is empty..')
ValueError: User is empty..
[2022-06-17 09:54:16,047] {taskinstance.py:1400} INFO - Marking task as UP_FOR_RETRY. dag_id=dags_new_version, task_id=processing_user, execution_date=20220617T092858, start_date=20220617T095415, end_date=20220617T095416
[2022-06-17 09:54:16,072] {standard_task_runner.py:97} ERROR - Failed to execute job 141 for task processing_user (User is empty..; 5757)
[2022-06-17 09:54:16,120] {local_task_job.py:156} INFO - Task exited with return code 1
[2022-06-17 09:54:16,194] {local_task_job.py:273} INFO - 0 downstream tasks scheduled from follow-on schedule check
