[2022-06-15 03:31:20,651] {taskinstance.py:1159} INFO - Dependencies all met for <TaskInstance: table_postgres.create_postgres_table manual__2022-06-15T03:31:14.631596+00:00 [queued]>
[2022-06-15 03:31:20,667] {taskinstance.py:1159} INFO - Dependencies all met for <TaskInstance: table_postgres.create_postgres_table manual__2022-06-15T03:31:14.631596+00:00 [queued]>
[2022-06-15 03:31:20,668] {taskinstance.py:1356} INFO - 
--------------------------------------------------------------------------------
[2022-06-15 03:31:20,669] {taskinstance.py:1357} INFO - Starting attempt 1 of 2
[2022-06-15 03:31:20,670] {taskinstance.py:1358} INFO - 
--------------------------------------------------------------------------------
[2022-06-15 03:31:20,695] {taskinstance.py:1377} INFO - Executing <Task(PostgresOperator): create_postgres_table> on 2022-06-15 03:31:14.631596+00:00
[2022-06-15 03:31:20,710] {standard_task_runner.py:52} INFO - Started process 979 to run task
[2022-06-15 03:31:20,728] {standard_task_runner.py:79} INFO - Running: ['***', 'tasks', 'run', 'table_postgres', 'create_postgres_table', 'manual__2022-06-15T03:31:14.631596+00:00', '--job-id', '74', '--raw', '--subdir', 'DAGS_FOLDER/create_user.py', '--cfg-path', '/tmp/tmpjhed5m31', '--error-file', '/tmp/tmpqhdqi5xm']
[2022-06-15 03:31:20,734] {standard_task_runner.py:80} INFO - Job 74: Subtask create_postgres_table
[2022-06-15 03:31:20,853] {task_command.py:370} INFO - Running <TaskInstance: table_postgres.create_postgres_table manual__2022-06-15T03:31:14.631596+00:00 [running]> on host cfddca254c64
[2022-06-15 03:31:21,220] {taskinstance.py:1571} INFO - Exporting the following env vars:
AIRFLOW_CTX_DAG_OWNER=***
AIRFLOW_CTX_DAG_ID=table_postgres
AIRFLOW_CTX_TASK_ID=create_postgres_table
AIRFLOW_CTX_EXECUTION_DATE=2022-06-15T03:31:14.631596+00:00
AIRFLOW_CTX_TRY_NUMBER=1
AIRFLOW_CTX_DAG_RUN_ID=manual__2022-06-15T03:31:14.631596+00:00
[2022-06-15 03:31:21,297] {base.py:68} INFO - Using connection ID 'postgre_sql' for task execution.
[2022-06-15 03:31:21,374] {dbapi.py:213} INFO - Running statement:  
        DROP TABLE IF EXISTS new_scrapping;
        CREATE TABLE new_scrapping(
            db_id SERIAL PRIMARY KEY,
            Property_ID VARCHAR(255),
            Original_ID VARCHAR(255),
            Record_Type VARCHAR(255),
            Property_Type VARCHAR(255),
            Site_Improvement VARCHAR(255),
            Agricultural_Type VARCHAR(255),
            Current_Use VARCHAR(255),
            Purpose VARCHAR(255),
            Latitude DECIMAL(12,9),
            Longitude DECIMAL(12,9),
            Geolocation_Link TEXT,
            Provice_City VARCHAR(255),
            District_Khan VARCHAR(255),
            Commune_Sangkat VARCHAR(255),
            Village_Phum VARCHAR(255),
            Street_No_Name VARCHAR(255),
            House_No VARCHAR(255),
            Title_Address TEXT,
            Neighbor_Location VARCHAR(255),
            Access_Road VARCHAR(255),
            Land_Width DECIMAL(12,2),
            Land_Length DECIMAL(12,2),
            Land_Area_By_Title_Deed DECIMAL(12,2),
            Topography VARCHAR(255),
            Shape VARCHAR(255),
            Site_Position VARCHAR(255),
            Building_Type VARCHAR(255),
            Unit_Type VARCHAR(255),
            Building_Name VARCHAR(255),
            Project_Name VARCHAR(255),
            Width DECIMAL(12,2),
            Length DECIMAL(12,2),
            No_of_Storey INT,
            Floor_Number INT,
            Total_Bedroom INT,
            Total_Other_Room INT,
            Total_Bathroom INT,
            Total_Living_Room INT,
            Total_Kitchen INT,
            Total_Dinning_Room INT,
            Garage_Capacity_front_house INT,
            Swimming_Pool DECIMAL(5,2),
            Gross_Floor_Area_GFA DECIMAL(12,2),
            Net_Floor_Area_NFA DECIMAL(12,2),
            View_ VARCHAR(255),
            Orientation VARCHAR(255),
            Year_Started_Construction INT,
            Year_Finished_Construction INT,
            Physical_Condition VARCHAR(255),
            Furnishing VARCHAR(255),
            Pet_Friendly VARCHAR(255),
            Maintenance_Fee DECIMAL(12,2),
            Guaranteed_Rental_Return DECIMAL(5,2),
            Expected_Rental_Return DECIMAL(5,2),
            Downpayment_Ratio DECIMAL(5,2),
            Occupancy_Rate DECIMAL(5,2),
            Lease_Term_Month VARCHAR(255),
            Management_Fee DECIMAL(5,2),
            Pct_Of_Construction DECIMAL(5,2),
            Photo_Inside TEXT,
            Photo_Left_Side TEXT,
            Photo_Right_Side TEXT,
            Photo_Opposite TEXT,
            Gallery TEXT,
            Title_Deed_Type VARCHAR(255),
            Title_Deed_No VARCHAR(255),
            Issued_Year INT,
            Parcel_No VARCHAR(255),
            Total_Size_By_Title_Deed DECIMAL(12,2),
            Title_Deed_Cover_Photo TEXT,
            Title_Deed_Back_Side_Photo TEXT,
            Title_Deed_Other_Photo TEXT,
            Stamp_Date DATE,
            Additional_Information TEXT,
            Property_Owner VARCHAR(255),
            Contact_Owner VARCHAR(255),
            Email VARCHAR(255),
            Wechat VARCHAR(255),
            Price_Status VARCHAR(255),
            Total DECIMAL(12,2),
            Rent DECIMAL(12,2),
            Per_sqm DECIMAL(12,2),
            Sold_Rate DECIMAL(5,2),
            Price_increase DECIMAL(5,2),
            Tran_Date DATE,
            Source_ VARCHAR(255),
            Last_Sync_Modify DATE,
            Updated_Sync_Modify DATE,
            Title TEXT,
            Link_Website TEXT
        )
    , parameters: None
[2022-06-15 03:31:21,886] {postgres.py:94} INFO - NOTICE:  table "new_scrapping" does not exist, skipping

[2022-06-15 03:31:21,958] {taskinstance.py:1400} INFO - Marking task as SUCCESS. dag_id=table_postgres, task_id=create_postgres_table, execution_date=20220615T033114, start_date=20220615T033120, end_date=20220615T033121
[2022-06-15 03:31:22,328] {local_task_job.py:156} INFO - Task exited with return code 0
[2022-06-15 03:31:22,463] {local_task_job.py:273} INFO - 0 downstream tasks scheduled from follow-on schedule check
