[2022-06-14 07:50:36,166] {taskinstance.py:1159} INFO - Dependencies all met for <TaskInstance: table_postgres.create_postgres_table manual__2022-06-14T07:48:19.044665+00:00 [queued]>
[2022-06-14 07:50:36,184] {taskinstance.py:1159} INFO - Dependencies all met for <TaskInstance: table_postgres.create_postgres_table manual__2022-06-14T07:48:19.044665+00:00 [queued]>
[2022-06-14 07:50:36,185] {taskinstance.py:1356} INFO - 
--------------------------------------------------------------------------------
[2022-06-14 07:50:36,186] {taskinstance.py:1357} INFO - Starting attempt 2 of 2
[2022-06-14 07:50:36,188] {taskinstance.py:1358} INFO - 
--------------------------------------------------------------------------------
[2022-06-14 07:50:36,215] {taskinstance.py:1377} INFO - Executing <Task(PostgresOperator): create_postgres_table> on 2022-06-14 07:48:19.044665+00:00
[2022-06-14 07:50:36,226] {standard_task_runner.py:52} INFO - Started process 1525 to run task
[2022-06-14 07:50:36,234] {standard_task_runner.py:79} INFO - Running: ['***', 'tasks', 'run', 'table_postgres', 'create_postgres_table', 'manual__2022-06-14T07:48:19.044665+00:00', '--job-id', '35', '--raw', '--subdir', 'DAGS_FOLDER/create_user.py', '--cfg-path', '/tmp/tmp4t6tgnh3', '--error-file', '/tmp/tmpgwdtmj7o']
[2022-06-14 07:50:36,237] {standard_task_runner.py:80} INFO - Job 35: Subtask create_postgres_table
[2022-06-14 07:50:36,344] {task_command.py:370} INFO - Running <TaskInstance: table_postgres.create_postgres_table manual__2022-06-14T07:48:19.044665+00:00 [running]> on host 38a912dff3f2
[2022-06-14 07:50:36,491] {taskinstance.py:1571} INFO - Exporting the following env vars:
AIRFLOW_CTX_DAG_OWNER=***
AIRFLOW_CTX_DAG_ID=table_postgres
AIRFLOW_CTX_TASK_ID=create_postgres_table
AIRFLOW_CTX_EXECUTION_DATE=2022-06-14T07:48:19.044665+00:00
AIRFLOW_CTX_TRY_NUMBER=2
AIRFLOW_CTX_DAG_RUN_ID=manual__2022-06-14T07:48:19.044665+00:00
[2022-06-14 07:50:36,526] {base.py:68} INFO - Using connection ID 'postgre_sql' for task execution.
[2022-06-14 07:50:46,543] {taskinstance.py:1889} ERROR - Task failed with exception
Traceback (most recent call last):
  File "/home/airflow/.local/lib/python3.7/site-packages/airflow/providers/postgres/operators/postgres.py", line 92, in execute
    self.hook.run(self.sql, self.autocommit, parameters=self.parameters)
  File "/home/airflow/.local/lib/python3.7/site-packages/airflow/hooks/dbapi.py", line 186, in run
    with closing(self.get_conn()) as conn:
  File "/home/airflow/.local/lib/python3.7/site-packages/airflow/providers/postgres/hooks/postgres.py", line 113, in get_conn
    self.conn = psycopg2.connect(**conn_args)
  File "/home/airflow/.local/lib/python3.7/site-packages/psycopg2/__init__.py", line 122, in connect
    conn = _connect(dsn, connection_factory=connection_factory, **kwasync)
psycopg2.OperationalError: could not translate host name "host.docker.local" to address: Temporary failure in name resolution

[2022-06-14 07:50:46,567] {taskinstance.py:1400} INFO - Marking task as FAILED. dag_id=table_postgres, task_id=create_postgres_table, execution_date=20220614T074819, start_date=20220614T075036, end_date=20220614T075046
[2022-06-14 07:50:46,590] {standard_task_runner.py:97} ERROR - Failed to execute job 35 for task create_postgres_table (could not translate host name "host.docker.local" to address: Temporary failure in name resolution
; 1525)
[2022-06-14 07:50:46,632] {local_task_job.py:156} INFO - Task exited with return code 1
[2022-06-14 07:50:46,780] {local_task_job.py:273} INFO - 0 downstream tasks scheduled from follow-on schedule check
