[2022-06-20 06:42:17,939] {taskinstance.py:1159} INFO - Dependencies all met for <TaskInstance: dags_new_version.processing_user manual__2022-06-20T06:39:54.667958+00:00 [queued]>
[2022-06-20 06:42:17,972] {taskinstance.py:1159} INFO - Dependencies all met for <TaskInstance: dags_new_version.processing_user manual__2022-06-20T06:39:54.667958+00:00 [queued]>
[2022-06-20 06:42:17,973] {taskinstance.py:1356} INFO - 
--------------------------------------------------------------------------------
[2022-06-20 06:42:17,975] {taskinstance.py:1357} INFO - Starting attempt 1 of 2
[2022-06-20 06:42:17,977] {taskinstance.py:1358} INFO - 
--------------------------------------------------------------------------------
[2022-06-20 06:42:18,028] {taskinstance.py:1377} INFO - Executing <Task(PythonOperator): processing_user> on 2022-06-20 06:39:54.667958+00:00
[2022-06-20 06:42:18,048] {standard_task_runner.py:52} INFO - Started process 442 to run task
[2022-06-20 06:42:18,054] {standard_task_runner.py:79} INFO - Running: ['***', 'tasks', 'run', 'dags_new_version', 'processing_user', 'manual__2022-06-20T06:39:54.667958+00:00', '--job-id', '194', '--raw', '--subdir', 'DAGS_FOLDER/user.py', '--cfg-path', '/tmp/tmpfvkyy5h4', '--error-file', '/tmp/tmpzywbmhuq']
[2022-06-20 06:42:18,066] {standard_task_runner.py:80} INFO - Job 194: Subtask processing_user
[2022-06-20 06:42:18,667] {task_command.py:370} INFO - Running <TaskInstance: dags_new_version.processing_user manual__2022-06-20T06:39:54.667958+00:00 [running]> on host ca3ce831c04f
[2022-06-20 06:42:19,079] {taskinstance.py:1571} INFO - Exporting the following env vars:
AIRFLOW_CTX_DAG_OWNER=***
AIRFLOW_CTX_DAG_ID=dags_new_version
AIRFLOW_CTX_TASK_ID=processing_user
AIRFLOW_CTX_EXECUTION_DATE=2022-06-20T06:39:54.667958+00:00
AIRFLOW_CTX_TRY_NUMBER=1
AIRFLOW_CTX_DAG_RUN_ID=manual__2022-06-20T06:39:54.667958+00:00
[2022-06-20 06:42:19,230] {python.py:173} INFO - Done. Returned value was: None
[2022-06-20 06:42:19,365] {taskinstance.py:1400} INFO - Marking task as SUCCESS. dag_id=dags_new_version, task_id=processing_user, execution_date=20220620T063954, start_date=20220620T064217, end_date=20220620T064219
[2022-06-20 06:42:19,536] {local_task_job.py:156} INFO - Task exited with return code 0
[2022-06-20 06:42:19,643] {local_task_job.py:273} INFO - 0 downstream tasks scheduled from follow-on schedule check
